[0.708s] Invoking command in '/home/anavale/ros2_ws/src/odometry': PYTHONPATH=/home/anavale/ros2_ws/src/build/odometry/prefix_override:/home/anavale/ros2_ws/src/install/odometry/lib/python3.10/site-packages:${PYTHONPATH} /usr/bin/python3 -W ignore:setup.py install is deprecated setup.py egg_info --egg-base ../build/odometry build --build-base /home/anavale/ros2_ws/src/build/odometry/build install --record /home/anavale/ros2_ws/src/build/odometry/install.log --single-version-externally-managed install_data
[0.891s] running egg_info
[0.892s] writing ../build/odometry/odometry.egg-info/PKG-INFO
[0.910s] writing dependency_links to ../build/odometry/odometry.egg-info/dependency_links.txt
[0.910s] writing entry points to ../build/odometry/odometry.egg-info/entry_points.txt
[0.911s] writing requirements to ../build/odometry/odometry.egg-info/requires.txt
[0.911s] writing top-level names to ../build/odometry/odometry.egg-info/top_level.txt
[0.913s] reading manifest file '../build/odometry/odometry.egg-info/SOURCES.txt'
[0.934s] adding license file 'LICENSE'
[0.934s] writing manifest file '../build/odometry/odometry.egg-info/SOURCES.txt'
[0.935s] running build
[0.935s] running build_py
[0.959s] copying odometry/odometry.py -> /home/anavale/ros2_ws/src/build/odometry/build/lib/odometry
[0.960s] running install
[0.960s] running install_lib
[0.970s] copying /home/anavale/ros2_ws/src/build/odometry/build/lib/odometry/odometry.py -> /home/anavale/ros2_ws/src/install/odometry/lib/python3.10/site-packages/odometry
[0.981s] byte-compiling /home/anavale/ros2_ws/src/install/odometry/lib/python3.10/site-packages/odometry/odometry.py to odometry.cpython-310.pyc
[0.982s] running install_data
[1.015s] running install_egg_info
[1.017s] removing '/home/anavale/ros2_ws/src/install/odometry/lib/python3.10/site-packages/odometry-0.0.0-py3.10.egg-info' (and everything under it)
[1.018s] Copying ../build/odometry/odometry.egg-info to /home/anavale/ros2_ws/src/install/odometry/lib/python3.10/site-packages/odometry-0.0.0-py3.10.egg-info
[1.036s] running install_scripts
[1.079s] Installing odometry script to /home/anavale/ros2_ws/src/install/odometry/lib/odometry
[1.080s] writing list of installed files to '/home/anavale/ros2_ws/src/build/odometry/install.log'
[1.120s] Invoked command in '/home/anavale/ros2_ws/src/odometry' returned '0': PYTHONPATH=/home/anavale/ros2_ws/src/build/odometry/prefix_override:/home/anavale/ros2_ws/src/install/odometry/lib/python3.10/site-packages:${PYTHONPATH} /usr/bin/python3 -W ignore:setup.py install is deprecated setup.py egg_info --egg-base ../build/odometry build --build-base /home/anavale/ros2_ws/src/build/odometry/build install --record /home/anavale/ros2_ws/src/build/odometry/install.log --single-version-externally-managed install_data
