[0.157s] DEBUG:colcon:Command line arguments: ['/usr/bin/colcon', 'build', '--symlink-install']
[0.157s] DEBUG:colcon:Parsed command line arguments: Namespace(log_base=None, log_level=None, verb_name='build', build_base='build', install_base='install', merge_install=False, symlink_install=True, test_result_base=None, continue_on_error=False, executor='parallel', parallel_workers=16, event_handlers=None, ignore_user_meta=False, metas=['./colcon.meta'], base_paths=['.'], packages_ignore=None, packages_ignore_regex=None, paths=None, packages_up_to=None, packages_up_to_regex=None, packages_above=None, packages_above_and_dependencies=None, packages_above_depth=None, packages_select_by_dep=None, packages_skip_by_dep=None, packages_skip_up_to=None, packages_select_build_failed=False, packages_skip_build_finished=False, packages_select_test_failures=False, packages_skip_test_passed=False, packages_select=None, packages_skip=None, packages_select_regex=None, packages_skip_regex=None, packages_start=None, packages_end=None, allow_overriding=[], cmake_args=None, cmake_target=None, cmake_target_skip_unavailable=False, cmake_clean_cache=False, cmake_clean_first=False, cmake_force_configure=False, ament_cmake_args=None, catkin_cmake_args=None, catkin_skip_building_tests=False, mixin_files=None, mixin=None, verb_parser=<colcon_mixin.mixin.mixin_argument.MixinArgumentDecorator object at 0x79daaa33eaa0>, verb_extension=<colcon_core.verb.build.BuildVerb object at 0x79daaa33e4d0>, main=<bound method BuildVerb.main of <colcon_core.verb.build.BuildVerb object at 0x79daaa33e4d0>>, mixin_verb=('build',))
[0.406s] Level 1:colcon.colcon_core.package_discovery:discover_packages(colcon_meta) check parameters
[0.406s] Level 1:colcon.colcon_core.package_discovery:discover_packages(recursive) check parameters
[0.406s] Level 1:colcon.colcon_core.package_discovery:discover_packages(ignore) check parameters
[0.406s] Level 1:colcon.colcon_core.package_discovery:discover_packages(path) check parameters
[0.406s] Level 1:colcon.colcon_core.package_discovery:discover_packages(colcon_meta) discover
[0.406s] Level 1:colcon.colcon_core.package_discovery:discover_packages(recursive) discover
[0.407s] INFO:colcon.colcon_core.package_discovery:Crawling recursively for packages in '/home/anavale/ros2_ws/src'
[0.407s] Level 1:colcon.colcon_core.package_identification:_identify(.) by extensions ['ignore', 'ignore_ament_install']
[0.407s] Level 1:colcon.colcon_core.package_identification:_identify(.) by extension 'ignore'
[0.407s] Level 1:colcon.colcon_core.package_identification:_identify(.) by extension 'ignore_ament_install'
[0.407s] Level 1:colcon.colcon_core.package_identification:_identify(.) by extensions ['colcon_pkg']
[0.407s] Level 1:colcon.colcon_core.package_identification:_identify(.) by extension 'colcon_pkg'
[0.407s] Level 1:colcon.colcon_core.package_identification:_identify(.) by extensions ['colcon_meta']
[0.407s] Level 1:colcon.colcon_core.package_identification:_identify(.) by extension 'colcon_meta'
[0.407s] Level 1:colcon.colcon_core.package_identification:_identify(.) by extensions ['ros']
[0.407s] Level 1:colcon.colcon_core.package_identification:_identify(.) by extension 'ros'
[0.421s] Level 1:colcon.colcon_core.package_identification:_identify(.) by extensions ['cmake', 'python']
[0.422s] Level 1:colcon.colcon_core.package_identification:_identify(.) by extension 'cmake'
[0.422s] Level 1:colcon.colcon_core.package_identification:_identify(.) by extension 'python'
[0.422s] Level 1:colcon.colcon_core.package_identification:_identify(.) by extensions ['python_setup_py']
[0.422s] Level 1:colcon.colcon_core.package_identification:_identify(.) by extension 'python_setup_py'
[0.422s] Level 1:colcon.colcon_core.package_identification:_identify(build) by extensions ['ignore', 'ignore_ament_install']
[0.422s] Level 1:colcon.colcon_core.package_identification:_identify(build) by extension 'ignore'
[0.422s] Level 1:colcon.colcon_core.package_identification:_identify(build) ignored
[0.422s] Level 1:colcon.colcon_core.package_identification:_identify(install) by extensions ['ignore', 'ignore_ament_install']
[0.422s] Level 1:colcon.colcon_core.package_identification:_identify(install) by extension 'ignore'
[0.422s] Level 1:colcon.colcon_core.package_identification:_identify(install) ignored
[0.423s] Level 1:colcon.colcon_core.package_identification:_identify(log) by extensions ['ignore', 'ignore_ament_install']
[0.423s] Level 1:colcon.colcon_core.package_identification:_identify(log) by extension 'ignore'
[0.423s] Level 1:colcon.colcon_core.package_identification:_identify(log) ignored
[0.423s] Level 1:colcon.colcon_core.package_identification:_identify(odometry) by extensions ['ignore', 'ignore_ament_install']
[0.423s] Level 1:colcon.colcon_core.package_identification:_identify(odometry) by extension 'ignore'
[0.423s] Level 1:colcon.colcon_core.package_identification:_identify(odometry) by extension 'ignore_ament_install'
[0.423s] Level 1:colcon.colcon_core.package_identification:_identify(odometry) by extensions ['colcon_pkg']
[0.423s] Level 1:colcon.colcon_core.package_identification:_identify(odometry) by extension 'colcon_pkg'
[0.423s] Level 1:colcon.colcon_core.package_identification:_identify(odometry) by extensions ['colcon_meta']
[0.423s] Level 1:colcon.colcon_core.package_identification:_identify(odometry) by extension 'colcon_meta'
[0.423s] Level 1:colcon.colcon_core.package_identification:_identify(odometry) by extensions ['ros']
[0.423s] Level 1:colcon.colcon_core.package_identification:_identify(odometry) by extension 'ros'
[0.428s] DEBUG:colcon.colcon_core.package_identification:Package 'odometry' with type 'ros.ament_python' and name 'odometry'
[0.429s] Level 1:colcon.colcon_core.package_identification:_identify(rosbag2_2024_04_28-13_42_16) by extensions ['ignore', 'ignore_ament_install']
[0.429s] Level 1:colcon.colcon_core.package_identification:_identify(rosbag2_2024_04_28-13_42_16) by extension 'ignore'
[0.429s] Level 1:colcon.colcon_core.package_identification:_identify(rosbag2_2024_04_28-13_42_16) by extension 'ignore_ament_install'
[0.429s] Level 1:colcon.colcon_core.package_identification:_identify(rosbag2_2024_04_28-13_42_16) by extensions ['colcon_pkg']
[0.429s] Level 1:colcon.colcon_core.package_identification:_identify(rosbag2_2024_04_28-13_42_16) by extension 'colcon_pkg'
[0.429s] Level 1:colcon.colcon_core.package_identification:_identify(rosbag2_2024_04_28-13_42_16) by extensions ['colcon_meta']
[0.429s] Level 1:colcon.colcon_core.package_identification:_identify(rosbag2_2024_04_28-13_42_16) by extension 'colcon_meta'
[0.429s] Level 1:colcon.colcon_core.package_identification:_identify(rosbag2_2024_04_28-13_42_16) by extensions ['ros']
[0.429s] Level 1:colcon.colcon_core.package_identification:_identify(rosbag2_2024_04_28-13_42_16) by extension 'ros'
[0.429s] Level 1:colcon.colcon_core.package_identification:_identify(rosbag2_2024_04_28-13_42_16) by extensions ['cmake', 'python']
[0.429s] Level 1:colcon.colcon_core.package_identification:_identify(rosbag2_2024_04_28-13_42_16) by extension 'cmake'
[0.429s] Level 1:colcon.colcon_core.package_identification:_identify(rosbag2_2024_04_28-13_42_16) by extension 'python'
[0.429s] Level 1:colcon.colcon_core.package_identification:_identify(rosbag2_2024_04_28-13_42_16) by extensions ['python_setup_py']
[0.429s] Level 1:colcon.colcon_core.package_identification:_identify(rosbag2_2024_04_28-13_42_16) by extension 'python_setup_py'
[0.430s] Level 1:colcon.colcon_core.package_identification:_identify(rosbag2_2024_04_28-14_38_54) by extensions ['ignore', 'ignore_ament_install']
[0.430s] Level 1:colcon.colcon_core.package_identification:_identify(rosbag2_2024_04_28-14_38_54) by extension 'ignore'
[0.430s] Level 1:colcon.colcon_core.package_identification:_identify(rosbag2_2024_04_28-14_38_54) by extension 'ignore_ament_install'
[0.430s] Level 1:colcon.colcon_core.package_identification:_identify(rosbag2_2024_04_28-14_38_54) by extensions ['colcon_pkg']
[0.430s] Level 1:colcon.colcon_core.package_identification:_identify(rosbag2_2024_04_28-14_38_54) by extension 'colcon_pkg'
[0.430s] Level 1:colcon.colcon_core.package_identification:_identify(rosbag2_2024_04_28-14_38_54) by extensions ['colcon_meta']
[0.430s] Level 1:colcon.colcon_core.package_identification:_identify(rosbag2_2024_04_28-14_38_54) by extension 'colcon_meta'
[0.430s] Level 1:colcon.colcon_core.package_identification:_identify(rosbag2_2024_04_28-14_38_54) by extensions ['ros']
[0.430s] Level 1:colcon.colcon_core.package_identification:_identify(rosbag2_2024_04_28-14_38_54) by extension 'ros'
[0.430s] Level 1:colcon.colcon_core.package_identification:_identify(rosbag2_2024_04_28-14_38_54) by extensions ['cmake', 'python']
[0.430s] Level 1:colcon.colcon_core.package_identification:_identify(rosbag2_2024_04_28-14_38_54) by extension 'cmake'
[0.430s] Level 1:colcon.colcon_core.package_identification:_identify(rosbag2_2024_04_28-14_38_54) by extension 'python'
[0.430s] Level 1:colcon.colcon_core.package_identification:_identify(rosbag2_2024_04_28-14_38_54) by extensions ['python_setup_py']
[0.430s] Level 1:colcon.colcon_core.package_identification:_identify(rosbag2_2024_04_28-14_38_54) by extension 'python_setup_py'
[0.430s] Level 1:colcon.colcon_core.package_identification:_identify(rosbag2_2024_04_28-14_40_32) by extensions ['ignore', 'ignore_ament_install']
[0.431s] Level 1:colcon.colcon_core.package_identification:_identify(rosbag2_2024_04_28-14_40_32) by extension 'ignore'
[0.431s] Level 1:colcon.colcon_core.package_identification:_identify(rosbag2_2024_04_28-14_40_32) by extension 'ignore_ament_install'
[0.431s] Level 1:colcon.colcon_core.package_identification:_identify(rosbag2_2024_04_28-14_40_32) by extensions ['colcon_pkg']
[0.431s] Level 1:colcon.colcon_core.package_identification:_identify(rosbag2_2024_04_28-14_40_32) by extension 'colcon_pkg'
[0.431s] Level 1:colcon.colcon_core.package_identification:_identify(rosbag2_2024_04_28-14_40_32) by extensions ['colcon_meta']
[0.431s] Level 1:colcon.colcon_core.package_identification:_identify(rosbag2_2024_04_28-14_40_32) by extension 'colcon_meta'
[0.431s] Level 1:colcon.colcon_core.package_identification:_identify(rosbag2_2024_04_28-14_40_32) by extensions ['ros']
[0.431s] Level 1:colcon.colcon_core.package_identification:_identify(rosbag2_2024_04_28-14_40_32) by extension 'ros'
[0.431s] Level 1:colcon.colcon_core.package_identification:_identify(rosbag2_2024_04_28-14_40_32) by extensions ['cmake', 'python']
[0.431s] Level 1:colcon.colcon_core.package_identification:_identify(rosbag2_2024_04_28-14_40_32) by extension 'cmake'
[0.431s] Level 1:colcon.colcon_core.package_identification:_identify(rosbag2_2024_04_28-14_40_32) by extension 'python'
[0.431s] Level 1:colcon.colcon_core.package_identification:_identify(rosbag2_2024_04_28-14_40_32) by extensions ['python_setup_py']
[0.431s] Level 1:colcon.colcon_core.package_identification:_identify(rosbag2_2024_04_28-14_40_32) by extension 'python_setup_py'
[0.431s] Level 1:colcon.colcon_core.package_identification:_identify(rosbag2_2024_04_28-18_39_08) by extensions ['ignore', 'ignore_ament_install']
[0.431s] Level 1:colcon.colcon_core.package_identification:_identify(rosbag2_2024_04_28-18_39_08) by extension 'ignore'
[0.431s] Level 1:colcon.colcon_core.package_identification:_identify(rosbag2_2024_04_28-18_39_08) by extension 'ignore_ament_install'
[0.432s] Level 1:colcon.colcon_core.package_identification:_identify(rosbag2_2024_04_28-18_39_08) by extensions ['colcon_pkg']
[0.432s] Level 1:colcon.colcon_core.package_identification:_identify(rosbag2_2024_04_28-18_39_08) by extension 'colcon_pkg'
[0.432s] Level 1:colcon.colcon_core.package_identification:_identify(rosbag2_2024_04_28-18_39_08) by extensions ['colcon_meta']
[0.432s] Level 1:colcon.colcon_core.package_identification:_identify(rosbag2_2024_04_28-18_39_08) by extension 'colcon_meta'
[0.432s] Level 1:colcon.colcon_core.package_identification:_identify(rosbag2_2024_04_28-18_39_08) by extensions ['ros']
[0.432s] Level 1:colcon.colcon_core.package_identification:_identify(rosbag2_2024_04_28-18_39_08) by extension 'ros'
[0.432s] Level 1:colcon.colcon_core.package_identification:_identify(rosbag2_2024_04_28-18_39_08) by extensions ['cmake', 'python']
[0.432s] Level 1:colcon.colcon_core.package_identification:_identify(rosbag2_2024_04_28-18_39_08) by extension 'cmake'
[0.432s] Level 1:colcon.colcon_core.package_identification:_identify(rosbag2_2024_04_28-18_39_08) by extension 'python'
[0.432s] Level 1:colcon.colcon_core.package_identification:_identify(rosbag2_2024_04_28-18_39_08) by extensions ['python_setup_py']
[0.432s] Level 1:colcon.colcon_core.package_identification:_identify(rosbag2_2024_04_28-18_39_08) by extension 'python_setup_py'
[0.432s] Level 1:colcon.colcon_core.package_identification:_identify(rosbag2_2024_04_28-19_41_18) by extensions ['ignore', 'ignore_ament_install']
[0.432s] Level 1:colcon.colcon_core.package_identification:_identify(rosbag2_2024_04_28-19_41_18) by extension 'ignore'
[0.432s] Level 1:colcon.colcon_core.package_identification:_identify(rosbag2_2024_04_28-19_41_18) by extension 'ignore_ament_install'
[0.432s] Level 1:colcon.colcon_core.package_identification:_identify(rosbag2_2024_04_28-19_41_18) by extensions ['colcon_pkg']
[0.433s] Level 1:colcon.colcon_core.package_identification:_identify(rosbag2_2024_04_28-19_41_18) by extension 'colcon_pkg'
[0.433s] Level 1:colcon.colcon_core.package_identification:_identify(rosbag2_2024_04_28-19_41_18) by extensions ['colcon_meta']
[0.433s] Level 1:colcon.colcon_core.package_identification:_identify(rosbag2_2024_04_28-19_41_18) by extension 'colcon_meta'
[0.433s] Level 1:colcon.colcon_core.package_identification:_identify(rosbag2_2024_04_28-19_41_18) by extensions ['ros']
[0.433s] Level 1:colcon.colcon_core.package_identification:_identify(rosbag2_2024_04_28-19_41_18) by extension 'ros'
[0.433s] Level 1:colcon.colcon_core.package_identification:_identify(rosbag2_2024_04_28-19_41_18) by extensions ['cmake', 'python']
[0.433s] Level 1:colcon.colcon_core.package_identification:_identify(rosbag2_2024_04_28-19_41_18) by extension 'cmake'
[0.433s] Level 1:colcon.colcon_core.package_identification:_identify(rosbag2_2024_04_28-19_41_18) by extension 'python'
[0.433s] Level 1:colcon.colcon_core.package_identification:_identify(rosbag2_2024_04_28-19_41_18) by extensions ['python_setup_py']
[0.433s] Level 1:colcon.colcon_core.package_identification:_identify(rosbag2_2024_04_28-19_41_18) by extension 'python_setup_py'
[0.433s] Level 1:colcon.colcon_core.package_discovery:discover_packages(recursive) using defaults
[0.433s] Level 1:colcon.colcon_core.package_discovery:discover_packages(ignore) discover
[0.433s] Level 1:colcon.colcon_core.package_discovery:discover_packages(ignore) using defaults
[0.433s] Level 1:colcon.colcon_core.package_discovery:discover_packages(path) discover
[0.433s] Level 1:colcon.colcon_core.package_discovery:discover_packages(path) using defaults
[0.478s] Level 1:colcon.colcon_core.package_discovery:discover_packages(prefix_path) check parameters
[0.478s] Level 1:colcon.colcon_core.package_discovery:discover_packages(prefix_path) discover
[0.480s] DEBUG:colcon.colcon_installed_package_information.package_discovery:Found 1 installed packages in /home/anavale/ros2_ws/src/install
[0.481s] DEBUG:colcon.colcon_installed_package_information.package_discovery:Found 3 installed packages in /home/anavale/ros2_utilities_ws/install
[0.483s] DEBUG:colcon.colcon_installed_package_information.package_discovery:Found 270 installed packages in /opt/ros/humble
[0.484s] Level 1:colcon.colcon_core.package_discovery:discover_packages(prefix_path) using defaults
[0.532s] Level 5:colcon.colcon_core.verb:set package 'odometry' build argument 'cmake_args' from command line to 'None'
[0.533s] Level 5:colcon.colcon_core.verb:set package 'odometry' build argument 'cmake_target' from command line to 'None'
[0.533s] Level 5:colcon.colcon_core.verb:set package 'odometry' build argument 'cmake_target_skip_unavailable' from command line to 'False'
[0.533s] Level 5:colcon.colcon_core.verb:set package 'odometry' build argument 'cmake_clean_cache' from command line to 'False'
[0.533s] Level 5:colcon.colcon_core.verb:set package 'odometry' build argument 'cmake_clean_first' from command line to 'False'
[0.533s] Level 5:colcon.colcon_core.verb:set package 'odometry' build argument 'cmake_force_configure' from command line to 'False'
[0.533s] Level 5:colcon.colcon_core.verb:set package 'odometry' build argument 'ament_cmake_args' from command line to 'None'
[0.533s] Level 5:colcon.colcon_core.verb:set package 'odometry' build argument 'catkin_cmake_args' from command line to 'None'
[0.533s] Level 5:colcon.colcon_core.verb:set package 'odometry' build argument 'catkin_skip_building_tests' from command line to 'False'
[0.533s] DEBUG:colcon.colcon_core.verb:Building package 'odometry' with the following arguments: {'ament_cmake_args': None, 'build_base': '/home/anavale/ros2_ws/src/build/odometry', 'catkin_cmake_args': None, 'catkin_skip_building_tests': False, 'cmake_args': None, 'cmake_clean_cache': False, 'cmake_clean_first': False, 'cmake_force_configure': False, 'cmake_target': None, 'cmake_target_skip_unavailable': False, 'install_base': '/home/anavale/ros2_ws/src/install/odometry', 'merge_install': False, 'path': '/home/anavale/ros2_ws/src/odometry', 'symlink_install': True, 'test_result_base': None}
[0.533s] INFO:colcon.colcon_core.executor:Executing jobs using 'parallel' executor
[0.535s] DEBUG:colcon.colcon_parallel_executor.executor.parallel:run_until_complete
[0.535s] INFO:colcon.colcon_ros.task.ament_python.build:Building ROS package in '/home/anavale/ros2_ws/src/odometry' with build type 'ament_python'
[0.535s] Level 1:colcon.colcon_core.shell:create_environment_hook('odometry', 'ament_prefix_path')
[0.538s] INFO:colcon.colcon_core.plugin_system:Skipping extension 'colcon_core.shell.bat': Not used on non-Windows systems
[0.538s] INFO:colcon.colcon_core.shell:Creating environment hook '/home/anavale/ros2_ws/src/install/odometry/share/odometry/hook/ament_prefix_path.ps1'
[0.539s] INFO:colcon.colcon_core.shell:Creating environment descriptor '/home/anavale/ros2_ws/src/install/odometry/share/odometry/hook/ament_prefix_path.dsv'
[0.540s] INFO:colcon.colcon_core.shell:Creating environment hook '/home/anavale/ros2_ws/src/install/odometry/share/odometry/hook/ament_prefix_path.sh'
[0.541s] INFO:colcon.colcon_core.shell:Skip shell extension 'powershell' for command environment: Not usable outside of PowerShell
[0.541s] DEBUG:colcon.colcon_core.shell:Skip shell extension 'dsv' for command environment
[0.897s] INFO:colcon.colcon_core.task.python.build:Building Python package in '/home/anavale/ros2_ws/src/odometry'
[0.898s] INFO:colcon.colcon_core.shell:Skip shell extension 'powershell' for command environment: Not usable outside of PowerShell
[0.898s] DEBUG:colcon.colcon_core.shell:Skip shell extension 'dsv' for command environment
[1.397s] DEBUG:colcon.colcon_core.task.python.build:While undoing a previous installation files outside the Python library path are being ignored: /home/anavale/ros2_ws/src/install/odometry/share/ament_index/resource_index/packages/odometry
[1.397s] DEBUG:colcon.colcon_core.task.python.build:While undoing a previous installation files outside the Python library path are being ignored: /home/anavale/ros2_ws/src/install/odometry/share/odometry/package.xml
[1.397s] DEBUG:colcon.colcon_core.task.python.build:While undoing a previous installation files outside the Python library path are being ignored: /home/anavale/ros2_ws/src/install/odometry/share/odometry/launch/send.launch.py
[1.398s] DEBUG:colcon.colcon_core.task.python.build:While undoing a previous installation files outside the Python library path are being ignored: /home/anavale/ros2_ws/src/install/odometry/lib/odometry/odometry
[1.405s] DEBUG:colcon.colcon_core.event_handler.log_command:Invoking command in '/home/anavale/ros2_ws/src/build/odometry': PYTHONPATH=/home/anavale/ros2_ws/src/build/odometry/prefix_override:/home/anavale/ros2_ws/src/install/odometry/lib/python3.10/site-packages:${PYTHONPATH} /usr/bin/python3 -W ignore:setup.py install is deprecated setup.py develop --editable --build-directory /home/anavale/ros2_ws/src/build/odometry/build --no-deps symlink_data --force
[2.048s] Level 1:colcon.colcon_core.shell:create_environment_hook('odometry', 'pythonpath_develop')
[2.049s] INFO:colcon.colcon_core.shell:Creating environment hook '/home/anavale/ros2_ws/src/build/odometry/share/odometry/hook/pythonpath_develop.ps1'
[2.050s] DEBUG:colcon.colcon_core.event_handler.log_command:Invoked command in '/home/anavale/ros2_ws/src/build/odometry' returned '0': PYTHONPATH=/home/anavale/ros2_ws/src/build/odometry/prefix_override:/home/anavale/ros2_ws/src/install/odometry/lib/python3.10/site-packages:${PYTHONPATH} /usr/bin/python3 -W ignore:setup.py install is deprecated setup.py develop --editable --build-directory /home/anavale/ros2_ws/src/build/odometry/build --no-deps symlink_data --force
[2.051s] INFO:colcon.colcon_core.shell:Creating environment descriptor '/home/anavale/ros2_ws/src/build/odometry/share/odometry/hook/pythonpath_develop.dsv'
[2.051s] INFO:colcon.colcon_core.shell:Creating environment hook '/home/anavale/ros2_ws/src/build/odometry/share/odometry/hook/pythonpath_develop.sh'
[2.056s] Level 1:colcon.colcon_core.environment:checking '/home/anavale/ros2_ws/src/install/odometry' for CMake module files
[2.057s] Level 1:colcon.colcon_core.environment:checking '/home/anavale/ros2_ws/src/install/odometry' for CMake config files
[2.059s] Level 1:colcon.colcon_core.environment:checking '/home/anavale/ros2_ws/src/install/odometry/lib'
[2.059s] Level 1:colcon.colcon_core.environment:checking '/home/anavale/ros2_ws/src/install/odometry/bin'
[2.059s] Level 1:colcon.colcon_core.environment:checking '/home/anavale/ros2_ws/src/install/odometry/lib/pkgconfig/odometry.pc'
[2.060s] Level 1:colcon.colcon_core.environment:checking '/home/anavale/ros2_ws/src/install/odometry/lib/python3.10/site-packages'
[2.060s] Level 1:colcon.colcon_core.shell:create_environment_hook('odometry', 'pythonpath')
[2.060s] INFO:colcon.colcon_core.shell:Creating environment hook '/home/anavale/ros2_ws/src/install/odometry/share/odometry/hook/pythonpath.ps1'
[2.061s] INFO:colcon.colcon_core.shell:Creating environment descriptor '/home/anavale/ros2_ws/src/install/odometry/share/odometry/hook/pythonpath.dsv'
[2.061s] INFO:colcon.colcon_core.shell:Creating environment hook '/home/anavale/ros2_ws/src/install/odometry/share/odometry/hook/pythonpath.sh'
[2.062s] Level 1:colcon.colcon_core.environment:checking '/home/anavale/ros2_ws/src/install/odometry/bin'
[2.062s] Level 1:colcon.colcon_core.environment:create_environment_scripts_only(odometry)
[2.062s] INFO:colcon.colcon_core.shell:Creating package script '/home/anavale/ros2_ws/src/install/odometry/share/odometry/package.ps1'
[2.063s] INFO:colcon.colcon_core.shell:Creating package descriptor '/home/anavale/ros2_ws/src/install/odometry/share/odometry/package.dsv'
[2.064s] INFO:colcon.colcon_core.shell:Creating package script '/home/anavale/ros2_ws/src/install/odometry/share/odometry/package.sh'
[2.065s] INFO:colcon.colcon_core.shell:Creating package script '/home/anavale/ros2_ws/src/install/odometry/share/odometry/package.bash'
[2.066s] INFO:colcon.colcon_core.shell:Creating package script '/home/anavale/ros2_ws/src/install/odometry/share/odometry/package.zsh'
[2.068s] Level 1:colcon.colcon_core.environment:create_file_with_runtime_dependencies(/home/anavale/ros2_ws/src/install/odometry/share/colcon-core/packages/odometry)
[2.069s] DEBUG:colcon.colcon_parallel_executor.executor.parallel:closing loop
[2.069s] DEBUG:colcon.colcon_parallel_executor.executor.parallel:loop closed
[2.069s] DEBUG:colcon.colcon_parallel_executor.executor.parallel:run_until_complete finished with '0'
[2.069s] DEBUG:colcon.colcon_core.event_reactor:joining thread
[2.080s] INFO:colcon.colcon_core.plugin_system:Skipping extension 'colcon_notification.desktop_notification.terminal_notifier': Not used on non-Darwin systems
[2.080s] INFO:colcon.colcon_core.plugin_system:Skipping extension 'colcon_notification.desktop_notification.win32': Not used on non-Windows systems
[2.080s] INFO:colcon.colcon_notification.desktop_notification:Sending desktop notification using 'notify2'
[2.094s] DEBUG:colcon.colcon_core.event_reactor:joined thread
[2.095s] INFO:colcon.colcon_core.shell:Creating prefix script '/home/anavale/ros2_ws/src/install/local_setup.ps1'
[2.096s] INFO:colcon.colcon_core.shell:Creating prefix util module '/home/anavale/ros2_ws/src/install/_local_setup_util_ps1.py'
[2.098s] INFO:colcon.colcon_core.shell:Creating prefix chain script '/home/anavale/ros2_ws/src/install/setup.ps1'
[2.099s] INFO:colcon.colcon_core.shell:Creating prefix script '/home/anavale/ros2_ws/src/install/local_setup.sh'
[2.100s] INFO:colcon.colcon_core.shell:Creating prefix util module '/home/anavale/ros2_ws/src/install/_local_setup_util_sh.py'
[2.100s] INFO:colcon.colcon_core.shell:Creating prefix chain script '/home/anavale/ros2_ws/src/install/setup.sh'
[2.102s] INFO:colcon.colcon_core.shell:Creating prefix script '/home/anavale/ros2_ws/src/install/local_setup.bash'
[2.102s] INFO:colcon.colcon_core.shell:Creating prefix chain script '/home/anavale/ros2_ws/src/install/setup.bash'
[2.103s] INFO:colcon.colcon_core.shell:Creating prefix script '/home/anavale/ros2_ws/src/install/local_setup.zsh'
[2.104s] INFO:colcon.colcon_core.shell:Creating prefix chain script '/home/anavale/ros2_ws/src/install/setup.zsh'
