[0.885s] Invoking command in '/home/anavale/ros2_ws/src/odometry': PYTHONPATH=/home/anavale/ros2_ws/src/build/odometry/prefix_override:/home/anavale/ros2_ws/src/install/odometry/lib/python3.10/site-packages:${PYTHONPATH} /usr/bin/python3 -W ignore:setup.py install is deprecated setup.py egg_info --egg-base ../build/odometry build --build-base /home/anavale/ros2_ws/src/build/odometry/build install --record /home/anavale/ros2_ws/src/build/odometry/install.log --single-version-externally-managed install_data
[1.198s] running egg_info
[1.199s] writing ../build/odometry/odometry.egg-info/PKG-INFO
[1.200s] writing dependency_links to ../build/odometry/odometry.egg-info/dependency_links.txt
[1.200s] writing entry points to ../build/odometry/odometry.egg-info/entry_points.txt
[1.200s] writing requirements to ../build/odometry/odometry.egg-info/requires.txt
[1.201s] writing top-level names to ../build/odometry/odometry.egg-info/top_level.txt
[1.203s] reading manifest file '../build/odometry/odometry.egg-info/SOURCES.txt'
[1.204s] adding license file 'LICENSE'
[1.204s] writing manifest file '../build/odometry/odometry.egg-info/SOURCES.txt'
[1.205s] running build
[1.205s] running build_py
[1.205s] copying odometry/odometry.py -> /home/anavale/ros2_ws/src/build/odometry/build/lib/odometry
[1.206s] running install
[1.206s] running install_lib
[1.207s] copying /home/anavale/ros2_ws/src/build/odometry/build/lib/odometry/odometry.py -> /home/anavale/ros2_ws/src/install/odometry/lib/python3.10/site-packages/odometry
[1.207s] byte-compiling /home/anavale/ros2_ws/src/install/odometry/lib/python3.10/site-packages/odometry/odometry.py to odometry.cpython-310.pyc
[1.208s] running install_data
[1.209s] running install_egg_info
[1.211s] removing '/home/anavale/ros2_ws/src/install/odometry/lib/python3.10/site-packages/odometry-0.0.0-py3.10.egg-info' (and everything under it)
[1.212s] Copying ../build/odometry/odometry.egg-info to /home/anavale/ros2_ws/src/install/odometry/lib/python3.10/site-packages/odometry-0.0.0-py3.10.egg-info
[1.213s] running install_scripts
[1.244s] Installing odometry script to /home/anavale/ros2_ws/src/install/odometry/lib/odometry
[1.244s] writing list of installed files to '/home/anavale/ros2_ws/src/build/odometry/install.log'
[1.304s] Invoked command in '/home/anavale/ros2_ws/src/odometry' returned '0': PYTHONPATH=/home/anavale/ros2_ws/src/build/odometry/prefix_override:/home/anavale/ros2_ws/src/install/odometry/lib/python3.10/site-packages:${PYTHONPATH} /usr/bin/python3 -W ignore:setup.py install is deprecated setup.py egg_info --egg-base ../build/odometry build --build-base /home/anavale/ros2_ws/src/build/odometry/build install --record /home/anavale/ros2_ws/src/build/odometry/install.log --single-version-externally-managed install_data
