[1.573s] Invoking command in '/home/anavale/ros2_ws/src/turte': PYTHONPATH=/home/anavale/ros2_ws/src/build/turte/prefix_override:/home/anavale/ros2_ws/src/install/turte/lib/python3.10/site-packages:${PYTHONPATH} /usr/bin/python3 -W ignore:setup.py install is deprecated setup.py egg_info --egg-base ../build/turte build --build-base /home/anavale/ros2_ws/src/build/turte/build install --record /home/anavale/ros2_ws/src/build/turte/install.log --single-version-externally-managed install_data
[1.903s] running egg_info
[1.904s] creating ../build/turte/turte.egg-info
[1.904s] writing ../build/turte/turte.egg-info/PKG-INFO
[1.905s] writing dependency_links to ../build/turte/turte.egg-info/dependency_links.txt
[1.905s] writing entry points to ../build/turte/turte.egg-info/entry_points.txt
[1.905s] writing requirements to ../build/turte/turte.egg-info/requires.txt
[1.905s] writing top-level names to ../build/turte/turte.egg-info/top_level.txt
[1.905s] writing manifest file '../build/turte/turte.egg-info/SOURCES.txt'
[1.908s] reading manifest file '../build/turte/turte.egg-info/SOURCES.txt'
[1.908s] adding license file 'LICENSE'
[1.909s] writing manifest file '../build/turte/turte.egg-info/SOURCES.txt'
[1.909s] running build
[1.909s] running build_py
[1.910s] creating /home/anavale/ros2_ws/src/build/turte/build
[1.911s] creating /home/anavale/ros2_ws/src/build/turte/build/lib
[1.911s] creating /home/anavale/ros2_ws/src/build/turte/build/lib/turte
[1.911s] copying turte/__init__.py -> /home/anavale/ros2_ws/src/build/turte/build/lib/turte
[1.911s] running install
[1.911s] running install_lib
[1.911s] creating /home/anavale/ros2_ws/src/install/turte/lib/python3.10/site-packages/turte
[1.912s] copying /home/anavale/ros2_ws/src/build/turte/build/lib/turte/__init__.py -> /home/anavale/ros2_ws/src/install/turte/lib/python3.10/site-packages/turte
[1.912s] byte-compiling /home/anavale/ros2_ws/src/install/turte/lib/python3.10/site-packages/turte/__init__.py to __init__.cpython-310.pyc
[1.912s] running install_data
[1.913s] creating /home/anavale/ros2_ws/src/install/turte/share/ament_index
[1.913s] creating /home/anavale/ros2_ws/src/install/turte/share/ament_index/resource_index
[1.913s] creating /home/anavale/ros2_ws/src/install/turte/share/ament_index/resource_index/packages
[1.913s] copying resource/turte -> /home/anavale/ros2_ws/src/install/turte/share/ament_index/resource_index/packages
[1.914s] copying package.xml -> /home/anavale/ros2_ws/src/install/turte/share/turte
[1.914s] running install_egg_info
[1.915s] Copying ../build/turte/turte.egg-info to /home/anavale/ros2_ws/src/install/turte/lib/python3.10/site-packages/turte-0.0.0-py3.10.egg-info
[1.917s] running install_scripts
[1.947s] writing list of installed files to '/home/anavale/ros2_ws/src/build/turte/install.log'
[2.007s] Invoked command in '/home/anavale/ros2_ws/src/turte' returned '0': PYTHONPATH=/home/anavale/ros2_ws/src/build/turte/prefix_override:/home/anavale/ros2_ws/src/install/turte/lib/python3.10/site-packages:${PYTHONPATH} /usr/bin/python3 -W ignore:setup.py install is deprecated setup.py egg_info --egg-base ../build/turte build --build-base /home/anavale/ros2_ws/src/build/turte/build install --record /home/anavale/ros2_ws/src/build/turte/install.log --single-version-externally-managed install_data
