[0.553s] Invoking command in '/home/anavale/ros2_ws/src/odometry': PYTHONPATH=/home/anavale/ros2_ws/src/build/odometry/prefix_override:/home/anavale/ros2_ws/src/install/odometry/lib/python3.10/site-packages:${PYTHONPATH} /usr/bin/python3 -W ignore:setup.py install is deprecated setup.py egg_info --egg-base ../build/odometry build --build-base /home/anavale/ros2_ws/src/build/odometry/build install --record /home/anavale/ros2_ws/src/build/odometry/install.log --single-version-externally-managed install_data
[0.762s] running egg_info
[0.762s] writing ../build/odometry/odometry.egg-info/PKG-INFO
[0.763s] writing dependency_links to ../build/odometry/odometry.egg-info/dependency_links.txt
[0.763s] writing entry points to ../build/odometry/odometry.egg-info/entry_points.txt
[0.763s] writing requirements to ../build/odometry/odometry.egg-info/requires.txt
[0.763s] writing top-level names to ../build/odometry/odometry.egg-info/top_level.txt
[0.764s] reading manifest file '../build/odometry/odometry.egg-info/SOURCES.txt'
[0.764s] adding license file 'LICENSE'
[0.765s] writing manifest file '../build/odometry/odometry.egg-info/SOURCES.txt'
[0.765s] running build
[0.766s] running build_py
[0.766s] running install
[0.766s] running install_lib
[0.766s] running install_data
[0.766s] running install_egg_info
[0.768s] removing '/home/anavale/ros2_ws/src/install/odometry/lib/python3.10/site-packages/odometry-0.0.0-py3.10.egg-info' (and everything under it)
[0.768s] Copying ../build/odometry/odometry.egg-info to /home/anavale/ros2_ws/src/install/odometry/lib/python3.10/site-packages/odometry-0.0.0-py3.10.egg-info
[0.769s] running install_scripts
[0.785s] Installing odometry script to /home/anavale/ros2_ws/src/install/odometry/lib/odometry
[0.785s] writing list of installed files to '/home/anavale/ros2_ws/src/build/odometry/install.log'
[0.809s] Invoked command in '/home/anavale/ros2_ws/src/odometry' returned '0': PYTHONPATH=/home/anavale/ros2_ws/src/build/odometry/prefix_override:/home/anavale/ros2_ws/src/install/odometry/lib/python3.10/site-packages:${PYTHONPATH} /usr/bin/python3 -W ignore:setup.py install is deprecated setup.py egg_info --egg-base ../build/odometry build --build-base /home/anavale/ros2_ws/src/build/odometry/build install --record /home/anavale/ros2_ws/src/build/odometry/install.log --single-version-externally-managed install_data
