[3.262s] DEBUG:colcon:Command line arguments: ['/usr/bin/colcon', 'build']
[3.262s] DEBUG:colcon:Parsed command line arguments: Namespace(log_base=None, log_level=None, verb_name='build', build_base='build', install_base='install', merge_install=False, symlink_install=False, test_result_base=None, continue_on_error=False, executor='parallel', parallel_workers=16, event_handlers=None, ignore_user_meta=False, metas=['./colcon.meta'], base_paths=['.'], packages_ignore=None, packages_ignore_regex=None, paths=None, packages_up_to=None, packages_up_to_regex=None, packages_above=None, packages_above_and_dependencies=None, packages_above_depth=None, packages_select_by_dep=None, packages_skip_by_dep=None, packages_skip_up_to=None, packages_select_build_failed=False, packages_skip_build_finished=False, packages_select_test_failures=False, packages_skip_test_passed=False, packages_select=None, packages_skip=None, packages_select_regex=None, packages_skip_regex=None, packages_start=None, packages_end=None, allow_overriding=[], cmake_args=None, cmake_target=None, cmake_target_skip_unavailable=False, cmake_clean_cache=False, cmake_clean_first=False, cmake_force_configure=False, ament_cmake_args=None, catkin_cmake_args=None, catkin_skip_building_tests=False, mixin_files=None, mixin=None, verb_parser=<colcon_mixin.mixin.mixin_argument.MixinArgumentDecorator object at 0x71f2ddb367a0>, verb_extension=<colcon_core.verb.build.BuildVerb object at 0x71f2ddb361d0>, main=<bound method BuildVerb.main of <colcon_core.verb.build.BuildVerb object at 0x71f2ddb361d0>>, mixin_verb=('build',))
[7.000s] Level 1:colcon.colcon_core.package_discovery:discover_packages(colcon_meta) check parameters
[7.001s] Level 1:colcon.colcon_core.package_discovery:discover_packages(recursive) check parameters
[7.001s] Level 1:colcon.colcon_core.package_discovery:discover_packages(ignore) check parameters
[7.001s] Level 1:colcon.colcon_core.package_discovery:discover_packages(path) check parameters
[7.001s] Level 1:colcon.colcon_core.package_discovery:discover_packages(colcon_meta) discover
[7.001s] Level 1:colcon.colcon_core.package_discovery:discover_packages(recursive) discover
[7.001s] INFO:colcon.colcon_core.package_discovery:Crawling recursively for packages in '/home/anavale/ros2_ws/src'
[7.001s] Level 1:colcon.colcon_core.package_identification:_identify(.) by extensions ['ignore', 'ignore_ament_install']
[7.002s] Level 1:colcon.colcon_core.package_identification:_identify(.) by extension 'ignore'
[7.002s] Level 1:colcon.colcon_core.package_identification:_identify(.) by extension 'ignore_ament_install'
[7.002s] Level 1:colcon.colcon_core.package_identification:_identify(.) by extensions ['colcon_pkg']
[7.002s] Level 1:colcon.colcon_core.package_identification:_identify(.) by extension 'colcon_pkg'
[7.002s] Level 1:colcon.colcon_core.package_identification:_identify(.) by extensions ['colcon_meta']
[7.002s] Level 1:colcon.colcon_core.package_identification:_identify(.) by extension 'colcon_meta'
[7.002s] Level 1:colcon.colcon_core.package_identification:_identify(.) by extensions ['ros']
[7.002s] Level 1:colcon.colcon_core.package_identification:_identify(.) by extension 'ros'
[7.043s] Level 1:colcon.colcon_core.package_identification:_identify(.) by extensions ['cmake', 'python']
[7.043s] Level 1:colcon.colcon_core.package_identification:_identify(.) by extension 'cmake'
[7.043s] Level 1:colcon.colcon_core.package_identification:_identify(.) by extension 'python'
[7.043s] Level 1:colcon.colcon_core.package_identification:_identify(.) by extensions ['python_setup_py']
[7.043s] Level 1:colcon.colcon_core.package_identification:_identify(.) by extension 'python_setup_py'
[7.044s] Level 1:colcon.colcon_core.package_identification:_identify(build) by extensions ['ignore', 'ignore_ament_install']
[7.044s] Level 1:colcon.colcon_core.package_identification:_identify(build) by extension 'ignore'
[7.044s] Level 1:colcon.colcon_core.package_identification:_identify(build) ignored
[7.044s] Level 1:colcon.colcon_core.package_identification:_identify(install) by extensions ['ignore', 'ignore_ament_install']
[7.044s] Level 1:colcon.colcon_core.package_identification:_identify(install) by extension 'ignore'
[7.044s] Level 1:colcon.colcon_core.package_identification:_identify(install) ignored
[7.044s] Level 1:colcon.colcon_core.package_identification:_identify(log) by extensions ['ignore', 'ignore_ament_install']
[7.044s] Level 1:colcon.colcon_core.package_identification:_identify(log) by extension 'ignore'
[7.044s] Level 1:colcon.colcon_core.package_identification:_identify(log) ignored
[7.067s] Level 1:colcon.colcon_core.package_identification:_identify(odometry) by extensions ['ignore', 'ignore_ament_install']
[7.068s] Level 1:colcon.colcon_core.package_identification:_identify(odometry) by extension 'ignore'
[7.068s] Level 1:colcon.colcon_core.package_identification:_identify(odometry) by extension 'ignore_ament_install'
[7.068s] Level 1:colcon.colcon_core.package_identification:_identify(odometry) by extensions ['colcon_pkg']
[7.068s] Level 1:colcon.colcon_core.package_identification:_identify(odometry) by extension 'colcon_pkg'
[7.068s] Level 1:colcon.colcon_core.package_identification:_identify(odometry) by extensions ['colcon_meta']
[7.068s] Level 1:colcon.colcon_core.package_identification:_identify(odometry) by extension 'colcon_meta'
[7.068s] Level 1:colcon.colcon_core.package_identification:_identify(odometry) by extensions ['ros']
[7.068s] Level 1:colcon.colcon_core.package_identification:_identify(odometry) by extension 'ros'
[7.106s] DEBUG:colcon.colcon_core.package_identification:Package 'odometry' with type 'ros.ament_python' and name 'odometry'
[7.118s] Level 1:colcon.colcon_core.package_identification:_identify(rosbag2_2024_04_28-13_42_16) by extensions ['ignore', 'ignore_ament_install']
[7.119s] Level 1:colcon.colcon_core.package_identification:_identify(rosbag2_2024_04_28-13_42_16) by extension 'ignore'
[7.119s] Level 1:colcon.colcon_core.package_identification:_identify(rosbag2_2024_04_28-13_42_16) by extension 'ignore_ament_install'
[7.119s] Level 1:colcon.colcon_core.package_identification:_identify(rosbag2_2024_04_28-13_42_16) by extensions ['colcon_pkg']
[7.119s] Level 1:colcon.colcon_core.package_identification:_identify(rosbag2_2024_04_28-13_42_16) by extension 'colcon_pkg'
[7.119s] Level 1:colcon.colcon_core.package_identification:_identify(rosbag2_2024_04_28-13_42_16) by extensions ['colcon_meta']
[7.119s] Level 1:colcon.colcon_core.package_identification:_identify(rosbag2_2024_04_28-13_42_16) by extension 'colcon_meta'
[7.119s] Level 1:colcon.colcon_core.package_identification:_identify(rosbag2_2024_04_28-13_42_16) by extensions ['ros']
[7.119s] Level 1:colcon.colcon_core.package_identification:_identify(rosbag2_2024_04_28-13_42_16) by extension 'ros'
[7.120s] Level 1:colcon.colcon_core.package_identification:_identify(rosbag2_2024_04_28-13_42_16) by extensions ['cmake', 'python']
[7.120s] Level 1:colcon.colcon_core.package_identification:_identify(rosbag2_2024_04_28-13_42_16) by extension 'cmake'
[7.120s] Level 1:colcon.colcon_core.package_identification:_identify(rosbag2_2024_04_28-13_42_16) by extension 'python'
[7.120s] Level 1:colcon.colcon_core.package_identification:_identify(rosbag2_2024_04_28-13_42_16) by extensions ['python_setup_py']
[7.120s] Level 1:colcon.colcon_core.package_identification:_identify(rosbag2_2024_04_28-13_42_16) by extension 'python_setup_py'
[7.129s] Level 1:colcon.colcon_core.package_identification:_identify(rosbag2_2024_04_28-14_38_54) by extensions ['ignore', 'ignore_ament_install']
[7.130s] Level 1:colcon.colcon_core.package_identification:_identify(rosbag2_2024_04_28-14_38_54) by extension 'ignore'
[7.130s] Level 1:colcon.colcon_core.package_identification:_identify(rosbag2_2024_04_28-14_38_54) by extension 'ignore_ament_install'
[7.130s] Level 1:colcon.colcon_core.package_identification:_identify(rosbag2_2024_04_28-14_38_54) by extensions ['colcon_pkg']
[7.130s] Level 1:colcon.colcon_core.package_identification:_identify(rosbag2_2024_04_28-14_38_54) by extension 'colcon_pkg'
[7.130s] Level 1:colcon.colcon_core.package_identification:_identify(rosbag2_2024_04_28-14_38_54) by extensions ['colcon_meta']
[7.130s] Level 1:colcon.colcon_core.package_identification:_identify(rosbag2_2024_04_28-14_38_54) by extension 'colcon_meta'
[7.130s] Level 1:colcon.colcon_core.package_identification:_identify(rosbag2_2024_04_28-14_38_54) by extensions ['ros']
[7.130s] Level 1:colcon.colcon_core.package_identification:_identify(rosbag2_2024_04_28-14_38_54) by extension 'ros'
[7.130s] Level 1:colcon.colcon_core.package_identification:_identify(rosbag2_2024_04_28-14_38_54) by extensions ['cmake', 'python']
[7.131s] Level 1:colcon.colcon_core.package_identification:_identify(rosbag2_2024_04_28-14_38_54) by extension 'cmake'
[7.131s] Level 1:colcon.colcon_core.package_identification:_identify(rosbag2_2024_04_28-14_38_54) by extension 'python'
[7.131s] Level 1:colcon.colcon_core.package_identification:_identify(rosbag2_2024_04_28-14_38_54) by extensions ['python_setup_py']
[7.131s] Level 1:colcon.colcon_core.package_identification:_identify(rosbag2_2024_04_28-14_38_54) by extension 'python_setup_py'
[7.142s] Level 1:colcon.colcon_core.package_identification:_identify(rosbag2_2024_04_28-14_40_32) by extensions ['ignore', 'ignore_ament_install']
[7.142s] Level 1:colcon.colcon_core.package_identification:_identify(rosbag2_2024_04_28-14_40_32) by extension 'ignore'
[7.142s] Level 1:colcon.colcon_core.package_identification:_identify(rosbag2_2024_04_28-14_40_32) by extension 'ignore_ament_install'
[7.142s] Level 1:colcon.colcon_core.package_identification:_identify(rosbag2_2024_04_28-14_40_32) by extensions ['colcon_pkg']
[7.142s] Level 1:colcon.colcon_core.package_identification:_identify(rosbag2_2024_04_28-14_40_32) by extension 'colcon_pkg'
[7.142s] Level 1:colcon.colcon_core.package_identification:_identify(rosbag2_2024_04_28-14_40_32) by extensions ['colcon_meta']
[7.142s] Level 1:colcon.colcon_core.package_identification:_identify(rosbag2_2024_04_28-14_40_32) by extension 'colcon_meta'
[7.142s] Level 1:colcon.colcon_core.package_identification:_identify(rosbag2_2024_04_28-14_40_32) by extensions ['ros']
[7.142s] Level 1:colcon.colcon_core.package_identification:_identify(rosbag2_2024_04_28-14_40_32) by extension 'ros'
[7.143s] Level 1:colcon.colcon_core.package_identification:_identify(rosbag2_2024_04_28-14_40_32) by extensions ['cmake', 'python']
[7.143s] Level 1:colcon.colcon_core.package_identification:_identify(rosbag2_2024_04_28-14_40_32) by extension 'cmake'
[7.143s] Level 1:colcon.colcon_core.package_identification:_identify(rosbag2_2024_04_28-14_40_32) by extension 'python'
[7.143s] Level 1:colcon.colcon_core.package_identification:_identify(rosbag2_2024_04_28-14_40_32) by extensions ['python_setup_py']
[7.143s] Level 1:colcon.colcon_core.package_identification:_identify(rosbag2_2024_04_28-14_40_32) by extension 'python_setup_py'
[7.153s] Level 1:colcon.colcon_core.package_identification:_identify(rosbag2_2024_04_28-18_39_08) by extensions ['ignore', 'ignore_ament_install']
[7.153s] Level 1:colcon.colcon_core.package_identification:_identify(rosbag2_2024_04_28-18_39_08) by extension 'ignore'
[7.153s] Level 1:colcon.colcon_core.package_identification:_identify(rosbag2_2024_04_28-18_39_08) by extension 'ignore_ament_install'
[7.153s] Level 1:colcon.colcon_core.package_identification:_identify(rosbag2_2024_04_28-18_39_08) by extensions ['colcon_pkg']
[7.153s] Level 1:colcon.colcon_core.package_identification:_identify(rosbag2_2024_04_28-18_39_08) by extension 'colcon_pkg'
[7.153s] Level 1:colcon.colcon_core.package_identification:_identify(rosbag2_2024_04_28-18_39_08) by extensions ['colcon_meta']
[7.153s] Level 1:colcon.colcon_core.package_identification:_identify(rosbag2_2024_04_28-18_39_08) by extension 'colcon_meta'
[7.153s] Level 1:colcon.colcon_core.package_identification:_identify(rosbag2_2024_04_28-18_39_08) by extensions ['ros']
[7.153s] Level 1:colcon.colcon_core.package_identification:_identify(rosbag2_2024_04_28-18_39_08) by extension 'ros'
[7.154s] Level 1:colcon.colcon_core.package_identification:_identify(rosbag2_2024_04_28-18_39_08) by extensions ['cmake', 'python']
[7.154s] Level 1:colcon.colcon_core.package_identification:_identify(rosbag2_2024_04_28-18_39_08) by extension 'cmake'
[7.154s] Level 1:colcon.colcon_core.package_identification:_identify(rosbag2_2024_04_28-18_39_08) by extension 'python'
[7.154s] Level 1:colcon.colcon_core.package_identification:_identify(rosbag2_2024_04_28-18_39_08) by extensions ['python_setup_py']
[7.154s] Level 1:colcon.colcon_core.package_identification:_identify(rosbag2_2024_04_28-18_39_08) by extension 'python_setup_py'
[7.164s] Level 1:colcon.colcon_core.package_identification:_identify(rosbag2_2024_04_28-19_41_18) by extensions ['ignore', 'ignore_ament_install']
[7.164s] Level 1:colcon.colcon_core.package_identification:_identify(rosbag2_2024_04_28-19_41_18) by extension 'ignore'
[7.164s] Level 1:colcon.colcon_core.package_identification:_identify(rosbag2_2024_04_28-19_41_18) by extension 'ignore_ament_install'
[7.164s] Level 1:colcon.colcon_core.package_identification:_identify(rosbag2_2024_04_28-19_41_18) by extensions ['colcon_pkg']
[7.165s] Level 1:colcon.colcon_core.package_identification:_identify(rosbag2_2024_04_28-19_41_18) by extension 'colcon_pkg'
[7.165s] Level 1:colcon.colcon_core.package_identification:_identify(rosbag2_2024_04_28-19_41_18) by extensions ['colcon_meta']
[7.165s] Level 1:colcon.colcon_core.package_identification:_identify(rosbag2_2024_04_28-19_41_18) by extension 'colcon_meta'
[7.165s] Level 1:colcon.colcon_core.package_identification:_identify(rosbag2_2024_04_28-19_41_18) by extensions ['ros']
[7.165s] Level 1:colcon.colcon_core.package_identification:_identify(rosbag2_2024_04_28-19_41_18) by extension 'ros'
[7.165s] Level 1:colcon.colcon_core.package_identification:_identify(rosbag2_2024_04_28-19_41_18) by extensions ['cmake', 'python']
[7.165s] Level 1:colcon.colcon_core.package_identification:_identify(rosbag2_2024_04_28-19_41_18) by extension 'cmake'
[7.165s] Level 1:colcon.colcon_core.package_identification:_identify(rosbag2_2024_04_28-19_41_18) by extension 'python'
[7.165s] Level 1:colcon.colcon_core.package_identification:_identify(rosbag2_2024_04_28-19_41_18) by extensions ['python_setup_py']
[7.165s] Level 1:colcon.colcon_core.package_identification:_identify(rosbag2_2024_04_28-19_41_18) by extension 'python_setup_py'
[7.166s] Level 1:colcon.colcon_core.package_discovery:discover_packages(recursive) using defaults
[7.166s] Level 1:colcon.colcon_core.package_discovery:discover_packages(ignore) discover
[7.166s] Level 1:colcon.colcon_core.package_discovery:discover_packages(ignore) using defaults
[7.166s] Level 1:colcon.colcon_core.package_discovery:discover_packages(path) discover
[7.166s] Level 1:colcon.colcon_core.package_discovery:discover_packages(path) using defaults
[7.403s] Level 1:colcon.colcon_core.package_discovery:discover_packages(prefix_path) check parameters
[7.403s] Level 1:colcon.colcon_core.package_discovery:discover_packages(prefix_path) discover
[7.430s] DEBUG:colcon.colcon_installed_package_information.package_discovery:Found 3 installed packages in /home/anavale/ros2_utilities_ws/install
[7.431s] DEBUG:colcon.colcon_installed_package_information.package_discovery:Found 270 installed packages in /opt/ros/humble
[7.434s] Level 1:colcon.colcon_core.package_discovery:discover_packages(prefix_path) using defaults
[7.562s] Level 5:colcon.colcon_core.verb:set package 'odometry' build argument 'cmake_args' from command line to 'None'
[7.562s] Level 5:colcon.colcon_core.verb:set package 'odometry' build argument 'cmake_target' from command line to 'None'
[7.562s] Level 5:colcon.colcon_core.verb:set package 'odometry' build argument 'cmake_target_skip_unavailable' from command line to 'False'
[7.563s] Level 5:colcon.colcon_core.verb:set package 'odometry' build argument 'cmake_clean_cache' from command line to 'False'
[7.563s] Level 5:colcon.colcon_core.verb:set package 'odometry' build argument 'cmake_clean_first' from command line to 'False'
[7.563s] Level 5:colcon.colcon_core.verb:set package 'odometry' build argument 'cmake_force_configure' from command line to 'False'
[7.563s] Level 5:colcon.colcon_core.verb:set package 'odometry' build argument 'ament_cmake_args' from command line to 'None'
[7.563s] Level 5:colcon.colcon_core.verb:set package 'odometry' build argument 'catkin_cmake_args' from command line to 'None'
[7.563s] Level 5:colcon.colcon_core.verb:set package 'odometry' build argument 'catkin_skip_building_tests' from command line to 'False'
[7.563s] DEBUG:colcon.colcon_core.verb:Building package 'odometry' with the following arguments: {'ament_cmake_args': None, 'build_base': '/home/anavale/ros2_ws/src/build/odometry', 'catkin_cmake_args': None, 'catkin_skip_building_tests': False, 'cmake_args': None, 'cmake_clean_cache': False, 'cmake_clean_first': False, 'cmake_force_configure': False, 'cmake_target': None, 'cmake_target_skip_unavailable': False, 'install_base': '/home/anavale/ros2_ws/src/install/odometry', 'merge_install': False, 'path': '/home/anavale/ros2_ws/src/odometry', 'symlink_install': False, 'test_result_base': None}
[7.563s] INFO:colcon.colcon_core.executor:Executing jobs using 'parallel' executor
[7.564s] DEBUG:colcon.colcon_parallel_executor.executor.parallel:run_until_complete
[7.564s] INFO:colcon.colcon_ros.task.ament_python.build:Building ROS package in '/home/anavale/ros2_ws/src/odometry' with build type 'ament_python'
[7.564s] Level 1:colcon.colcon_core.shell:create_environment_hook('odometry', 'ament_prefix_path')
[7.603s] INFO:colcon.colcon_core.plugin_system:Skipping extension 'colcon_core.shell.bat': Not used on non-Windows systems
[7.603s] INFO:colcon.colcon_core.shell:Creating environment hook '/home/anavale/ros2_ws/src/install/odometry/share/odometry/hook/ament_prefix_path.ps1'
[7.624s] INFO:colcon.colcon_core.shell:Creating environment descriptor '/home/anavale/ros2_ws/src/install/odometry/share/odometry/hook/ament_prefix_path.dsv'
[7.648s] INFO:colcon.colcon_core.shell:Creating environment hook '/home/anavale/ros2_ws/src/install/odometry/share/odometry/hook/ament_prefix_path.sh'
[7.649s] INFO:colcon.colcon_core.shell:Skip shell extension 'powershell' for command environment: Not usable outside of PowerShell
[7.649s] DEBUG:colcon.colcon_core.shell:Skip shell extension 'dsv' for command environment
[7.967s] INFO:colcon.colcon_core.task.python.build:Building Python package in '/home/anavale/ros2_ws/src/odometry'
[7.968s] INFO:colcon.colcon_core.shell:Skip shell extension 'powershell' for command environment: Not usable outside of PowerShell
[7.968s] DEBUG:colcon.colcon_core.shell:Skip shell extension 'dsv' for command environment
[8.774s] DEBUG:colcon.colcon_core.event_handler.log_command:Invoking command in '/home/anavale/ros2_ws/src/odometry': PYTHONPATH=/home/anavale/ros2_ws/src/build/odometry/prefix_override:/home/anavale/ros2_ws/src/install/odometry/lib/python3.10/site-packages:${PYTHONPATH} /usr/bin/python3 -W ignore:setup.py install is deprecated setup.py egg_info --egg-base ../build/odometry build --build-base /home/anavale/ros2_ws/src/build/odometry/build install --record /home/anavale/ros2_ws/src/build/odometry/install.log --single-version-externally-managed install_data
[9.171s] DEBUG:colcon.colcon_core.event_handler.log_command:Invoked command in '/home/anavale/ros2_ws/src/odometry' returned '0': PYTHONPATH=/home/anavale/ros2_ws/src/build/odometry/prefix_override:/home/anavale/ros2_ws/src/install/odometry/lib/python3.10/site-packages:${PYTHONPATH} /usr/bin/python3 -W ignore:setup.py install is deprecated setup.py egg_info --egg-base ../build/odometry build --build-base /home/anavale/ros2_ws/src/build/odometry/build install --record /home/anavale/ros2_ws/src/build/odometry/install.log --single-version-externally-managed install_data
[9.193s] Level 1:colcon.colcon_core.environment:checking '/home/anavale/ros2_ws/src/install/odometry' for CMake module files
[9.194s] Level 1:colcon.colcon_core.environment:checking '/home/anavale/ros2_ws/src/install/odometry' for CMake config files
[9.195s] Level 1:colcon.colcon_core.environment:checking '/home/anavale/ros2_ws/src/install/odometry/lib'
[9.195s] Level 1:colcon.colcon_core.environment:checking '/home/anavale/ros2_ws/src/install/odometry/bin'
[9.195s] Level 1:colcon.colcon_core.environment:checking '/home/anavale/ros2_ws/src/install/odometry/lib/pkgconfig/odometry.pc'
[9.196s] Level 1:colcon.colcon_core.environment:checking '/home/anavale/ros2_ws/src/install/odometry/lib/python3.10/site-packages'
[9.196s] Level 1:colcon.colcon_core.shell:create_environment_hook('odometry', 'pythonpath')
[9.196s] INFO:colcon.colcon_core.shell:Creating environment hook '/home/anavale/ros2_ws/src/install/odometry/share/odometry/hook/pythonpath.ps1'
[9.196s] INFO:colcon.colcon_core.shell:Creating environment descriptor '/home/anavale/ros2_ws/src/install/odometry/share/odometry/hook/pythonpath.dsv'
[9.196s] INFO:colcon.colcon_core.shell:Creating environment hook '/home/anavale/ros2_ws/src/install/odometry/share/odometry/hook/pythonpath.sh'
[9.197s] Level 1:colcon.colcon_core.environment:checking '/home/anavale/ros2_ws/src/install/odometry/bin'
[9.197s] Level 1:colcon.colcon_core.environment:create_environment_scripts_only(odometry)
[9.197s] INFO:colcon.colcon_core.shell:Creating package script '/home/anavale/ros2_ws/src/install/odometry/share/odometry/package.ps1'
[9.198s] INFO:colcon.colcon_core.shell:Creating package descriptor '/home/anavale/ros2_ws/src/install/odometry/share/odometry/package.dsv'
[9.199s] INFO:colcon.colcon_core.shell:Creating package script '/home/anavale/ros2_ws/src/install/odometry/share/odometry/package.sh'
[9.200s] INFO:colcon.colcon_core.shell:Creating package script '/home/anavale/ros2_ws/src/install/odometry/share/odometry/package.bash'
[9.203s] INFO:colcon.colcon_core.shell:Creating package script '/home/anavale/ros2_ws/src/install/odometry/share/odometry/package.zsh'
[9.219s] Level 1:colcon.colcon_core.environment:create_file_with_runtime_dependencies(/home/anavale/ros2_ws/src/install/odometry/share/colcon-core/packages/odometry)
[9.220s] DEBUG:colcon.colcon_parallel_executor.executor.parallel:closing loop
[9.220s] DEBUG:colcon.colcon_parallel_executor.executor.parallel:loop closed
[9.220s] DEBUG:colcon.colcon_parallel_executor.executor.parallel:run_until_complete finished with '0'
[9.220s] DEBUG:colcon.colcon_core.event_reactor:joining thread
[9.239s] INFO:colcon.colcon_core.plugin_system:Skipping extension 'colcon_notification.desktop_notification.terminal_notifier': Not used on non-Darwin systems
[9.240s] INFO:colcon.colcon_core.plugin_system:Skipping extension 'colcon_notification.desktop_notification.win32': Not used on non-Windows systems
[9.240s] INFO:colcon.colcon_notification.desktop_notification:Sending desktop notification using 'notify2'
[9.277s] DEBUG:colcon.colcon_core.event_reactor:joined thread
[9.278s] INFO:colcon.colcon_core.shell:Creating prefix script '/home/anavale/ros2_ws/src/install/local_setup.ps1'
[9.280s] INFO:colcon.colcon_core.shell:Creating prefix util module '/home/anavale/ros2_ws/src/install/_local_setup_util_ps1.py'
[9.282s] INFO:colcon.colcon_core.shell:Creating prefix chain script '/home/anavale/ros2_ws/src/install/setup.ps1'
[9.285s] INFO:colcon.colcon_core.shell:Creating prefix script '/home/anavale/ros2_ws/src/install/local_setup.sh'
[9.286s] INFO:colcon.colcon_core.shell:Creating prefix util module '/home/anavale/ros2_ws/src/install/_local_setup_util_sh.py'
[9.287s] INFO:colcon.colcon_core.shell:Creating prefix chain script '/home/anavale/ros2_ws/src/install/setup.sh'
[9.289s] INFO:colcon.colcon_core.shell:Creating prefix script '/home/anavale/ros2_ws/src/install/local_setup.bash'
[9.291s] INFO:colcon.colcon_core.shell:Creating prefix chain script '/home/anavale/ros2_ws/src/install/setup.bash'
[9.293s] INFO:colcon.colcon_core.shell:Creating prefix script '/home/anavale/ros2_ws/src/install/local_setup.zsh'
[9.294s] INFO:colcon.colcon_core.shell:Creating prefix chain script '/home/anavale/ros2_ws/src/install/setup.zsh'
