[4.823s] DEBUG:colcon:Command line arguments: ['/usr/bin/colcon', 'build', '--symlink-install']
[4.823s] DEBUG:colcon:Parsed command line arguments: Namespace(log_base=None, log_level=None, verb_name='build', build_base='build', install_base='install', merge_install=False, symlink_install=True, test_result_base=None, continue_on_error=False, executor='parallel', parallel_workers=16, event_handlers=None, ignore_user_meta=False, metas=['./colcon.meta'], base_paths=['.'], packages_ignore=None, packages_ignore_regex=None, paths=None, packages_up_to=None, packages_up_to_regex=None, packages_above=None, packages_above_and_dependencies=None, packages_above_depth=None, packages_select_by_dep=None, packages_skip_by_dep=None, packages_skip_up_to=None, packages_select_build_failed=False, packages_skip_build_finished=False, packages_select_test_failures=False, packages_skip_test_passed=False, packages_select=None, packages_skip=None, packages_select_regex=None, packages_skip_regex=None, packages_start=None, packages_end=None, allow_overriding=[], cmake_args=None, cmake_target=None, cmake_target_skip_unavailable=False, cmake_clean_cache=False, cmake_clean_first=False, cmake_force_configure=False, ament_cmake_args=None, catkin_cmake_args=None, catkin_skip_building_tests=False, mixin_files=None, mixin=None, verb_parser=<colcon_mixin.mixin.mixin_argument.MixinArgumentDecorator object at 0x76989ed3a7a0>, verb_extension=<colcon_core.verb.build.BuildVerb object at 0x76989ed3a1d0>, main=<bound method BuildVerb.main of <colcon_core.verb.build.BuildVerb object at 0x76989ed3a1d0>>, mixin_verb=('build',))
[13.922s] Level 1:colcon.colcon_core.package_discovery:discover_packages(colcon_meta) check parameters
[13.922s] Level 1:colcon.colcon_core.package_discovery:discover_packages(recursive) check parameters
[13.922s] Level 1:colcon.colcon_core.package_discovery:discover_packages(ignore) check parameters
[13.922s] Level 1:colcon.colcon_core.package_discovery:discover_packages(path) check parameters
[13.922s] Level 1:colcon.colcon_core.package_discovery:discover_packages(colcon_meta) discover
[13.922s] Level 1:colcon.colcon_core.package_discovery:discover_packages(recursive) discover
[13.923s] INFO:colcon.colcon_core.package_discovery:Crawling recursively for packages in '/home/anavale/ros2_ws'
[13.923s] Level 1:colcon.colcon_core.package_identification:_identify(.) by extensions ['ignore', 'ignore_ament_install']
[13.923s] Level 1:colcon.colcon_core.package_identification:_identify(.) by extension 'ignore'
[13.923s] Level 1:colcon.colcon_core.package_identification:_identify(.) by extension 'ignore_ament_install'
[13.923s] Level 1:colcon.colcon_core.package_identification:_identify(.) by extensions ['colcon_pkg']
[13.923s] Level 1:colcon.colcon_core.package_identification:_identify(.) by extension 'colcon_pkg'
[13.923s] Level 1:colcon.colcon_core.package_identification:_identify(.) by extensions ['colcon_meta']
[13.923s] Level 1:colcon.colcon_core.package_identification:_identify(.) by extension 'colcon_meta'
[13.923s] Level 1:colcon.colcon_core.package_identification:_identify(.) by extensions ['ros']
[13.923s] Level 1:colcon.colcon_core.package_identification:_identify(.) by extension 'ros'
[14.003s] Level 1:colcon.colcon_core.package_identification:_identify(.) by extensions ['cmake', 'python']
[14.003s] Level 1:colcon.colcon_core.package_identification:_identify(.) by extension 'cmake'
[14.003s] Level 1:colcon.colcon_core.package_identification:_identify(.) by extension 'python'
[14.004s] Level 1:colcon.colcon_core.package_identification:_identify(.) by extensions ['python_setup_py']
[14.004s] Level 1:colcon.colcon_core.package_identification:_identify(.) by extension 'python_setup_py'
[14.004s] Level 1:colcon.colcon_core.package_identification:_identify(build) by extensions ['ignore', 'ignore_ament_install']
[14.004s] Level 1:colcon.colcon_core.package_identification:_identify(build) by extension 'ignore'
[14.004s] Level 1:colcon.colcon_core.package_identification:_identify(build) ignored
[14.004s] Level 1:colcon.colcon_core.package_identification:_identify(install) by extensions ['ignore', 'ignore_ament_install']
[14.005s] Level 1:colcon.colcon_core.package_identification:_identify(install) by extension 'ignore'
[14.005s] Level 1:colcon.colcon_core.package_identification:_identify(install) ignored
[14.005s] Level 1:colcon.colcon_core.package_identification:_identify(log) by extensions ['ignore', 'ignore_ament_install']
[14.005s] Level 1:colcon.colcon_core.package_identification:_identify(log) by extension 'ignore'
[14.005s] Level 1:colcon.colcon_core.package_identification:_identify(log) ignored
[14.005s] Level 1:colcon.colcon_core.package_identification:_identify(src) by extensions ['ignore', 'ignore_ament_install']
[14.006s] Level 1:colcon.colcon_core.package_identification:_identify(src) by extension 'ignore'
[14.006s] Level 1:colcon.colcon_core.package_identification:_identify(src) by extension 'ignore_ament_install'
[14.006s] Level 1:colcon.colcon_core.package_identification:_identify(src) by extensions ['colcon_pkg']
[14.006s] Level 1:colcon.colcon_core.package_identification:_identify(src) by extension 'colcon_pkg'
[14.006s] Level 1:colcon.colcon_core.package_identification:_identify(src) by extensions ['colcon_meta']
[14.006s] Level 1:colcon.colcon_core.package_identification:_identify(src) by extension 'colcon_meta'
[14.006s] Level 1:colcon.colcon_core.package_identification:_identify(src) by extensions ['ros']
[14.006s] Level 1:colcon.colcon_core.package_identification:_identify(src) by extension 'ros'
[14.006s] Level 1:colcon.colcon_core.package_identification:_identify(src) by extensions ['cmake', 'python']
[14.007s] Level 1:colcon.colcon_core.package_identification:_identify(src) by extension 'cmake'
[14.007s] Level 1:colcon.colcon_core.package_identification:_identify(src) by extension 'python'
[14.007s] Level 1:colcon.colcon_core.package_identification:_identify(src) by extensions ['python_setup_py']
[14.007s] Level 1:colcon.colcon_core.package_identification:_identify(src) by extension 'python_setup_py'
[14.007s] Level 1:colcon.colcon_core.package_discovery:discover_packages(recursive) using defaults
[14.007s] Level 1:colcon.colcon_core.package_discovery:discover_packages(ignore) discover
[14.007s] Level 1:colcon.colcon_core.package_discovery:discover_packages(ignore) using defaults
[14.007s] Level 1:colcon.colcon_core.package_discovery:discover_packages(path) discover
[14.007s] Level 1:colcon.colcon_core.package_discovery:discover_packages(path) using defaults
[14.333s] Level 1:colcon.colcon_core.package_discovery:discover_packages(prefix_path) check parameters
[14.333s] Level 1:colcon.colcon_core.package_discovery:discover_packages(prefix_path) discover
[14.354s] DEBUG:colcon.colcon_installed_package_information.package_discovery:Found 3 installed packages in /home/anavale/ros2_utilities_ws/install
[14.357s] DEBUG:colcon.colcon_installed_package_information.package_discovery:Found 270 installed packages in /opt/ros/humble
[14.360s] Level 1:colcon.colcon_core.package_discovery:discover_packages(prefix_path) using defaults
[14.497s] INFO:colcon.colcon_core.executor:Executing jobs using 'parallel' executor
[14.498s] DEBUG:colcon.colcon_parallel_executor.executor.parallel:run_until_complete
[14.498s] DEBUG:colcon.colcon_parallel_executor.executor.parallel:closing loop
[14.498s] DEBUG:colcon.colcon_parallel_executor.executor.parallel:loop closed
[14.498s] DEBUG:colcon.colcon_parallel_executor.executor.parallel:run_until_complete finished with '0'
[14.498s] DEBUG:colcon.colcon_core.event_reactor:joining thread
[14.602s] INFO:colcon.colcon_core.plugin_system:Skipping extension 'colcon_notification.desktop_notification.terminal_notifier': Not used on non-Darwin systems
[14.602s] INFO:colcon.colcon_core.plugin_system:Skipping extension 'colcon_notification.desktop_notification.win32': Not used on non-Windows systems
[14.602s] INFO:colcon.colcon_notification.desktop_notification:Sending desktop notification using 'notify2'
[14.813s] DEBUG:colcon.colcon_core.event_reactor:joined thread
[14.821s] INFO:colcon.colcon_core.plugin_system:Skipping extension 'colcon_core.shell.bat': Not used on non-Windows systems
[14.821s] INFO:colcon.colcon_core.shell:Creating prefix script '/home/anavale/ros2_ws/install/local_setup.ps1'
[14.822s] INFO:colcon.colcon_core.shell:Creating prefix util module '/home/anavale/ros2_ws/install/_local_setup_util_ps1.py'
[14.854s] INFO:colcon.colcon_core.shell:Creating prefix chain script '/home/anavale/ros2_ws/install/setup.ps1'
[14.855s] INFO:colcon.colcon_core.shell:Creating prefix script '/home/anavale/ros2_ws/install/local_setup.sh'
[14.856s] INFO:colcon.colcon_core.shell:Creating prefix util module '/home/anavale/ros2_ws/install/_local_setup_util_sh.py'
[14.856s] INFO:colcon.colcon_core.shell:Creating prefix chain script '/home/anavale/ros2_ws/install/setup.sh'
[14.857s] INFO:colcon.colcon_core.shell:Creating prefix script '/home/anavale/ros2_ws/install/local_setup.bash'
[14.857s] INFO:colcon.colcon_core.shell:Creating prefix chain script '/home/anavale/ros2_ws/install/setup.bash'
[14.858s] INFO:colcon.colcon_core.shell:Creating prefix script '/home/anavale/ros2_ws/install/local_setup.zsh'
[14.859s] INFO:colcon.colcon_core.shell:Creating prefix chain script '/home/anavale/ros2_ws/install/setup.zsh'
