[0.882s] Invoking command in '/home/anavale/ros2_ws/src/odometry': PYTHONPATH=/home/anavale/ros2_ws/src/build/odometry/prefix_override:/home/anavale/ros2_ws/src/install/odometry/lib/python3.10/site-packages:${PYTHONPATH} /usr/bin/python3 -W ignore:setup.py install is deprecated setup.py egg_info --egg-base ../build/odometry build --build-base /home/anavale/ros2_ws/src/build/odometry/build install --record /home/anavale/ros2_ws/src/build/odometry/install.log --single-version-externally-managed install_data
[1.188s] running egg_info
[1.189s] writing ../build/odometry/odometry.egg-info/PKG-INFO
[1.189s] writing dependency_links to ../build/odometry/odometry.egg-info/dependency_links.txt
[1.189s] writing entry points to ../build/odometry/odometry.egg-info/entry_points.txt
[1.190s] writing requirements to ../build/odometry/odometry.egg-info/requires.txt
[1.190s] writing top-level names to ../build/odometry/odometry.egg-info/top_level.txt
[1.192s] reading manifest file '../build/odometry/odometry.egg-info/SOURCES.txt'
[1.192s] adding license file 'LICENSE'
[1.193s] writing manifest file '../build/odometry/odometry.egg-info/SOURCES.txt'
[1.193s] running build
[1.194s] running build_py
[1.194s] running install
[1.194s] running install_lib
[1.196s] running install_data
[1.196s] running install_egg_info
[1.198s] removing '/home/anavale/ros2_ws/src/install/odometry/lib/python3.10/site-packages/odometry-0.0.0-py3.10.egg-info' (and everything under it)
[1.198s] Copying ../build/odometry/odometry.egg-info to /home/anavale/ros2_ws/src/install/odometry/lib/python3.10/site-packages/odometry-0.0.0-py3.10.egg-info
[1.200s] running install_scripts
[1.227s] Installing odometry script to /home/anavale/ros2_ws/src/install/odometry/lib/odometry
[1.228s] writing list of installed files to '/home/anavale/ros2_ws/src/build/odometry/install.log'
[1.272s] Invoked command in '/home/anavale/ros2_ws/src/odometry' returned '0': PYTHONPATH=/home/anavale/ros2_ws/src/build/odometry/prefix_override:/home/anavale/ros2_ws/src/install/odometry/lib/python3.10/site-packages:${PYTHONPATH} /usr/bin/python3 -W ignore:setup.py install is deprecated setup.py egg_info --egg-base ../build/odometry build --build-base /home/anavale/ros2_ws/src/build/odometry/build install --record /home/anavale/ros2_ws/src/build/odometry/install.log --single-version-externally-managed install_data
