[0.954s] Invoking command in '/home/anavale/ros2_ws/src/odometry': PYTHONPATH=/home/anavale/ros2_ws/src/build/odometry/prefix_override:/home/anavale/ros2_ws/src/install/odometry/lib/python3.10/site-packages:${PYTHONPATH} /usr/bin/python3 -W ignore:setup.py install is deprecated setup.py egg_info --egg-base ../build/odometry build --build-base /home/anavale/ros2_ws/src/build/odometry/build install --record /home/anavale/ros2_ws/src/build/odometry/install.log --single-version-externally-managed install_data
[1.172s] running egg_info
[1.172s] creating ../build/odometry/odometry.egg-info
[1.173s] writing ../build/odometry/odometry.egg-info/PKG-INFO
[1.173s] writing dependency_links to ../build/odometry/odometry.egg-info/dependency_links.txt
[1.173s] writing entry points to ../build/odometry/odometry.egg-info/entry_points.txt
[1.173s] writing requirements to ../build/odometry/odometry.egg-info/requires.txt
[1.173s] writing top-level names to ../build/odometry/odometry.egg-info/top_level.txt
[1.173s] writing manifest file '../build/odometry/odometry.egg-info/SOURCES.txt'
[1.174s] reading manifest file '../build/odometry/odometry.egg-info/SOURCES.txt'
[1.174s] adding license file 'LICENSE'
[1.175s] writing manifest file '../build/odometry/odometry.egg-info/SOURCES.txt'
[1.175s] running build
[1.175s] running build_py
[1.175s] creating /home/anavale/ros2_ws/src/build/odometry/build
[1.175s] creating /home/anavale/ros2_ws/src/build/odometry/build/lib
[1.175s] creating /home/anavale/ros2_ws/src/build/odometry/build/lib/odometry
[1.176s] copying odometry/odometry.py -> /home/anavale/ros2_ws/src/build/odometry/build/lib/odometry
[1.176s] copying odometry/__init__.py -> /home/anavale/ros2_ws/src/build/odometry/build/lib/odometry
[1.176s] running install
[1.176s] running install_lib
[1.176s] creating /home/anavale/ros2_ws/src/install/odometry/lib/python3.10/site-packages/odometry
[1.176s] copying /home/anavale/ros2_ws/src/build/odometry/build/lib/odometry/odometry.py -> /home/anavale/ros2_ws/src/install/odometry/lib/python3.10/site-packages/odometry
[1.176s] copying /home/anavale/ros2_ws/src/build/odometry/build/lib/odometry/__init__.py -> /home/anavale/ros2_ws/src/install/odometry/lib/python3.10/site-packages/odometry
[1.177s] byte-compiling /home/anavale/ros2_ws/src/install/odometry/lib/python3.10/site-packages/odometry/odometry.py to odometry.cpython-310.pyc
[1.177s] byte-compiling /home/anavale/ros2_ws/src/install/odometry/lib/python3.10/site-packages/odometry/__init__.py to __init__.cpython-310.pyc
[1.177s] running install_data
[1.177s] creating /home/anavale/ros2_ws/src/install/odometry/share/ament_index
[1.177s] creating /home/anavale/ros2_ws/src/install/odometry/share/ament_index/resource_index
[1.177s] creating /home/anavale/ros2_ws/src/install/odometry/share/ament_index/resource_index/packages
[1.178s] copying resource/odometry -> /home/anavale/ros2_ws/src/install/odometry/share/ament_index/resource_index/packages
[1.178s] copying package.xml -> /home/anavale/ros2_ws/src/install/odometry/share/odometry
[1.178s] running install_egg_info
[1.179s] Copying ../build/odometry/odometry.egg-info to /home/anavale/ros2_ws/src/install/odometry/lib/python3.10/site-packages/odometry-0.0.0-py3.10.egg-info
[1.179s] running install_scripts
[1.196s] Installing odometry script to /home/anavale/ros2_ws/src/install/odometry/lib/odometry
[1.196s] writing list of installed files to '/home/anavale/ros2_ws/src/build/odometry/install.log'
[1.220s] Invoked command in '/home/anavale/ros2_ws/src/odometry' returned '0': PYTHONPATH=/home/anavale/ros2_ws/src/build/odometry/prefix_override:/home/anavale/ros2_ws/src/install/odometry/lib/python3.10/site-packages:${PYTHONPATH} /usr/bin/python3 -W ignore:setup.py install is deprecated setup.py egg_info --egg-base ../build/odometry build --build-base /home/anavale/ros2_ws/src/build/odometry/build install --record /home/anavale/ros2_ws/src/build/odometry/install.log --single-version-externally-managed install_data
