[0.522s] Invoking command in '/home/anavale/ros2_ws/src/odometry': PYTHONPATH=/home/anavale/ros2_ws/src/build/odometry/prefix_override:/home/anavale/ros2_ws/src/install/odometry/lib/python3.10/site-packages:${PYTHONPATH} /usr/bin/python3 -W ignore:setup.py install is deprecated setup.py egg_info --egg-base ../build/odometry build --build-base /home/anavale/ros2_ws/src/build/odometry/build install --record /home/anavale/ros2_ws/src/build/odometry/install.log --single-version-externally-managed install_data
[0.701s] running egg_info
[0.701s] writing ../build/odometry/odometry.egg-info/PKG-INFO
[0.701s] writing dependency_links to ../build/odometry/odometry.egg-info/dependency_links.txt
[0.701s] writing entry points to ../build/odometry/odometry.egg-info/entry_points.txt
[0.702s] writing requirements to ../build/odometry/odometry.egg-info/requires.txt
[0.702s] writing top-level names to ../build/odometry/odometry.egg-info/top_level.txt
[0.703s] reading manifest file '../build/odometry/odometry.egg-info/SOURCES.txt'
[0.703s] adding license file 'LICENSE'
[0.703s] writing manifest file '../build/odometry/odometry.egg-info/SOURCES.txt'
[0.704s] running build
[0.704s] running build_py
[0.704s] copying odometry/odometry.py -> /home/anavale/ros2_ws/src/build/odometry/build/lib/odometry
[0.704s] running install
[0.704s] running install_lib
[0.705s] copying /home/anavale/ros2_ws/src/build/odometry/build/lib/odometry/odometry.py -> /home/anavale/ros2_ws/src/install/odometry/lib/python3.10/site-packages/odometry
[0.705s] byte-compiling /home/anavale/ros2_ws/src/install/odometry/lib/python3.10/site-packages/odometry/odometry.py to odometry.cpython-310.pyc
[0.706s] running install_data
[0.706s] running install_egg_info
[0.707s] removing '/home/anavale/ros2_ws/src/install/odometry/lib/python3.10/site-packages/odometry-0.0.0-py3.10.egg-info' (and everything under it)
[0.707s] Copying ../build/odometry/odometry.egg-info to /home/anavale/ros2_ws/src/install/odometry/lib/python3.10/site-packages/odometry-0.0.0-py3.10.egg-info
[0.708s] running install_scripts
[0.724s] Installing odometry script to /home/anavale/ros2_ws/src/install/odometry/lib/odometry
[0.724s] writing list of installed files to '/home/anavale/ros2_ws/src/build/odometry/install.log'
[0.750s] Invoked command in '/home/anavale/ros2_ws/src/odometry' returned '0': PYTHONPATH=/home/anavale/ros2_ws/src/build/odometry/prefix_override:/home/anavale/ros2_ws/src/install/odometry/lib/python3.10/site-packages:${PYTHONPATH} /usr/bin/python3 -W ignore:setup.py install is deprecated setup.py egg_info --egg-base ../build/odometry build --build-base /home/anavale/ros2_ws/src/build/odometry/build install --record /home/anavale/ros2_ws/src/build/odometry/install.log --single-version-externally-managed install_data
