[1.674s] Invoking command in '/home/anavale/ros2_ws/src/odometry': PYTHONPATH=/home/anavale/ros2_ws/src/build/odometry/prefix_override:/home/anavale/ros2_ws/src/install/odometry/lib/python3.10/site-packages:${PYTHONPATH} /usr/bin/python3 -W ignore:setup.py install is deprecated setup.py egg_info --egg-base ../build/odometry build --build-base /home/anavale/ros2_ws/src/build/odometry/build install --record /home/anavale/ros2_ws/src/build/odometry/install.log --single-version-externally-managed install_data
[1.974s] running egg_info
[1.975s] writing ../build/odometry/odometry.egg-info/PKG-INFO
[1.999s] writing dependency_links to ../build/odometry/odometry.egg-info/dependency_links.txt
[2.000s] writing entry points to ../build/odometry/odometry.egg-info/entry_points.txt
[2.000s] writing requirements to ../build/odometry/odometry.egg-info/requires.txt
[2.000s] writing top-level names to ../build/odometry/odometry.egg-info/top_level.txt
[2.003s] reading manifest file '../build/odometry/odometry.egg-info/SOURCES.txt'
[2.025s] adding license file 'LICENSE'
[2.026s] writing manifest file '../build/odometry/odometry.egg-info/SOURCES.txt'
[2.026s] running build
[2.026s] running build_py
[2.028s] running install
[2.029s] running install_lib
[2.046s] running install_data
[2.048s] running install_egg_info
[2.050s] removing '/home/anavale/ros2_ws/src/install/odometry/lib/python3.10/site-packages/odometry-0.0.0-py3.10.egg-info' (and everything under it)
[2.051s] Copying ../build/odometry/odometry.egg-info to /home/anavale/ros2_ws/src/install/odometry/lib/python3.10/site-packages/odometry-0.0.0-py3.10.egg-info
[2.071s] running install_scripts
[2.100s] Installing odometry script to /home/anavale/ros2_ws/src/install/odometry/lib/odometry
[2.101s] writing list of installed files to '/home/anavale/ros2_ws/src/build/odometry/install.log'
[2.163s] Invoked command in '/home/anavale/ros2_ws/src/odometry' returned '0': PYTHONPATH=/home/anavale/ros2_ws/src/build/odometry/prefix_override:/home/anavale/ros2_ws/src/install/odometry/lib/python3.10/site-packages:${PYTHONPATH} /usr/bin/python3 -W ignore:setup.py install is deprecated setup.py egg_info --egg-base ../build/odometry build --build-base /home/anavale/ros2_ws/src/build/odometry/build install --record /home/anavale/ros2_ws/src/build/odometry/install.log --single-version-externally-managed install_data
