[0.869s] Invoking command in '/home/anavale/ros2_ws/src/build/odometry': PYTHONPATH=/home/anavale/ros2_ws/src/build/odometry/prefix_override:/home/anavale/ros2_ws/src/install/odometry/lib/python3.10/site-packages:${PYTHONPATH} /usr/bin/python3 -W ignore:setup.py install is deprecated setup.py develop --editable --build-directory /home/anavale/ros2_ws/src/build/odometry/build --no-deps symlink_data --force
[1.218s] running develop
[1.266s] /usr/lib/python3/dist-packages/setuptools/command/easy_install.py:158: EasyInstallDeprecationWarning: easy_install command is deprecated. Use build and pip and other standards-based tools.
[1.267s]   warnings.warn(
[1.469s] running egg_info
[1.469s] writing odometry.egg-info/PKG-INFO
[1.470s] writing dependency_links to odometry.egg-info/dependency_links.txt
[1.470s] writing entry points to odometry.egg-info/entry_points.txt
[1.470s] writing requirements to odometry.egg-info/requires.txt
[1.470s] writing top-level names to odometry.egg-info/top_level.txt
[1.472s] reading manifest file 'odometry.egg-info/SOURCES.txt'
[1.473s] writing manifest file 'odometry.egg-info/SOURCES.txt'
[1.474s] running build_ext
[1.474s] Creating /home/anavale/ros2_ws/src/install/odometry/lib/python3.10/site-packages/odometry.egg-link (link to .)
[1.475s] Installing odometry script to /home/anavale/ros2_ws/src/install/odometry/lib/odometry
[1.476s] 
[1.476s] Installed /home/anavale/ros2_ws/src/build/odometry
[1.476s] running symlink_data
[1.476s] symbolically linking /home/anavale/ros2_ws/src/build/odometry/resource/odometry -> /home/anavale/ros2_ws/src/install/odometry/share/ament_index/resource_index/packages
[1.476s] symbolically linking /home/anavale/ros2_ws/src/build/odometry/package.xml -> /home/anavale/ros2_ws/src/install/odometry/share/odometry
[1.477s] symbolically linking /home/anavale/ros2_ws/src/build/odometry/launch/send.launch.py -> /home/anavale/ros2_ws/src/install/odometry/share/odometry/launch
[1.514s] Invoked command in '/home/anavale/ros2_ws/src/build/odometry' returned '0': PYTHONPATH=/home/anavale/ros2_ws/src/build/odometry/prefix_override:/home/anavale/ros2_ws/src/install/odometry/lib/python3.10/site-packages:${PYTHONPATH} /usr/bin/python3 -W ignore:setup.py install is deprecated setup.py develop --editable --build-directory /home/anavale/ros2_ws/src/build/odometry/build --no-deps symlink_data --force
