[0.082s] DEBUG:colcon:Command line arguments: ['/usr/bin/colcon', 'build']
[0.082s] DEBUG:colcon:Parsed command line arguments: Namespace(log_base=None, log_level=None, verb_name='build', build_base='build', install_base='install', merge_install=False, symlink_install=False, test_result_base=None, continue_on_error=False, executor='parallel', parallel_workers=16, event_handlers=None, ignore_user_meta=False, metas=['./colcon.meta'], base_paths=['.'], packages_ignore=None, packages_ignore_regex=None, paths=None, packages_up_to=None, packages_up_to_regex=None, packages_above=None, packages_above_and_dependencies=None, packages_above_depth=None, packages_select_by_dep=None, packages_skip_by_dep=None, packages_skip_up_to=None, packages_select_build_failed=False, packages_skip_build_finished=False, packages_select_test_failures=False, packages_skip_test_passed=False, packages_select=None, packages_skip=None, packages_select_regex=None, packages_skip_regex=None, packages_start=None, packages_end=None, allow_overriding=[], cmake_args=None, cmake_target=None, cmake_target_skip_unavailable=False, cmake_clean_cache=False, cmake_clean_first=False, cmake_force_configure=False, ament_cmake_args=None, catkin_cmake_args=None, catkin_skip_building_tests=False, mixin_files=None, mixin=None, verb_parser=<colcon_mixin.mixin.mixin_argument.MixinArgumentDecorator object at 0x75801253a7a0>, verb_extension=<colcon_core.verb.build.BuildVerb object at 0x75801253a1d0>, main=<bound method BuildVerb.main of <colcon_core.verb.build.BuildVerb object at 0x75801253a1d0>>, mixin_verb=('build',))
[0.217s] Level 1:colcon.colcon_core.package_discovery:discover_packages(colcon_meta) check parameters
[0.217s] Level 1:colcon.colcon_core.package_discovery:discover_packages(recursive) check parameters
[0.217s] Level 1:colcon.colcon_core.package_discovery:discover_packages(ignore) check parameters
[0.217s] Level 1:colcon.colcon_core.package_discovery:discover_packages(path) check parameters
[0.217s] Level 1:colcon.colcon_core.package_discovery:discover_packages(colcon_meta) discover
[0.217s] Level 1:colcon.colcon_core.package_discovery:discover_packages(recursive) discover
[0.217s] INFO:colcon.colcon_core.package_discovery:Crawling recursively for packages in '/home/anavale/ros2_ws'
[0.217s] Level 1:colcon.colcon_core.package_identification:_identify(.) by extensions ['ignore', 'ignore_ament_install']
[0.217s] Level 1:colcon.colcon_core.package_identification:_identify(.) by extension 'ignore'
[0.218s] Level 1:colcon.colcon_core.package_identification:_identify(.) by extension 'ignore_ament_install'
[0.218s] Level 1:colcon.colcon_core.package_identification:_identify(.) by extensions ['colcon_pkg']
[0.218s] Level 1:colcon.colcon_core.package_identification:_identify(.) by extension 'colcon_pkg'
[0.218s] Level 1:colcon.colcon_core.package_identification:_identify(.) by extensions ['colcon_meta']
[0.218s] Level 1:colcon.colcon_core.package_identification:_identify(.) by extension 'colcon_meta'
[0.218s] Level 1:colcon.colcon_core.package_identification:_identify(.) by extensions ['ros']
[0.218s] Level 1:colcon.colcon_core.package_identification:_identify(.) by extension 'ros'
[0.226s] Level 1:colcon.colcon_core.package_identification:_identify(.) by extensions ['cmake', 'python']
[0.226s] Level 1:colcon.colcon_core.package_identification:_identify(.) by extension 'cmake'
[0.226s] Level 1:colcon.colcon_core.package_identification:_identify(.) by extension 'python'
[0.226s] Level 1:colcon.colcon_core.package_identification:_identify(.) by extensions ['python_setup_py']
[0.226s] Level 1:colcon.colcon_core.package_identification:_identify(.) by extension 'python_setup_py'
[0.226s] Level 1:colcon.colcon_core.package_identification:_identify(build) by extensions ['ignore', 'ignore_ament_install']
[0.226s] Level 1:colcon.colcon_core.package_identification:_identify(build) by extension 'ignore'
[0.226s] Level 1:colcon.colcon_core.package_identification:_identify(build) ignored
[0.226s] Level 1:colcon.colcon_core.package_identification:_identify(install) by extensions ['ignore', 'ignore_ament_install']
[0.226s] Level 1:colcon.colcon_core.package_identification:_identify(install) by extension 'ignore'
[0.226s] Level 1:colcon.colcon_core.package_identification:_identify(install) ignored
[0.226s] Level 1:colcon.colcon_core.package_identification:_identify(log) by extensions ['ignore', 'ignore_ament_install']
[0.227s] Level 1:colcon.colcon_core.package_identification:_identify(log) by extension 'ignore'
[0.227s] Level 1:colcon.colcon_core.package_identification:_identify(log) ignored
[0.227s] Level 1:colcon.colcon_core.package_identification:_identify(odometry) by extensions ['ignore', 'ignore_ament_install']
[0.227s] Level 1:colcon.colcon_core.package_identification:_identify(odometry) by extension 'ignore'
[0.227s] Level 1:colcon.colcon_core.package_identification:_identify(odometry) by extension 'ignore_ament_install'
[0.227s] Level 1:colcon.colcon_core.package_identification:_identify(odometry) by extensions ['colcon_pkg']
[0.227s] Level 1:colcon.colcon_core.package_identification:_identify(odometry) by extension 'colcon_pkg'
[0.227s] Level 1:colcon.colcon_core.package_identification:_identify(odometry) by extensions ['colcon_meta']
[0.227s] Level 1:colcon.colcon_core.package_identification:_identify(odometry) by extension 'colcon_meta'
[0.227s] Level 1:colcon.colcon_core.package_identification:_identify(odometry) by extensions ['ros']
[0.227s] Level 1:colcon.colcon_core.package_identification:_identify(odometry) by extension 'ros'
[0.838s] DEBUG:colcon.colcon_core.package_identification:Package 'odometry' with type 'ros.ament_python' and name 'odometry'
[0.838s] Level 1:colcon.colcon_core.package_identification:_identify(src) by extensions ['ignore', 'ignore_ament_install']
[0.838s] Level 1:colcon.colcon_core.package_identification:_identify(src) by extension 'ignore'
[0.838s] Level 1:colcon.colcon_core.package_identification:_identify(src) by extension 'ignore_ament_install'
[0.838s] Level 1:colcon.colcon_core.package_identification:_identify(src) by extensions ['colcon_pkg']
[0.838s] Level 1:colcon.colcon_core.package_identification:_identify(src) by extension 'colcon_pkg'
[0.838s] Level 1:colcon.colcon_core.package_identification:_identify(src) by extensions ['colcon_meta']
[0.838s] Level 1:colcon.colcon_core.package_identification:_identify(src) by extension 'colcon_meta'
[0.838s] Level 1:colcon.colcon_core.package_identification:_identify(src) by extensions ['ros']
[0.839s] Level 1:colcon.colcon_core.package_identification:_identify(src) by extension 'ros'
[0.839s] Level 1:colcon.colcon_core.package_identification:_identify(src) by extensions ['cmake', 'python']
[0.839s] Level 1:colcon.colcon_core.package_identification:_identify(src) by extension 'cmake'
[0.839s] Level 1:colcon.colcon_core.package_identification:_identify(src) by extension 'python'
[0.839s] Level 1:colcon.colcon_core.package_identification:_identify(src) by extensions ['python_setup_py']
[0.839s] Level 1:colcon.colcon_core.package_identification:_identify(src) by extension 'python_setup_py'
[0.839s] Level 1:colcon.colcon_core.package_discovery:discover_packages(recursive) using defaults
[0.839s] Level 1:colcon.colcon_core.package_discovery:discover_packages(ignore) discover
[0.839s] Level 1:colcon.colcon_core.package_discovery:discover_packages(ignore) using defaults
[0.839s] Level 1:colcon.colcon_core.package_discovery:discover_packages(path) discover
[0.839s] Level 1:colcon.colcon_core.package_discovery:discover_packages(path) using defaults
[0.864s] Level 1:colcon.colcon_core.package_discovery:discover_packages(prefix_path) check parameters
[0.864s] Level 1:colcon.colcon_core.package_discovery:discover_packages(prefix_path) discover
[0.865s] DEBUG:colcon.colcon_installed_package_information.package_discovery:Found 0 installed packages in /home/anavale/ros2_ws/install
[0.865s] DEBUG:colcon.colcon_installed_package_information.package_discovery:Found 3 installed packages in /home/anavale/ros2_utilities_ws/install
[0.866s] DEBUG:colcon.colcon_installed_package_information.package_discovery:Found 270 installed packages in /opt/ros/humble
[0.867s] Level 1:colcon.colcon_core.package_discovery:discover_packages(prefix_path) using defaults
[0.895s] Level 5:colcon.colcon_core.verb:set package 'odometry' build argument 'cmake_args' from command line to 'None'
[0.895s] Level 5:colcon.colcon_core.verb:set package 'odometry' build argument 'cmake_target' from command line to 'None'
[0.895s] Level 5:colcon.colcon_core.verb:set package 'odometry' build argument 'cmake_target_skip_unavailable' from command line to 'False'
[0.895s] Level 5:colcon.colcon_core.verb:set package 'odometry' build argument 'cmake_clean_cache' from command line to 'False'
[0.895s] Level 5:colcon.colcon_core.verb:set package 'odometry' build argument 'cmake_clean_first' from command line to 'False'
[0.895s] Level 5:colcon.colcon_core.verb:set package 'odometry' build argument 'cmake_force_configure' from command line to 'False'
[0.895s] Level 5:colcon.colcon_core.verb:set package 'odometry' build argument 'ament_cmake_args' from command line to 'None'
[0.895s] Level 5:colcon.colcon_core.verb:set package 'odometry' build argument 'catkin_cmake_args' from command line to 'None'
[0.895s] Level 5:colcon.colcon_core.verb:set package 'odometry' build argument 'catkin_skip_building_tests' from command line to 'False'
[0.895s] DEBUG:colcon.colcon_core.verb:Building package 'odometry' with the following arguments: {'ament_cmake_args': None, 'build_base': '/home/anavale/ros2_ws/build/odometry', 'catkin_cmake_args': None, 'catkin_skip_building_tests': False, 'cmake_args': None, 'cmake_clean_cache': False, 'cmake_clean_first': False, 'cmake_force_configure': False, 'cmake_target': None, 'cmake_target_skip_unavailable': False, 'install_base': '/home/anavale/ros2_ws/install/odometry', 'merge_install': False, 'path': '/home/anavale/ros2_ws/odometry', 'symlink_install': False, 'test_result_base': None}
[0.895s] INFO:colcon.colcon_core.executor:Executing jobs using 'parallel' executor
[0.896s] DEBUG:colcon.colcon_parallel_executor.executor.parallel:run_until_complete
[0.897s] INFO:colcon.colcon_ros.task.ament_python.build:Building ROS package in '/home/anavale/ros2_ws/odometry' with build type 'ament_python'
[0.897s] Level 1:colcon.colcon_core.shell:create_environment_hook('odometry', 'ament_prefix_path')
[0.899s] INFO:colcon.colcon_core.plugin_system:Skipping extension 'colcon_core.shell.bat': Not used on non-Windows systems
[0.899s] INFO:colcon.colcon_core.shell:Creating environment hook '/home/anavale/ros2_ws/install/odometry/share/odometry/hook/ament_prefix_path.ps1'
[1.146s] INFO:colcon.colcon_core.shell:Creating environment descriptor '/home/anavale/ros2_ws/install/odometry/share/odometry/hook/ament_prefix_path.dsv'
[1.170s] INFO:colcon.colcon_core.shell:Creating environment hook '/home/anavale/ros2_ws/install/odometry/share/odometry/hook/ament_prefix_path.sh'
[1.171s] INFO:colcon.colcon_core.shell:Skip shell extension 'powershell' for command environment: Not usable outside of PowerShell
[1.171s] DEBUG:colcon.colcon_core.shell:Skip shell extension 'dsv' for command environment
[1.469s] INFO:colcon.colcon_core.task.python.build:Building Python package in '/home/anavale/ros2_ws/odometry'
[1.469s] INFO:colcon.colcon_core.shell:Skip shell extension 'powershell' for command environment: Not usable outside of PowerShell
[1.469s] DEBUG:colcon.colcon_core.shell:Skip shell extension 'dsv' for command environment
[2.355s] DEBUG:colcon.colcon_core.event_handler.log_command:Invoking command in '/home/anavale/ros2_ws/odometry': PYTHONPATH=/home/anavale/ros2_ws/build/odometry/prefix_override:/home/anavale/ros2_ws/install/odometry/lib/python3.10/site-packages:${PYTHONPATH} /usr/bin/python3 -W ignore:setup.py install is deprecated setup.py egg_info --egg-base ../build/odometry build --build-base /home/anavale/ros2_ws/build/odometry/build install --record /home/anavale/ros2_ws/build/odometry/install.log --single-version-externally-managed install_data
[2.585s] DEBUG:colcon.colcon_core.event_handler.log_command:Invoked command in '/home/anavale/ros2_ws/odometry' returned '0': PYTHONPATH=/home/anavale/ros2_ws/build/odometry/prefix_override:/home/anavale/ros2_ws/install/odometry/lib/python3.10/site-packages:${PYTHONPATH} /usr/bin/python3 -W ignore:setup.py install is deprecated setup.py egg_info --egg-base ../build/odometry build --build-base /home/anavale/ros2_ws/build/odometry/build install --record /home/anavale/ros2_ws/build/odometry/install.log --single-version-externally-managed install_data
[2.588s] Level 1:colcon.colcon_core.environment:checking '/home/anavale/ros2_ws/install/odometry' for CMake module files
[2.588s] Level 1:colcon.colcon_core.environment:checking '/home/anavale/ros2_ws/install/odometry' for CMake config files
[2.589s] Level 1:colcon.colcon_core.environment:checking '/home/anavale/ros2_ws/install/odometry/lib'
[2.589s] Level 1:colcon.colcon_core.environment:checking '/home/anavale/ros2_ws/install/odometry/bin'
[2.589s] Level 1:colcon.colcon_core.environment:checking '/home/anavale/ros2_ws/install/odometry/lib/pkgconfig/odometry.pc'
[2.589s] Level 1:colcon.colcon_core.environment:checking '/home/anavale/ros2_ws/install/odometry/lib/python3.10/site-packages'
[2.589s] Level 1:colcon.colcon_core.shell:create_environment_hook('odometry', 'pythonpath')
[2.589s] INFO:colcon.colcon_core.shell:Creating environment hook '/home/anavale/ros2_ws/install/odometry/share/odometry/hook/pythonpath.ps1'
[2.590s] INFO:colcon.colcon_core.shell:Creating environment descriptor '/home/anavale/ros2_ws/install/odometry/share/odometry/hook/pythonpath.dsv'
[2.590s] INFO:colcon.colcon_core.shell:Creating environment hook '/home/anavale/ros2_ws/install/odometry/share/odometry/hook/pythonpath.sh'
[2.590s] Level 1:colcon.colcon_core.environment:checking '/home/anavale/ros2_ws/install/odometry/bin'
[2.590s] Level 1:colcon.colcon_core.environment:create_environment_scripts_only(odometry)
[2.590s] INFO:colcon.colcon_core.shell:Creating package script '/home/anavale/ros2_ws/install/odometry/share/odometry/package.ps1'
[2.591s] INFO:colcon.colcon_core.shell:Creating package descriptor '/home/anavale/ros2_ws/install/odometry/share/odometry/package.dsv'
[2.592s] INFO:colcon.colcon_core.shell:Creating package script '/home/anavale/ros2_ws/install/odometry/share/odometry/package.sh'
[2.592s] INFO:colcon.colcon_core.shell:Creating package script '/home/anavale/ros2_ws/install/odometry/share/odometry/package.bash'
[2.638s] INFO:colcon.colcon_core.shell:Creating package script '/home/anavale/ros2_ws/install/odometry/share/odometry/package.zsh'
[2.655s] Level 1:colcon.colcon_core.environment:create_file_with_runtime_dependencies(/home/anavale/ros2_ws/install/odometry/share/colcon-core/packages/odometry)
[2.656s] DEBUG:colcon.colcon_parallel_executor.executor.parallel:closing loop
[2.657s] DEBUG:colcon.colcon_parallel_executor.executor.parallel:loop closed
[2.657s] DEBUG:colcon.colcon_parallel_executor.executor.parallel:run_until_complete finished with '0'
[2.657s] DEBUG:colcon.colcon_core.event_reactor:joining thread
[2.668s] INFO:colcon.colcon_core.plugin_system:Skipping extension 'colcon_notification.desktop_notification.terminal_notifier': Not used on non-Darwin systems
[2.668s] INFO:colcon.colcon_core.plugin_system:Skipping extension 'colcon_notification.desktop_notification.win32': Not used on non-Windows systems
[2.668s] INFO:colcon.colcon_notification.desktop_notification:Sending desktop notification using 'notify2'
[2.942s] DEBUG:colcon.colcon_core.event_reactor:joined thread
[2.942s] INFO:colcon.colcon_core.shell:Creating prefix script '/home/anavale/ros2_ws/install/local_setup.ps1'
[2.944s] INFO:colcon.colcon_core.shell:Creating prefix util module '/home/anavale/ros2_ws/install/_local_setup_util_ps1.py'
[2.945s] INFO:colcon.colcon_core.shell:Creating prefix chain script '/home/anavale/ros2_ws/install/setup.ps1'
[2.945s] INFO:colcon.colcon_core.shell:Creating prefix script '/home/anavale/ros2_ws/install/local_setup.sh'
[2.946s] INFO:colcon.colcon_core.shell:Creating prefix util module '/home/anavale/ros2_ws/install/_local_setup_util_sh.py'
[2.946s] INFO:colcon.colcon_core.shell:Creating prefix chain script '/home/anavale/ros2_ws/install/setup.sh'
[2.947s] INFO:colcon.colcon_core.shell:Creating prefix script '/home/anavale/ros2_ws/install/local_setup.bash'
[2.948s] INFO:colcon.colcon_core.shell:Creating prefix chain script '/home/anavale/ros2_ws/install/setup.bash'
[2.949s] INFO:colcon.colcon_core.shell:Creating prefix script '/home/anavale/ros2_ws/install/local_setup.zsh'
[2.949s] INFO:colcon.colcon_core.shell:Creating prefix chain script '/home/anavale/ros2_ws/install/setup.zsh'
