[0.143s] DEBUG:colcon:Command line arguments: ['/usr/bin/colcon', 'build']
[0.143s] DEBUG:colcon:Parsed command line arguments: Namespace(log_base=None, log_level=None, verb_name='build', build_base='build', install_base='install', merge_install=False, symlink_install=False, test_result_base=None, continue_on_error=False, executor='parallel', parallel_workers=16, event_handlers=None, ignore_user_meta=False, metas=['./colcon.meta'], base_paths=['.'], packages_ignore=None, packages_ignore_regex=None, paths=None, packages_up_to=None, packages_up_to_regex=None, packages_above=None, packages_above_and_dependencies=None, packages_above_depth=None, packages_select_by_dep=None, packages_skip_by_dep=None, packages_skip_up_to=None, packages_select_build_failed=False, packages_skip_build_finished=False, packages_select_test_failures=False, packages_skip_test_passed=False, packages_select=None, packages_skip=None, packages_select_regex=None, packages_skip_regex=None, packages_start=None, packages_end=None, allow_overriding=[], cmake_args=None, cmake_target=None, cmake_target_skip_unavailable=False, cmake_clean_cache=False, cmake_clean_first=False, cmake_force_configure=False, ament_cmake_args=None, catkin_cmake_args=None, catkin_skip_building_tests=False, mixin_files=None, mixin=None, verb_parser=<colcon_mixin.mixin.mixin_argument.MixinArgumentDecorator object at 0x78aa7d726290>, verb_extension=<colcon_core.verb.build.BuildVerb object at 0x78aa7d725cc0>, main=<bound method BuildVerb.main of <colcon_core.verb.build.BuildVerb object at 0x78aa7d725cc0>>, mixin_verb=('build',))
[0.375s] Level 1:colcon.colcon_core.package_discovery:discover_packages(colcon_meta) check parameters
[0.375s] Level 1:colcon.colcon_core.package_discovery:discover_packages(recursive) check parameters
[0.375s] Level 1:colcon.colcon_core.package_discovery:discover_packages(ignore) check parameters
[0.375s] Level 1:colcon.colcon_core.package_discovery:discover_packages(path) check parameters
[0.375s] Level 1:colcon.colcon_core.package_discovery:discover_packages(colcon_meta) discover
[0.375s] Level 1:colcon.colcon_core.package_discovery:discover_packages(recursive) discover
[0.375s] INFO:colcon.colcon_core.package_discovery:Crawling recursively for packages in '/home/anavale/ros2_ws/src'
[0.375s] Level 1:colcon.colcon_core.package_identification:_identify(.) by extensions ['ignore', 'ignore_ament_install']
[0.375s] Level 1:colcon.colcon_core.package_identification:_identify(.) by extension 'ignore'
[0.376s] Level 1:colcon.colcon_core.package_identification:_identify(.) by extension 'ignore_ament_install'
[0.376s] Level 1:colcon.colcon_core.package_identification:_identify(.) by extensions ['colcon_pkg']
[0.376s] Level 1:colcon.colcon_core.package_identification:_identify(.) by extension 'colcon_pkg'
[0.376s] Level 1:colcon.colcon_core.package_identification:_identify(.) by extensions ['colcon_meta']
[0.376s] Level 1:colcon.colcon_core.package_identification:_identify(.) by extension 'colcon_meta'
[0.376s] Level 1:colcon.colcon_core.package_identification:_identify(.) by extensions ['ros']
[0.376s] Level 1:colcon.colcon_core.package_identification:_identify(.) by extension 'ros'
[0.390s] Level 1:colcon.colcon_core.package_identification:_identify(.) by extensions ['cmake', 'python']
[0.390s] Level 1:colcon.colcon_core.package_identification:_identify(.) by extension 'cmake'
[0.390s] Level 1:colcon.colcon_core.package_identification:_identify(.) by extension 'python'
[0.390s] Level 1:colcon.colcon_core.package_identification:_identify(.) by extensions ['python_setup_py']
[0.390s] Level 1:colcon.colcon_core.package_identification:_identify(.) by extension 'python_setup_py'
[0.391s] Level 1:colcon.colcon_core.package_identification:_identify(build) by extensions ['ignore', 'ignore_ament_install']
[0.391s] Level 1:colcon.colcon_core.package_identification:_identify(build) by extension 'ignore'
[0.391s] Level 1:colcon.colcon_core.package_identification:_identify(build) ignored
[0.391s] Level 1:colcon.colcon_core.package_identification:_identify(install) by extensions ['ignore', 'ignore_ament_install']
[0.391s] Level 1:colcon.colcon_core.package_identification:_identify(install) by extension 'ignore'
[0.391s] Level 1:colcon.colcon_core.package_identification:_identify(install) ignored
[0.391s] Level 1:colcon.colcon_core.package_identification:_identify(log) by extensions ['ignore', 'ignore_ament_install']
[0.391s] Level 1:colcon.colcon_core.package_identification:_identify(log) by extension 'ignore'
[0.391s] Level 1:colcon.colcon_core.package_identification:_identify(log) ignored
[0.392s] Level 1:colcon.colcon_core.package_identification:_identify(odometry) by extensions ['ignore', 'ignore_ament_install']
[0.392s] Level 1:colcon.colcon_core.package_identification:_identify(odometry) by extension 'ignore'
[0.392s] Level 1:colcon.colcon_core.package_identification:_identify(odometry) by extension 'ignore_ament_install'
[0.392s] Level 1:colcon.colcon_core.package_identification:_identify(odometry) by extensions ['colcon_pkg']
[0.392s] Level 1:colcon.colcon_core.package_identification:_identify(odometry) by extension 'colcon_pkg'
[0.392s] Level 1:colcon.colcon_core.package_identification:_identify(odometry) by extensions ['colcon_meta']
[0.392s] Level 1:colcon.colcon_core.package_identification:_identify(odometry) by extension 'colcon_meta'
[0.392s] Level 1:colcon.colcon_core.package_identification:_identify(odometry) by extensions ['ros']
[0.392s] Level 1:colcon.colcon_core.package_identification:_identify(odometry) by extension 'ros'
[0.397s] DEBUG:colcon.colcon_core.package_identification:Package 'odometry' with type 'ros.ament_python' and name 'odometry'
[0.397s] Level 1:colcon.colcon_core.package_identification:_identify(rosbag2_2024_04_28-13_42_16) by extensions ['ignore', 'ignore_ament_install']
[0.397s] Level 1:colcon.colcon_core.package_identification:_identify(rosbag2_2024_04_28-13_42_16) by extension 'ignore'
[0.398s] Level 1:colcon.colcon_core.package_identification:_identify(rosbag2_2024_04_28-13_42_16) by extension 'ignore_ament_install'
[0.398s] Level 1:colcon.colcon_core.package_identification:_identify(rosbag2_2024_04_28-13_42_16) by extensions ['colcon_pkg']
[0.398s] Level 1:colcon.colcon_core.package_identification:_identify(rosbag2_2024_04_28-13_42_16) by extension 'colcon_pkg'
[0.398s] Level 1:colcon.colcon_core.package_identification:_identify(rosbag2_2024_04_28-13_42_16) by extensions ['colcon_meta']
[0.398s] Level 1:colcon.colcon_core.package_identification:_identify(rosbag2_2024_04_28-13_42_16) by extension 'colcon_meta'
[0.398s] Level 1:colcon.colcon_core.package_identification:_identify(rosbag2_2024_04_28-13_42_16) by extensions ['ros']
[0.398s] Level 1:colcon.colcon_core.package_identification:_identify(rosbag2_2024_04_28-13_42_16) by extension 'ros'
[0.398s] Level 1:colcon.colcon_core.package_identification:_identify(rosbag2_2024_04_28-13_42_16) by extensions ['cmake', 'python']
[0.398s] Level 1:colcon.colcon_core.package_identification:_identify(rosbag2_2024_04_28-13_42_16) by extension 'cmake'
[0.398s] Level 1:colcon.colcon_core.package_identification:_identify(rosbag2_2024_04_28-13_42_16) by extension 'python'
[0.398s] Level 1:colcon.colcon_core.package_identification:_identify(rosbag2_2024_04_28-13_42_16) by extensions ['python_setup_py']
[0.398s] Level 1:colcon.colcon_core.package_identification:_identify(rosbag2_2024_04_28-13_42_16) by extension 'python_setup_py'
[0.398s] Level 1:colcon.colcon_core.package_identification:_identify(rosbag2_2024_04_28-14_38_54) by extensions ['ignore', 'ignore_ament_install']
[0.398s] Level 1:colcon.colcon_core.package_identification:_identify(rosbag2_2024_04_28-14_38_54) by extension 'ignore'
[0.398s] Level 1:colcon.colcon_core.package_identification:_identify(rosbag2_2024_04_28-14_38_54) by extension 'ignore_ament_install'
[0.399s] Level 1:colcon.colcon_core.package_identification:_identify(rosbag2_2024_04_28-14_38_54) by extensions ['colcon_pkg']
[0.399s] Level 1:colcon.colcon_core.package_identification:_identify(rosbag2_2024_04_28-14_38_54) by extension 'colcon_pkg'
[0.399s] Level 1:colcon.colcon_core.package_identification:_identify(rosbag2_2024_04_28-14_38_54) by extensions ['colcon_meta']
[0.399s] Level 1:colcon.colcon_core.package_identification:_identify(rosbag2_2024_04_28-14_38_54) by extension 'colcon_meta'
[0.399s] Level 1:colcon.colcon_core.package_identification:_identify(rosbag2_2024_04_28-14_38_54) by extensions ['ros']
[0.399s] Level 1:colcon.colcon_core.package_identification:_identify(rosbag2_2024_04_28-14_38_54) by extension 'ros'
[0.399s] Level 1:colcon.colcon_core.package_identification:_identify(rosbag2_2024_04_28-14_38_54) by extensions ['cmake', 'python']
[0.399s] Level 1:colcon.colcon_core.package_identification:_identify(rosbag2_2024_04_28-14_38_54) by extension 'cmake'
[0.399s] Level 1:colcon.colcon_core.package_identification:_identify(rosbag2_2024_04_28-14_38_54) by extension 'python'
[0.399s] Level 1:colcon.colcon_core.package_identification:_identify(rosbag2_2024_04_28-14_38_54) by extensions ['python_setup_py']
[0.399s] Level 1:colcon.colcon_core.package_identification:_identify(rosbag2_2024_04_28-14_38_54) by extension 'python_setup_py'
[0.399s] Level 1:colcon.colcon_core.package_identification:_identify(rosbag2_2024_04_28-14_40_32) by extensions ['ignore', 'ignore_ament_install']
[0.399s] Level 1:colcon.colcon_core.package_identification:_identify(rosbag2_2024_04_28-14_40_32) by extension 'ignore'
[0.399s] Level 1:colcon.colcon_core.package_identification:_identify(rosbag2_2024_04_28-14_40_32) by extension 'ignore_ament_install'
[0.399s] Level 1:colcon.colcon_core.package_identification:_identify(rosbag2_2024_04_28-14_40_32) by extensions ['colcon_pkg']
[0.399s] Level 1:colcon.colcon_core.package_identification:_identify(rosbag2_2024_04_28-14_40_32) by extension 'colcon_pkg'
[0.399s] Level 1:colcon.colcon_core.package_identification:_identify(rosbag2_2024_04_28-14_40_32) by extensions ['colcon_meta']
[0.399s] Level 1:colcon.colcon_core.package_identification:_identify(rosbag2_2024_04_28-14_40_32) by extension 'colcon_meta'
[0.400s] Level 1:colcon.colcon_core.package_identification:_identify(rosbag2_2024_04_28-14_40_32) by extensions ['ros']
[0.400s] Level 1:colcon.colcon_core.package_identification:_identify(rosbag2_2024_04_28-14_40_32) by extension 'ros'
[0.400s] Level 1:colcon.colcon_core.package_identification:_identify(rosbag2_2024_04_28-14_40_32) by extensions ['cmake', 'python']
[0.400s] Level 1:colcon.colcon_core.package_identification:_identify(rosbag2_2024_04_28-14_40_32) by extension 'cmake'
[0.400s] Level 1:colcon.colcon_core.package_identification:_identify(rosbag2_2024_04_28-14_40_32) by extension 'python'
[0.400s] Level 1:colcon.colcon_core.package_identification:_identify(rosbag2_2024_04_28-14_40_32) by extensions ['python_setup_py']
[0.400s] Level 1:colcon.colcon_core.package_identification:_identify(rosbag2_2024_04_28-14_40_32) by extension 'python_setup_py'
[0.400s] Level 1:colcon.colcon_core.package_identification:_identify(rosbag2_2024_04_28-18_39_08) by extensions ['ignore', 'ignore_ament_install']
[0.400s] Level 1:colcon.colcon_core.package_identification:_identify(rosbag2_2024_04_28-18_39_08) by extension 'ignore'
[0.400s] Level 1:colcon.colcon_core.package_identification:_identify(rosbag2_2024_04_28-18_39_08) by extension 'ignore_ament_install'
[0.400s] Level 1:colcon.colcon_core.package_identification:_identify(rosbag2_2024_04_28-18_39_08) by extensions ['colcon_pkg']
[0.400s] Level 1:colcon.colcon_core.package_identification:_identify(rosbag2_2024_04_28-18_39_08) by extension 'colcon_pkg'
[0.400s] Level 1:colcon.colcon_core.package_identification:_identify(rosbag2_2024_04_28-18_39_08) by extensions ['colcon_meta']
[0.400s] Level 1:colcon.colcon_core.package_identification:_identify(rosbag2_2024_04_28-18_39_08) by extension 'colcon_meta'
[0.400s] Level 1:colcon.colcon_core.package_identification:_identify(rosbag2_2024_04_28-18_39_08) by extensions ['ros']
[0.400s] Level 1:colcon.colcon_core.package_identification:_identify(rosbag2_2024_04_28-18_39_08) by extension 'ros'
[0.401s] Level 1:colcon.colcon_core.package_identification:_identify(rosbag2_2024_04_28-18_39_08) by extensions ['cmake', 'python']
[0.401s] Level 1:colcon.colcon_core.package_identification:_identify(rosbag2_2024_04_28-18_39_08) by extension 'cmake'
[0.401s] Level 1:colcon.colcon_core.package_identification:_identify(rosbag2_2024_04_28-18_39_08) by extension 'python'
[0.401s] Level 1:colcon.colcon_core.package_identification:_identify(rosbag2_2024_04_28-18_39_08) by extensions ['python_setup_py']
[0.401s] Level 1:colcon.colcon_core.package_identification:_identify(rosbag2_2024_04_28-18_39_08) by extension 'python_setup_py'
[0.401s] Level 1:colcon.colcon_core.package_identification:_identify(rosbag2_2024_04_28-19_41_18) by extensions ['ignore', 'ignore_ament_install']
[0.401s] Level 1:colcon.colcon_core.package_identification:_identify(rosbag2_2024_04_28-19_41_18) by extension 'ignore'
[0.401s] Level 1:colcon.colcon_core.package_identification:_identify(rosbag2_2024_04_28-19_41_18) by extension 'ignore_ament_install'
[0.401s] Level 1:colcon.colcon_core.package_identification:_identify(rosbag2_2024_04_28-19_41_18) by extensions ['colcon_pkg']
[0.401s] Level 1:colcon.colcon_core.package_identification:_identify(rosbag2_2024_04_28-19_41_18) by extension 'colcon_pkg'
[0.401s] Level 1:colcon.colcon_core.package_identification:_identify(rosbag2_2024_04_28-19_41_18) by extensions ['colcon_meta']
[0.401s] Level 1:colcon.colcon_core.package_identification:_identify(rosbag2_2024_04_28-19_41_18) by extension 'colcon_meta'
[0.401s] Level 1:colcon.colcon_core.package_identification:_identify(rosbag2_2024_04_28-19_41_18) by extensions ['ros']
[0.401s] Level 1:colcon.colcon_core.package_identification:_identify(rosbag2_2024_04_28-19_41_18) by extension 'ros'
[0.401s] Level 1:colcon.colcon_core.package_identification:_identify(rosbag2_2024_04_28-19_41_18) by extensions ['cmake', 'python']
[0.401s] Level 1:colcon.colcon_core.package_identification:_identify(rosbag2_2024_04_28-19_41_18) by extension 'cmake'
[0.402s] Level 1:colcon.colcon_core.package_identification:_identify(rosbag2_2024_04_28-19_41_18) by extension 'python'
[0.402s] Level 1:colcon.colcon_core.package_identification:_identify(rosbag2_2024_04_28-19_41_18) by extensions ['python_setup_py']
[0.402s] Level 1:colcon.colcon_core.package_identification:_identify(rosbag2_2024_04_28-19_41_18) by extension 'python_setup_py'
[0.402s] Level 1:colcon.colcon_core.package_discovery:discover_packages(recursive) using defaults
[0.402s] Level 1:colcon.colcon_core.package_discovery:discover_packages(ignore) discover
[0.402s] Level 1:colcon.colcon_core.package_discovery:discover_packages(ignore) using defaults
[0.402s] Level 1:colcon.colcon_core.package_discovery:discover_packages(path) discover
[0.402s] Level 1:colcon.colcon_core.package_discovery:discover_packages(path) using defaults
[0.447s] Level 1:colcon.colcon_core.package_discovery:discover_packages(prefix_path) check parameters
[0.447s] Level 1:colcon.colcon_core.package_discovery:discover_packages(prefix_path) discover
[0.449s] DEBUG:colcon.colcon_installed_package_information.package_discovery:Found 1 installed packages in /home/anavale/ros2_ws/src/install
[0.449s] DEBUG:colcon.colcon_installed_package_information.package_discovery:Found 3 installed packages in /home/anavale/ros2_utilities_ws/install
[0.451s] DEBUG:colcon.colcon_installed_package_information.package_discovery:Found 270 installed packages in /opt/ros/humble
[0.453s] Level 1:colcon.colcon_core.package_discovery:discover_packages(prefix_path) using defaults
[0.501s] Level 5:colcon.colcon_core.verb:set package 'odometry' build argument 'cmake_args' from command line to 'None'
[0.501s] Level 5:colcon.colcon_core.verb:set package 'odometry' build argument 'cmake_target' from command line to 'None'
[0.501s] Level 5:colcon.colcon_core.verb:set package 'odometry' build argument 'cmake_target_skip_unavailable' from command line to 'False'
[0.501s] Level 5:colcon.colcon_core.verb:set package 'odometry' build argument 'cmake_clean_cache' from command line to 'False'
[0.501s] Level 5:colcon.colcon_core.verb:set package 'odometry' build argument 'cmake_clean_first' from command line to 'False'
[0.501s] Level 5:colcon.colcon_core.verb:set package 'odometry' build argument 'cmake_force_configure' from command line to 'False'
[0.501s] Level 5:colcon.colcon_core.verb:set package 'odometry' build argument 'ament_cmake_args' from command line to 'None'
[0.501s] Level 5:colcon.colcon_core.verb:set package 'odometry' build argument 'catkin_cmake_args' from command line to 'None'
[0.501s] Level 5:colcon.colcon_core.verb:set package 'odometry' build argument 'catkin_skip_building_tests' from command line to 'False'
[0.501s] DEBUG:colcon.colcon_core.verb:Building package 'odometry' with the following arguments: {'ament_cmake_args': None, 'build_base': '/home/anavale/ros2_ws/src/build/odometry', 'catkin_cmake_args': None, 'catkin_skip_building_tests': False, 'cmake_args': None, 'cmake_clean_cache': False, 'cmake_clean_first': False, 'cmake_force_configure': False, 'cmake_target': None, 'cmake_target_skip_unavailable': False, 'install_base': '/home/anavale/ros2_ws/src/install/odometry', 'merge_install': False, 'path': '/home/anavale/ros2_ws/src/odometry', 'symlink_install': False, 'test_result_base': None}
[0.501s] INFO:colcon.colcon_core.executor:Executing jobs using 'parallel' executor
[0.503s] DEBUG:colcon.colcon_parallel_executor.executor.parallel:run_until_complete
[0.503s] INFO:colcon.colcon_ros.task.ament_python.build:Building ROS package in '/home/anavale/ros2_ws/src/odometry' with build type 'ament_python'
[0.503s] Level 1:colcon.colcon_core.shell:create_environment_hook('odometry', 'ament_prefix_path')
[0.507s] INFO:colcon.colcon_core.plugin_system:Skipping extension 'colcon_core.shell.bat': Not used on non-Windows systems
[0.507s] INFO:colcon.colcon_core.shell:Creating environment hook '/home/anavale/ros2_ws/src/install/odometry/share/odometry/hook/ament_prefix_path.ps1'
[0.508s] INFO:colcon.colcon_core.shell:Creating environment descriptor '/home/anavale/ros2_ws/src/install/odometry/share/odometry/hook/ament_prefix_path.dsv'
[0.509s] INFO:colcon.colcon_core.shell:Creating environment hook '/home/anavale/ros2_ws/src/install/odometry/share/odometry/hook/ament_prefix_path.sh'
[0.510s] INFO:colcon.colcon_core.shell:Skip shell extension 'powershell' for command environment: Not usable outside of PowerShell
[0.510s] DEBUG:colcon.colcon_core.shell:Skip shell extension 'dsv' for command environment
[0.882s] INFO:colcon.colcon_core.task.python.build:Building Python package in '/home/anavale/ros2_ws/src/odometry'
[0.882s] INFO:colcon.colcon_core.shell:Skip shell extension 'powershell' for command environment: Not usable outside of PowerShell
[0.883s] DEBUG:colcon.colcon_core.shell:Skip shell extension 'dsv' for command environment
[1.430s] DEBUG:colcon.colcon_core.event_handler.log_command:Invoking command in '/home/anavale/ros2_ws/src/odometry': PYTHONPATH=/home/anavale/ros2_ws/src/build/odometry/prefix_override:/home/anavale/ros2_ws/src/install/odometry/lib/python3.10/site-packages:${PYTHONPATH} /usr/bin/python3 -W ignore:setup.py install is deprecated setup.py egg_info --egg-base ../build/odometry build --build-base /home/anavale/ros2_ws/src/build/odometry/build install --record /home/anavale/ros2_ws/src/build/odometry/install.log --single-version-externally-managed install_data
[1.841s] DEBUG:colcon.colcon_core.event_handler.log_command:Invoked command in '/home/anavale/ros2_ws/src/odometry' returned '0': PYTHONPATH=/home/anavale/ros2_ws/src/build/odometry/prefix_override:/home/anavale/ros2_ws/src/install/odometry/lib/python3.10/site-packages:${PYTHONPATH} /usr/bin/python3 -W ignore:setup.py install is deprecated setup.py egg_info --egg-base ../build/odometry build --build-base /home/anavale/ros2_ws/src/build/odometry/build install --record /home/anavale/ros2_ws/src/build/odometry/install.log --single-version-externally-managed install_data
[1.844s] Level 1:colcon.colcon_core.environment:checking '/home/anavale/ros2_ws/src/install/odometry' for CMake module files
[1.844s] Level 1:colcon.colcon_core.environment:checking '/home/anavale/ros2_ws/src/install/odometry' for CMake config files
[1.845s] Level 1:colcon.colcon_core.environment:checking '/home/anavale/ros2_ws/src/install/odometry/lib'
[1.846s] Level 1:colcon.colcon_core.environment:checking '/home/anavale/ros2_ws/src/install/odometry/bin'
[1.846s] Level 1:colcon.colcon_core.environment:checking '/home/anavale/ros2_ws/src/install/odometry/lib/pkgconfig/odometry.pc'
[1.846s] Level 1:colcon.colcon_core.environment:checking '/home/anavale/ros2_ws/src/install/odometry/lib/python3.10/site-packages'
[1.846s] Level 1:colcon.colcon_core.shell:create_environment_hook('odometry', 'pythonpath')
[1.846s] INFO:colcon.colcon_core.shell:Creating environment hook '/home/anavale/ros2_ws/src/install/odometry/share/odometry/hook/pythonpath.ps1'
[1.847s] INFO:colcon.colcon_core.shell:Creating environment descriptor '/home/anavale/ros2_ws/src/install/odometry/share/odometry/hook/pythonpath.dsv'
[1.847s] INFO:colcon.colcon_core.shell:Creating environment hook '/home/anavale/ros2_ws/src/install/odometry/share/odometry/hook/pythonpath.sh'
[1.848s] Level 1:colcon.colcon_core.environment:checking '/home/anavale/ros2_ws/src/install/odometry/bin'
[1.848s] Level 1:colcon.colcon_core.environment:create_environment_scripts_only(odometry)
[1.848s] INFO:colcon.colcon_core.shell:Creating package script '/home/anavale/ros2_ws/src/install/odometry/share/odometry/package.ps1'
[1.849s] INFO:colcon.colcon_core.shell:Creating package descriptor '/home/anavale/ros2_ws/src/install/odometry/share/odometry/package.dsv'
[1.850s] INFO:colcon.colcon_core.shell:Creating package script '/home/anavale/ros2_ws/src/install/odometry/share/odometry/package.sh'
[1.851s] INFO:colcon.colcon_core.shell:Creating package script '/home/anavale/ros2_ws/src/install/odometry/share/odometry/package.bash'
[1.852s] INFO:colcon.colcon_core.shell:Creating package script '/home/anavale/ros2_ws/src/install/odometry/share/odometry/package.zsh'
[1.852s] Level 1:colcon.colcon_core.environment:create_file_with_runtime_dependencies(/home/anavale/ros2_ws/src/install/odometry/share/colcon-core/packages/odometry)
[1.853s] DEBUG:colcon.colcon_parallel_executor.executor.parallel:closing loop
[1.853s] DEBUG:colcon.colcon_parallel_executor.executor.parallel:loop closed
[1.853s] DEBUG:colcon.colcon_parallel_executor.executor.parallel:run_until_complete finished with '0'
[1.853s] DEBUG:colcon.colcon_core.event_reactor:joining thread
[1.867s] INFO:colcon.colcon_core.plugin_system:Skipping extension 'colcon_notification.desktop_notification.terminal_notifier': Not used on non-Darwin systems
[1.868s] INFO:colcon.colcon_core.plugin_system:Skipping extension 'colcon_notification.desktop_notification.win32': Not used on non-Windows systems
[1.868s] INFO:colcon.colcon_notification.desktop_notification:Sending desktop notification using 'notify2'
[1.895s] DEBUG:colcon.colcon_core.event_reactor:joined thread
[1.895s] INFO:colcon.colcon_core.shell:Creating prefix script '/home/anavale/ros2_ws/src/install/local_setup.ps1'
[1.897s] INFO:colcon.colcon_core.shell:Creating prefix util module '/home/anavale/ros2_ws/src/install/_local_setup_util_ps1.py'
[1.900s] INFO:colcon.colcon_core.shell:Creating prefix chain script '/home/anavale/ros2_ws/src/install/setup.ps1'
[1.902s] INFO:colcon.colcon_core.shell:Creating prefix script '/home/anavale/ros2_ws/src/install/local_setup.sh'
[1.903s] INFO:colcon.colcon_core.shell:Creating prefix util module '/home/anavale/ros2_ws/src/install/_local_setup_util_sh.py'
[1.903s] INFO:colcon.colcon_core.shell:Creating prefix chain script '/home/anavale/ros2_ws/src/install/setup.sh'
[1.905s] INFO:colcon.colcon_core.shell:Creating prefix script '/home/anavale/ros2_ws/src/install/local_setup.bash'
[1.905s] INFO:colcon.colcon_core.shell:Creating prefix chain script '/home/anavale/ros2_ws/src/install/setup.bash'
[1.907s] INFO:colcon.colcon_core.shell:Creating prefix script '/home/anavale/ros2_ws/src/install/local_setup.zsh'
[1.907s] INFO:colcon.colcon_core.shell:Creating prefix chain script '/home/anavale/ros2_ws/src/install/setup.zsh'
