[1.065s] Invoking command in '/home/anavale/ros2_ws/src/odometry': PYTHONPATH=/home/anavale/ros2_ws/src/build/odometry/prefix_override:/home/anavale/ros2_ws/src/install/odometry/lib/python3.10/site-packages:${PYTHONPATH} /usr/bin/python3 -W ignore:setup.py install is deprecated setup.py egg_info --egg-base ../build/odometry build --build-base /home/anavale/ros2_ws/src/build/odometry/build install --record /home/anavale/ros2_ws/src/build/odometry/install.log --single-version-externally-managed install_data
[1.244s] running egg_info
[1.244s] writing ../build/odometry/odometry.egg-info/PKG-INFO
[1.244s] writing dependency_links to ../build/odometry/odometry.egg-info/dependency_links.txt
[1.245s] writing entry points to ../build/odometry/odometry.egg-info/entry_points.txt
[1.245s] writing requirements to ../build/odometry/odometry.egg-info/requires.txt
[1.245s] writing top-level names to ../build/odometry/odometry.egg-info/top_level.txt
[1.246s] reading manifest file '../build/odometry/odometry.egg-info/SOURCES.txt'
[1.282s] adding license file 'LICENSE'
[1.283s] writing manifest file '../build/odometry/odometry.egg-info/SOURCES.txt'
[1.283s] running build
[1.283s] running build_py
[1.285s] copying odometry/odometry.py -> /home/anavale/ros2_ws/src/build/odometry/build/lib/odometry
[1.285s] running install
[1.285s] running install_lib
[1.305s] copying /home/anavale/ros2_ws/src/build/odometry/build/lib/odometry/odometry.py -> /home/anavale/ros2_ws/src/install/odometry/lib/python3.10/site-packages/odometry
[1.305s] byte-compiling /home/anavale/ros2_ws/src/install/odometry/lib/python3.10/site-packages/odometry/odometry.py to odometry.cpython-310.pyc
[1.306s] running install_data
[1.322s] running install_egg_info
[1.324s] removing '/home/anavale/ros2_ws/src/install/odometry/lib/python3.10/site-packages/odometry-0.0.0-py3.10.egg-info' (and everything under it)
[1.324s] Copying ../build/odometry/odometry.egg-info to /home/anavale/ros2_ws/src/install/odometry/lib/python3.10/site-packages/odometry-0.0.0-py3.10.egg-info
[1.346s] running install_scripts
[1.362s] Installing odometry script to /home/anavale/ros2_ws/src/install/odometry/lib/odometry
[1.363s] writing list of installed files to '/home/anavale/ros2_ws/src/build/odometry/install.log'
[1.387s] Invoked command in '/home/anavale/ros2_ws/src/odometry' returned '0': PYTHONPATH=/home/anavale/ros2_ws/src/build/odometry/prefix_override:/home/anavale/ros2_ws/src/install/odometry/lib/python3.10/site-packages:${PYTHONPATH} /usr/bin/python3 -W ignore:setup.py install is deprecated setup.py egg_info --egg-base ../build/odometry build --build-base /home/anavale/ros2_ws/src/build/odometry/build install --record /home/anavale/ros2_ws/src/build/odometry/install.log --single-version-externally-managed install_data
