[0.528s] DEBUG:colcon:Command line arguments: ['/usr/bin/colcon', 'build']
[0.529s] DEBUG:colcon:Parsed command line arguments: Namespace(log_base=None, log_level=None, verb_name='build', build_base='build', install_base='install', merge_install=False, symlink_install=False, test_result_base=None, continue_on_error=False, executor='parallel', parallel_workers=16, event_handlers=None, ignore_user_meta=False, metas=['./colcon.meta'], base_paths=['.'], packages_ignore=None, packages_ignore_regex=None, paths=None, packages_up_to=None, packages_up_to_regex=None, packages_above=None, packages_above_and_dependencies=None, packages_above_depth=None, packages_select_by_dep=None, packages_skip_by_dep=None, packages_skip_up_to=None, packages_select_build_failed=False, packages_skip_build_finished=False, packages_select_test_failures=False, packages_skip_test_passed=False, packages_select=None, packages_skip=None, packages_select_regex=None, packages_skip_regex=None, packages_start=None, packages_end=None, allow_overriding=[], cmake_args=None, cmake_target=None, cmake_target_skip_unavailable=False, cmake_clean_cache=False, cmake_clean_first=False, cmake_force_configure=False, ament_cmake_args=None, catkin_cmake_args=None, catkin_skip_building_tests=False, mixin_files=None, mixin=None, verb_parser=<colcon_mixin.mixin.mixin_argument.MixinArgumentDecorator object at 0x747c6713e7a0>, verb_extension=<colcon_core.verb.build.BuildVerb object at 0x747c6713e1d0>, main=<bound method BuildVerb.main of <colcon_core.verb.build.BuildVerb object at 0x747c6713e1d0>>, mixin_verb=('build',))
[1.582s] Level 1:colcon.colcon_core.package_discovery:discover_packages(colcon_meta) check parameters
[1.582s] Level 1:colcon.colcon_core.package_discovery:discover_packages(recursive) check parameters
[1.582s] Level 1:colcon.colcon_core.package_discovery:discover_packages(ignore) check parameters
[1.582s] Level 1:colcon.colcon_core.package_discovery:discover_packages(path) check parameters
[1.582s] Level 1:colcon.colcon_core.package_discovery:discover_packages(colcon_meta) discover
[1.582s] Level 1:colcon.colcon_core.package_discovery:discover_packages(recursive) discover
[1.583s] INFO:colcon.colcon_core.package_discovery:Crawling recursively for packages in '/home/anavale/ros2_ws/src'
[1.583s] Level 1:colcon.colcon_core.package_identification:_identify(.) by extensions ['ignore', 'ignore_ament_install']
[1.583s] Level 1:colcon.colcon_core.package_identification:_identify(.) by extension 'ignore'
[1.583s] Level 1:colcon.colcon_core.package_identification:_identify(.) by extension 'ignore_ament_install'
[1.583s] Level 1:colcon.colcon_core.package_identification:_identify(.) by extensions ['colcon_pkg']
[1.583s] Level 1:colcon.colcon_core.package_identification:_identify(.) by extension 'colcon_pkg'
[1.583s] Level 1:colcon.colcon_core.package_identification:_identify(.) by extensions ['colcon_meta']
[1.583s] Level 1:colcon.colcon_core.package_identification:_identify(.) by extension 'colcon_meta'
[1.584s] Level 1:colcon.colcon_core.package_identification:_identify(.) by extensions ['ros']
[1.584s] Level 1:colcon.colcon_core.package_identification:_identify(.) by extension 'ros'
[1.643s] Level 1:colcon.colcon_core.package_identification:_identify(.) by extensions ['cmake', 'python']
[1.643s] Level 1:colcon.colcon_core.package_identification:_identify(.) by extension 'cmake'
[1.643s] Level 1:colcon.colcon_core.package_identification:_identify(.) by extension 'python'
[1.643s] Level 1:colcon.colcon_core.package_identification:_identify(.) by extensions ['python_setup_py']
[1.643s] Level 1:colcon.colcon_core.package_identification:_identify(.) by extension 'python_setup_py'
[1.660s] Level 1:colcon.colcon_core.package_identification:_identify(build) by extensions ['ignore', 'ignore_ament_install']
[1.661s] Level 1:colcon.colcon_core.package_identification:_identify(build) by extension 'ignore'
[1.661s] Level 1:colcon.colcon_core.package_identification:_identify(build) ignored
[1.661s] Level 1:colcon.colcon_core.package_identification:_identify(install) by extensions ['ignore', 'ignore_ament_install']
[1.661s] Level 1:colcon.colcon_core.package_identification:_identify(install) by extension 'ignore'
[1.662s] Level 1:colcon.colcon_core.package_identification:_identify(install) ignored
[1.662s] Level 1:colcon.colcon_core.package_identification:_identify(log) by extensions ['ignore', 'ignore_ament_install']
[1.662s] Level 1:colcon.colcon_core.package_identification:_identify(log) by extension 'ignore'
[1.662s] Level 1:colcon.colcon_core.package_identification:_identify(log) ignored
[1.662s] Level 1:colcon.colcon_core.package_identification:_identify(odometry) by extensions ['ignore', 'ignore_ament_install']
[1.662s] Level 1:colcon.colcon_core.package_identification:_identify(odometry) by extension 'ignore'
[1.662s] Level 1:colcon.colcon_core.package_identification:_identify(odometry) by extension 'ignore_ament_install'
[1.662s] Level 1:colcon.colcon_core.package_identification:_identify(odometry) by extensions ['colcon_pkg']
[1.663s] Level 1:colcon.colcon_core.package_identification:_identify(odometry) by extension 'colcon_pkg'
[1.663s] Level 1:colcon.colcon_core.package_identification:_identify(odometry) by extensions ['colcon_meta']
[1.663s] Level 1:colcon.colcon_core.package_identification:_identify(odometry) by extension 'colcon_meta'
[1.663s] Level 1:colcon.colcon_core.package_identification:_identify(odometry) by extensions ['ros']
[1.663s] Level 1:colcon.colcon_core.package_identification:_identify(odometry) by extension 'ros'
[1.691s] DEBUG:colcon.colcon_core.package_identification:Package 'odometry' with type 'ros.ament_python' and name 'odometry'
[1.710s] Level 1:colcon.colcon_core.package_identification:_identify(rosbag2_2024_04_28-13_42_16) by extensions ['ignore', 'ignore_ament_install']
[1.710s] Level 1:colcon.colcon_core.package_identification:_identify(rosbag2_2024_04_28-13_42_16) by extension 'ignore'
[1.710s] Level 1:colcon.colcon_core.package_identification:_identify(rosbag2_2024_04_28-13_42_16) by extension 'ignore_ament_install'
[1.711s] Level 1:colcon.colcon_core.package_identification:_identify(rosbag2_2024_04_28-13_42_16) by extensions ['colcon_pkg']
[1.711s] Level 1:colcon.colcon_core.package_identification:_identify(rosbag2_2024_04_28-13_42_16) by extension 'colcon_pkg'
[1.711s] Level 1:colcon.colcon_core.package_identification:_identify(rosbag2_2024_04_28-13_42_16) by extensions ['colcon_meta']
[1.711s] Level 1:colcon.colcon_core.package_identification:_identify(rosbag2_2024_04_28-13_42_16) by extension 'colcon_meta'
[1.711s] Level 1:colcon.colcon_core.package_identification:_identify(rosbag2_2024_04_28-13_42_16) by extensions ['ros']
[1.711s] Level 1:colcon.colcon_core.package_identification:_identify(rosbag2_2024_04_28-13_42_16) by extension 'ros'
[1.711s] Level 1:colcon.colcon_core.package_identification:_identify(rosbag2_2024_04_28-13_42_16) by extensions ['cmake', 'python']
[1.711s] Level 1:colcon.colcon_core.package_identification:_identify(rosbag2_2024_04_28-13_42_16) by extension 'cmake'
[1.711s] Level 1:colcon.colcon_core.package_identification:_identify(rosbag2_2024_04_28-13_42_16) by extension 'python'
[1.711s] Level 1:colcon.colcon_core.package_identification:_identify(rosbag2_2024_04_28-13_42_16) by extensions ['python_setup_py']
[1.711s] Level 1:colcon.colcon_core.package_identification:_identify(rosbag2_2024_04_28-13_42_16) by extension 'python_setup_py'
[1.712s] Level 1:colcon.colcon_core.package_identification:_identify(rosbag2_2024_04_28-14_38_54) by extensions ['ignore', 'ignore_ament_install']
[1.712s] Level 1:colcon.colcon_core.package_identification:_identify(rosbag2_2024_04_28-14_38_54) by extension 'ignore'
[1.712s] Level 1:colcon.colcon_core.package_identification:_identify(rosbag2_2024_04_28-14_38_54) by extension 'ignore_ament_install'
[1.712s] Level 1:colcon.colcon_core.package_identification:_identify(rosbag2_2024_04_28-14_38_54) by extensions ['colcon_pkg']
[1.712s] Level 1:colcon.colcon_core.package_identification:_identify(rosbag2_2024_04_28-14_38_54) by extension 'colcon_pkg'
[1.712s] Level 1:colcon.colcon_core.package_identification:_identify(rosbag2_2024_04_28-14_38_54) by extensions ['colcon_meta']
[1.713s] Level 1:colcon.colcon_core.package_identification:_identify(rosbag2_2024_04_28-14_38_54) by extension 'colcon_meta'
[1.713s] Level 1:colcon.colcon_core.package_identification:_identify(rosbag2_2024_04_28-14_38_54) by extensions ['ros']
[1.713s] Level 1:colcon.colcon_core.package_identification:_identify(rosbag2_2024_04_28-14_38_54) by extension 'ros'
[1.713s] Level 1:colcon.colcon_core.package_identification:_identify(rosbag2_2024_04_28-14_38_54) by extensions ['cmake', 'python']
[1.713s] Level 1:colcon.colcon_core.package_identification:_identify(rosbag2_2024_04_28-14_38_54) by extension 'cmake'
[1.713s] Level 1:colcon.colcon_core.package_identification:_identify(rosbag2_2024_04_28-14_38_54) by extension 'python'
[1.713s] Level 1:colcon.colcon_core.package_identification:_identify(rosbag2_2024_04_28-14_38_54) by extensions ['python_setup_py']
[1.713s] Level 1:colcon.colcon_core.package_identification:_identify(rosbag2_2024_04_28-14_38_54) by extension 'python_setup_py'
[1.713s] Level 1:colcon.colcon_core.package_identification:_identify(rosbag2_2024_04_28-14_40_32) by extensions ['ignore', 'ignore_ament_install']
[1.714s] Level 1:colcon.colcon_core.package_identification:_identify(rosbag2_2024_04_28-14_40_32) by extension 'ignore'
[1.714s] Level 1:colcon.colcon_core.package_identification:_identify(rosbag2_2024_04_28-14_40_32) by extension 'ignore_ament_install'
[1.714s] Level 1:colcon.colcon_core.package_identification:_identify(rosbag2_2024_04_28-14_40_32) by extensions ['colcon_pkg']
[1.714s] Level 1:colcon.colcon_core.package_identification:_identify(rosbag2_2024_04_28-14_40_32) by extension 'colcon_pkg'
[1.714s] Level 1:colcon.colcon_core.package_identification:_identify(rosbag2_2024_04_28-14_40_32) by extensions ['colcon_meta']
[1.714s] Level 1:colcon.colcon_core.package_identification:_identify(rosbag2_2024_04_28-14_40_32) by extension 'colcon_meta'
[1.714s] Level 1:colcon.colcon_core.package_identification:_identify(rosbag2_2024_04_28-14_40_32) by extensions ['ros']
[1.714s] Level 1:colcon.colcon_core.package_identification:_identify(rosbag2_2024_04_28-14_40_32) by extension 'ros'
[1.714s] Level 1:colcon.colcon_core.package_identification:_identify(rosbag2_2024_04_28-14_40_32) by extensions ['cmake', 'python']
[1.715s] Level 1:colcon.colcon_core.package_identification:_identify(rosbag2_2024_04_28-14_40_32) by extension 'cmake'
[1.715s] Level 1:colcon.colcon_core.package_identification:_identify(rosbag2_2024_04_28-14_40_32) by extension 'python'
[1.715s] Level 1:colcon.colcon_core.package_identification:_identify(rosbag2_2024_04_28-14_40_32) by extensions ['python_setup_py']
[1.715s] Level 1:colcon.colcon_core.package_identification:_identify(rosbag2_2024_04_28-14_40_32) by extension 'python_setup_py'
[1.715s] Level 1:colcon.colcon_core.package_identification:_identify(rosbag2_2024_04_28-18_39_08) by extensions ['ignore', 'ignore_ament_install']
[1.715s] Level 1:colcon.colcon_core.package_identification:_identify(rosbag2_2024_04_28-18_39_08) by extension 'ignore'
[1.715s] Level 1:colcon.colcon_core.package_identification:_identify(rosbag2_2024_04_28-18_39_08) by extension 'ignore_ament_install'
[1.715s] Level 1:colcon.colcon_core.package_identification:_identify(rosbag2_2024_04_28-18_39_08) by extensions ['colcon_pkg']
[1.715s] Level 1:colcon.colcon_core.package_identification:_identify(rosbag2_2024_04_28-18_39_08) by extension 'colcon_pkg'
[1.716s] Level 1:colcon.colcon_core.package_identification:_identify(rosbag2_2024_04_28-18_39_08) by extensions ['colcon_meta']
[1.716s] Level 1:colcon.colcon_core.package_identification:_identify(rosbag2_2024_04_28-18_39_08) by extension 'colcon_meta'
[1.716s] Level 1:colcon.colcon_core.package_identification:_identify(rosbag2_2024_04_28-18_39_08) by extensions ['ros']
[1.716s] Level 1:colcon.colcon_core.package_identification:_identify(rosbag2_2024_04_28-18_39_08) by extension 'ros'
[1.716s] Level 1:colcon.colcon_core.package_identification:_identify(rosbag2_2024_04_28-18_39_08) by extensions ['cmake', 'python']
[1.716s] Level 1:colcon.colcon_core.package_identification:_identify(rosbag2_2024_04_28-18_39_08) by extension 'cmake'
[1.716s] Level 1:colcon.colcon_core.package_identification:_identify(rosbag2_2024_04_28-18_39_08) by extension 'python'
[1.716s] Level 1:colcon.colcon_core.package_identification:_identify(rosbag2_2024_04_28-18_39_08) by extensions ['python_setup_py']
[1.716s] Level 1:colcon.colcon_core.package_identification:_identify(rosbag2_2024_04_28-18_39_08) by extension 'python_setup_py'
[1.717s] Level 1:colcon.colcon_core.package_identification:_identify(rosbag2_2024_04_28-19_41_18) by extensions ['ignore', 'ignore_ament_install']
[1.717s] Level 1:colcon.colcon_core.package_identification:_identify(rosbag2_2024_04_28-19_41_18) by extension 'ignore'
[1.717s] Level 1:colcon.colcon_core.package_identification:_identify(rosbag2_2024_04_28-19_41_18) by extension 'ignore_ament_install'
[1.717s] Level 1:colcon.colcon_core.package_identification:_identify(rosbag2_2024_04_28-19_41_18) by extensions ['colcon_pkg']
[1.717s] Level 1:colcon.colcon_core.package_identification:_identify(rosbag2_2024_04_28-19_41_18) by extension 'colcon_pkg'
[1.717s] Level 1:colcon.colcon_core.package_identification:_identify(rosbag2_2024_04_28-19_41_18) by extensions ['colcon_meta']
[1.717s] Level 1:colcon.colcon_core.package_identification:_identify(rosbag2_2024_04_28-19_41_18) by extension 'colcon_meta'
[1.717s] Level 1:colcon.colcon_core.package_identification:_identify(rosbag2_2024_04_28-19_41_18) by extensions ['ros']
[1.717s] Level 1:colcon.colcon_core.package_identification:_identify(rosbag2_2024_04_28-19_41_18) by extension 'ros'
[1.718s] Level 1:colcon.colcon_core.package_identification:_identify(rosbag2_2024_04_28-19_41_18) by extensions ['cmake', 'python']
[1.718s] Level 1:colcon.colcon_core.package_identification:_identify(rosbag2_2024_04_28-19_41_18) by extension 'cmake'
[1.718s] Level 1:colcon.colcon_core.package_identification:_identify(rosbag2_2024_04_28-19_41_18) by extension 'python'
[1.718s] Level 1:colcon.colcon_core.package_identification:_identify(rosbag2_2024_04_28-19_41_18) by extensions ['python_setup_py']
[1.718s] Level 1:colcon.colcon_core.package_identification:_identify(rosbag2_2024_04_28-19_41_18) by extension 'python_setup_py'
[1.718s] Level 1:colcon.colcon_core.package_discovery:discover_packages(recursive) using defaults
[1.718s] Level 1:colcon.colcon_core.package_discovery:discover_packages(ignore) discover
[1.718s] Level 1:colcon.colcon_core.package_discovery:discover_packages(ignore) using defaults
[1.718s] Level 1:colcon.colcon_core.package_discovery:discover_packages(path) discover
[1.718s] Level 1:colcon.colcon_core.package_discovery:discover_packages(path) using defaults
[1.883s] Level 1:colcon.colcon_core.package_discovery:discover_packages(prefix_path) check parameters
[1.883s] Level 1:colcon.colcon_core.package_discovery:discover_packages(prefix_path) discover
[1.899s] DEBUG:colcon.colcon_installed_package_information.package_discovery:Found 3 installed packages in /home/anavale/ros2_utilities_ws/install
[1.903s] DEBUG:colcon.colcon_installed_package_information.package_discovery:Found 270 installed packages in /opt/ros/humble
[1.906s] Level 1:colcon.colcon_core.package_discovery:discover_packages(prefix_path) using defaults
[2.020s] Level 5:colcon.colcon_core.verb:set package 'odometry' build argument 'cmake_args' from command line to 'None'
[2.021s] Level 5:colcon.colcon_core.verb:set package 'odometry' build argument 'cmake_target' from command line to 'None'
[2.021s] Level 5:colcon.colcon_core.verb:set package 'odometry' build argument 'cmake_target_skip_unavailable' from command line to 'False'
[2.021s] Level 5:colcon.colcon_core.verb:set package 'odometry' build argument 'cmake_clean_cache' from command line to 'False'
[2.021s] Level 5:colcon.colcon_core.verb:set package 'odometry' build argument 'cmake_clean_first' from command line to 'False'
[2.021s] Level 5:colcon.colcon_core.verb:set package 'odometry' build argument 'cmake_force_configure' from command line to 'False'
[2.021s] Level 5:colcon.colcon_core.verb:set package 'odometry' build argument 'ament_cmake_args' from command line to 'None'
[2.021s] Level 5:colcon.colcon_core.verb:set package 'odometry' build argument 'catkin_cmake_args' from command line to 'None'
[2.021s] Level 5:colcon.colcon_core.verb:set package 'odometry' build argument 'catkin_skip_building_tests' from command line to 'False'
[2.021s] DEBUG:colcon.colcon_core.verb:Building package 'odometry' with the following arguments: {'ament_cmake_args': None, 'build_base': '/home/anavale/ros2_ws/src/build/odometry', 'catkin_cmake_args': None, 'catkin_skip_building_tests': False, 'cmake_args': None, 'cmake_clean_cache': False, 'cmake_clean_first': False, 'cmake_force_configure': False, 'cmake_target': None, 'cmake_target_skip_unavailable': False, 'install_base': '/home/anavale/ros2_ws/src/install/odometry', 'merge_install': False, 'path': '/home/anavale/ros2_ws/src/odometry', 'symlink_install': False, 'test_result_base': None}
[2.021s] INFO:colcon.colcon_core.executor:Executing jobs using 'parallel' executor
[2.023s] DEBUG:colcon.colcon_parallel_executor.executor.parallel:run_until_complete
[2.024s] INFO:colcon.colcon_ros.task.ament_python.build:Building ROS package in '/home/anavale/ros2_ws/src/odometry' with build type 'ament_python'
[2.024s] Level 1:colcon.colcon_core.shell:create_environment_hook('odometry', 'ament_prefix_path')
[2.045s] INFO:colcon.colcon_core.plugin_system:Skipping extension 'colcon_core.shell.bat': Not used on non-Windows systems
[2.045s] INFO:colcon.colcon_core.shell:Creating environment hook '/home/anavale/ros2_ws/src/install/odometry/share/odometry/hook/ament_prefix_path.ps1'
[2.047s] INFO:colcon.colcon_core.shell:Creating environment descriptor '/home/anavale/ros2_ws/src/install/odometry/share/odometry/hook/ament_prefix_path.dsv'
[2.061s] INFO:colcon.colcon_core.shell:Creating environment hook '/home/anavale/ros2_ws/src/install/odometry/share/odometry/hook/ament_prefix_path.sh'
[2.063s] INFO:colcon.colcon_core.shell:Skip shell extension 'powershell' for command environment: Not usable outside of PowerShell
[2.063s] DEBUG:colcon.colcon_core.shell:Skip shell extension 'dsv' for command environment
[2.338s] INFO:colcon.colcon_core.task.python.build:Building Python package in '/home/anavale/ros2_ws/src/odometry'
[2.338s] INFO:colcon.colcon_core.shell:Skip shell extension 'powershell' for command environment: Not usable outside of PowerShell
[2.338s] DEBUG:colcon.colcon_core.shell:Skip shell extension 'dsv' for command environment
[3.012s] DEBUG:colcon.colcon_core.event_handler.log_command:Invoking command in '/home/anavale/ros2_ws/src/odometry': PYTHONPATH=/home/anavale/ros2_ws/src/build/odometry/prefix_override:/home/anavale/ros2_ws/src/install/odometry/lib/python3.10/site-packages:${PYTHONPATH} /usr/bin/python3 -W ignore:setup.py install is deprecated setup.py egg_info --egg-base ../build/odometry build --build-base /home/anavale/ros2_ws/src/build/odometry/build install --record /home/anavale/ros2_ws/src/build/odometry/install.log --single-version-externally-managed install_data
[3.370s] DEBUG:colcon.colcon_core.event_handler.log_command:Invoked command in '/home/anavale/ros2_ws/src/odometry' returned '0': PYTHONPATH=/home/anavale/ros2_ws/src/build/odometry/prefix_override:/home/anavale/ros2_ws/src/install/odometry/lib/python3.10/site-packages:${PYTHONPATH} /usr/bin/python3 -W ignore:setup.py install is deprecated setup.py egg_info --egg-base ../build/odometry build --build-base /home/anavale/ros2_ws/src/build/odometry/build install --record /home/anavale/ros2_ws/src/build/odometry/install.log --single-version-externally-managed install_data
[3.375s] Level 1:colcon.colcon_core.environment:checking '/home/anavale/ros2_ws/src/install/odometry' for CMake module files
[3.376s] Level 1:colcon.colcon_core.environment:checking '/home/anavale/ros2_ws/src/install/odometry' for CMake config files
[3.377s] Level 1:colcon.colcon_core.environment:checking '/home/anavale/ros2_ws/src/install/odometry/lib'
[3.378s] Level 1:colcon.colcon_core.environment:checking '/home/anavale/ros2_ws/src/install/odometry/bin'
[3.378s] Level 1:colcon.colcon_core.environment:checking '/home/anavale/ros2_ws/src/install/odometry/lib/pkgconfig/odometry.pc'
[3.378s] Level 1:colcon.colcon_core.environment:checking '/home/anavale/ros2_ws/src/install/odometry/lib/python3.10/site-packages'
[3.378s] Level 1:colcon.colcon_core.shell:create_environment_hook('odometry', 'pythonpath')
[3.378s] INFO:colcon.colcon_core.shell:Creating environment hook '/home/anavale/ros2_ws/src/install/odometry/share/odometry/hook/pythonpath.ps1'
[3.378s] INFO:colcon.colcon_core.shell:Creating environment descriptor '/home/anavale/ros2_ws/src/install/odometry/share/odometry/hook/pythonpath.dsv'
[3.379s] INFO:colcon.colcon_core.shell:Creating environment hook '/home/anavale/ros2_ws/src/install/odometry/share/odometry/hook/pythonpath.sh'
[3.379s] Level 1:colcon.colcon_core.environment:checking '/home/anavale/ros2_ws/src/install/odometry/bin'
[3.379s] Level 1:colcon.colcon_core.environment:create_environment_scripts_only(odometry)
[3.379s] INFO:colcon.colcon_core.shell:Creating package script '/home/anavale/ros2_ws/src/install/odometry/share/odometry/package.ps1'
[3.380s] INFO:colcon.colcon_core.shell:Creating package descriptor '/home/anavale/ros2_ws/src/install/odometry/share/odometry/package.dsv'
[3.381s] INFO:colcon.colcon_core.shell:Creating package script '/home/anavale/ros2_ws/src/install/odometry/share/odometry/package.sh'
[3.381s] INFO:colcon.colcon_core.shell:Creating package script '/home/anavale/ros2_ws/src/install/odometry/share/odometry/package.bash'
[3.382s] INFO:colcon.colcon_core.shell:Creating package script '/home/anavale/ros2_ws/src/install/odometry/share/odometry/package.zsh'
[3.382s] Level 1:colcon.colcon_core.environment:create_file_with_runtime_dependencies(/home/anavale/ros2_ws/src/install/odometry/share/colcon-core/packages/odometry)
[3.383s] DEBUG:colcon.colcon_parallel_executor.executor.parallel:closing loop
[3.383s] DEBUG:colcon.colcon_parallel_executor.executor.parallel:loop closed
[3.383s] DEBUG:colcon.colcon_parallel_executor.executor.parallel:run_until_complete finished with '0'
[3.383s] DEBUG:colcon.colcon_core.event_reactor:joining thread
[3.418s] INFO:colcon.colcon_core.plugin_system:Skipping extension 'colcon_notification.desktop_notification.terminal_notifier': Not used on non-Darwin systems
[3.419s] INFO:colcon.colcon_core.plugin_system:Skipping extension 'colcon_notification.desktop_notification.win32': Not used on non-Windows systems
[3.419s] INFO:colcon.colcon_notification.desktop_notification:Sending desktop notification using 'notify2'
[3.431s] DEBUG:colcon.colcon_core.event_reactor:joined thread
[3.432s] INFO:colcon.colcon_core.shell:Creating prefix script '/home/anavale/ros2_ws/src/install/local_setup.ps1'
[3.433s] INFO:colcon.colcon_core.shell:Creating prefix util module '/home/anavale/ros2_ws/src/install/_local_setup_util_ps1.py'
[3.434s] INFO:colcon.colcon_core.shell:Creating prefix chain script '/home/anavale/ros2_ws/src/install/setup.ps1'
[3.435s] INFO:colcon.colcon_core.shell:Creating prefix script '/home/anavale/ros2_ws/src/install/local_setup.sh'
[3.436s] INFO:colcon.colcon_core.shell:Creating prefix util module '/home/anavale/ros2_ws/src/install/_local_setup_util_sh.py'
[3.436s] INFO:colcon.colcon_core.shell:Creating prefix chain script '/home/anavale/ros2_ws/src/install/setup.sh'
[3.437s] INFO:colcon.colcon_core.shell:Creating prefix script '/home/anavale/ros2_ws/src/install/local_setup.bash'
[3.437s] INFO:colcon.colcon_core.shell:Creating prefix chain script '/home/anavale/ros2_ws/src/install/setup.bash'
[3.438s] INFO:colcon.colcon_core.shell:Creating prefix script '/home/anavale/ros2_ws/src/install/local_setup.zsh'
[3.439s] INFO:colcon.colcon_core.shell:Creating prefix chain script '/home/anavale/ros2_ws/src/install/setup.zsh'
