[1.458s] Invoking command in '/home/anavale/ros2_ws/odometry': PYTHONPATH=/home/anavale/ros2_ws/build/odometry/prefix_override:/home/anavale/ros2_ws/install/odometry/lib/python3.10/site-packages:${PYTHONPATH} /usr/bin/python3 -W ignore:setup.py install is deprecated setup.py egg_info --egg-base ../build/odometry build --build-base /home/anavale/ros2_ws/build/odometry/build install --record /home/anavale/ros2_ws/build/odometry/install.log --single-version-externally-managed install_data
[1.640s] running egg_info
[1.640s] creating ../build/odometry/odometry.egg-info
[1.641s] writing ../build/odometry/odometry.egg-info/PKG-INFO
[1.641s] writing dependency_links to ../build/odometry/odometry.egg-info/dependency_links.txt
[1.641s] writing entry points to ../build/odometry/odometry.egg-info/entry_points.txt
[1.641s] writing requirements to ../build/odometry/odometry.egg-info/requires.txt
[1.641s] writing top-level names to ../build/odometry/odometry.egg-info/top_level.txt
[1.641s] writing manifest file '../build/odometry/odometry.egg-info/SOURCES.txt'
[1.642s] reading manifest file '../build/odometry/odometry.egg-info/SOURCES.txt'
[1.642s] adding license file 'LICENSE'
[1.643s] writing manifest file '../build/odometry/odometry.egg-info/SOURCES.txt'
[1.643s] running build
[1.643s] running build_py
[1.643s] creating /home/anavale/ros2_ws/build/odometry/build
[1.644s] creating /home/anavale/ros2_ws/build/odometry/build/lib
[1.644s] creating /home/anavale/ros2_ws/build/odometry/build/lib/odometry
[1.644s] copying odometry/odometry.py -> /home/anavale/ros2_ws/build/odometry/build/lib/odometry
[1.644s] copying odometry/__init__.py -> /home/anavale/ros2_ws/build/odometry/build/lib/odometry
[1.644s] running install
[1.644s] running install_lib
[1.645s] creating /home/anavale/ros2_ws/install/odometry/lib/python3.10/site-packages/odometry
[1.645s] copying /home/anavale/ros2_ws/build/odometry/build/lib/odometry/odometry.py -> /home/anavale/ros2_ws/install/odometry/lib/python3.10/site-packages/odometry
[1.645s] copying /home/anavale/ros2_ws/build/odometry/build/lib/odometry/__init__.py -> /home/anavale/ros2_ws/install/odometry/lib/python3.10/site-packages/odometry
[1.645s] byte-compiling /home/anavale/ros2_ws/install/odometry/lib/python3.10/site-packages/odometry/odometry.py to odometry.cpython-310.pyc
[1.645s] byte-compiling /home/anavale/ros2_ws/install/odometry/lib/python3.10/site-packages/odometry/__init__.py to __init__.cpython-310.pyc
[1.645s] running install_data
[1.645s] creating /home/anavale/ros2_ws/install/odometry/share/ament_index
[1.645s] creating /home/anavale/ros2_ws/install/odometry/share/ament_index/resource_index
[1.646s] creating /home/anavale/ros2_ws/install/odometry/share/ament_index/resource_index/packages
[1.646s] copying resource/odometry -> /home/anavale/ros2_ws/install/odometry/share/ament_index/resource_index/packages
[1.646s] copying package.xml -> /home/anavale/ros2_ws/install/odometry/share/odometry
[1.646s] running install_egg_info
[1.647s] Copying ../build/odometry/odometry.egg-info to /home/anavale/ros2_ws/install/odometry/lib/python3.10/site-packages/odometry-0.0.0-py3.10.egg-info
[1.647s] running install_scripts
[1.663s] Installing odometry script to /home/anavale/ros2_ws/install/odometry/lib/odometry
[1.663s] writing list of installed files to '/home/anavale/ros2_ws/build/odometry/install.log'
[1.687s] Invoked command in '/home/anavale/ros2_ws/odometry' returned '0': PYTHONPATH=/home/anavale/ros2_ws/build/odometry/prefix_override:/home/anavale/ros2_ws/install/odometry/lib/python3.10/site-packages:${PYTHONPATH} /usr/bin/python3 -W ignore:setup.py install is deprecated setup.py egg_info --egg-base ../build/odometry build --build-base /home/anavale/ros2_ws/build/odometry/build install --record /home/anavale/ros2_ws/build/odometry/install.log --single-version-externally-managed install_data
