running egg_info
writing ../../build/odometry/odometry.egg-info/PKG-INFO
writing dependency_links to ../../build/odometry/odometry.egg-info/dependency_links.txt
writing entry points to ../../build/odometry/odometry.egg-info/entry_points.txt
writing requirements to ../../build/odometry/odometry.egg-info/requires.txt
writing top-level names to ../../build/odometry/odometry.egg-info/top_level.txt
reading manifest file '../../build/odometry/odometry.egg-info/SOURCES.txt'
adding license file 'LICENSE'
writing manifest file '../../build/odometry/odometry.egg-info/SOURCES.txt'
running build
running build_py
copying odometry/odometry.py -> /home/anavale/ros2_ws/build/odometry/build/lib/odometry
copying odometry/__init__.py -> /home/anavale/ros2_ws/build/odometry/build/lib/odometry
running install
running install_lib
copying /home/anavale/ros2_ws/build/odometry/build/lib/odometry/odometry.py -> /home/anavale/ros2_ws/install/odometry/lib/python3.10/site-packages/odometry
copying /home/anavale/ros2_ws/build/odometry/build/lib/odometry/__init__.py -> /home/anavale/ros2_ws/install/odometry/lib/python3.10/site-packages/odometry
byte-compiling /home/anavale/ros2_ws/install/odometry/lib/python3.10/site-packages/odometry/odometry.py to odometry.cpython-310.pyc
byte-compiling /home/anavale/ros2_ws/install/odometry/lib/python3.10/site-packages/odometry/__init__.py to __init__.cpython-310.pyc
running install_data
copying resource/odometry -> /home/anavale/ros2_ws/install/odometry/share/ament_index/resource_index/packages
copying package.xml -> /home/anavale/ros2_ws/install/odometry/share/odometry
creating /home/anavale/ros2_ws/install/odometry/share/odometry/launch
copying launch/send.launch.py -> /home/anavale/ros2_ws/install/odometry/share/odometry/launch
running install_egg_info
removing '/home/anavale/ros2_ws/install/odometry/lib/python3.10/site-packages/odometry-0.0.0-py3.10.egg-info' (and everything under it)
Copying ../../build/odometry/odometry.egg-info to /home/anavale/ros2_ws/install/odometry/lib/python3.10/site-packages/odometry-0.0.0-py3.10.egg-info
running install_scripts
Installing odometry script to /home/anavale/ros2_ws/install/odometry/lib/odometry
writing list of installed files to '/home/anavale/ros2_ws/build/odometry/install.log'
