[0.688s] Invoking command in '/home/anavale/ros2_ws/src/odometry': PYTHONPATH=/home/anavale/ros2_ws/build/odometry/prefix_override:/home/anavale/ros2_ws/install/odometry/lib/python3.10/site-packages:${PYTHONPATH} /usr/bin/python3 -W ignore:setup.py install is deprecated setup.py egg_info --egg-base ../../build/odometry build --build-base /home/anavale/ros2_ws/build/odometry/build install --record /home/anavale/ros2_ws/build/odometry/install.log --single-version-externally-managed install_data
[0.888s] running egg_info
[0.889s] writing ../../build/odometry/odometry.egg-info/PKG-INFO
[0.889s] writing dependency_links to ../../build/odometry/odometry.egg-info/dependency_links.txt
[0.889s] writing entry points to ../../build/odometry/odometry.egg-info/entry_points.txt
[0.890s] writing requirements to ../../build/odometry/odometry.egg-info/requires.txt
[0.890s] writing top-level names to ../../build/odometry/odometry.egg-info/top_level.txt
[0.891s] reading manifest file '../../build/odometry/odometry.egg-info/SOURCES.txt'
[0.919s] adding license file 'LICENSE'
[0.920s] writing manifest file '../../build/odometry/odometry.egg-info/SOURCES.txt'
[0.920s] running build
[0.920s] running build_py
[0.944s] copying odometry/odometry.py -> /home/anavale/ros2_ws/build/odometry/build/lib/odometry
[0.945s] copying odometry/__init__.py -> /home/anavale/ros2_ws/build/odometry/build/lib/odometry
[0.945s] running install
[0.945s] running install_lib
[0.946s] copying /home/anavale/ros2_ws/build/odometry/build/lib/odometry/odometry.py -> /home/anavale/ros2_ws/install/odometry/lib/python3.10/site-packages/odometry
[0.946s] copying /home/anavale/ros2_ws/build/odometry/build/lib/odometry/__init__.py -> /home/anavale/ros2_ws/install/odometry/lib/python3.10/site-packages/odometry
[0.946s] byte-compiling /home/anavale/ros2_ws/install/odometry/lib/python3.10/site-packages/odometry/odometry.py to odometry.cpython-310.pyc
[0.947s] byte-compiling /home/anavale/ros2_ws/install/odometry/lib/python3.10/site-packages/odometry/__init__.py to __init__.cpython-310.pyc
[0.947s] running install_data
[0.949s] copying resource/odometry -> /home/anavale/ros2_ws/install/odometry/share/ament_index/resource_index/packages
[0.949s] copying package.xml -> /home/anavale/ros2_ws/install/odometry/share/odometry
[0.949s] creating /home/anavale/ros2_ws/install/odometry/share/odometry/launch
[0.950s] copying launch/send.launch.py -> /home/anavale/ros2_ws/install/odometry/share/odometry/launch
[0.950s] running install_egg_info
[0.951s] removing '/home/anavale/ros2_ws/install/odometry/lib/python3.10/site-packages/odometry-0.0.0-py3.10.egg-info' (and everything under it)
[0.951s] Copying ../../build/odometry/odometry.egg-info to /home/anavale/ros2_ws/install/odometry/lib/python3.10/site-packages/odometry-0.0.0-py3.10.egg-info
[0.952s] running install_scripts
[0.969s] Installing odometry script to /home/anavale/ros2_ws/install/odometry/lib/odometry
[0.970s] writing list of installed files to '/home/anavale/ros2_ws/build/odometry/install.log'
[0.995s] Invoked command in '/home/anavale/ros2_ws/src/odometry' returned '0': PYTHONPATH=/home/anavale/ros2_ws/build/odometry/prefix_override:/home/anavale/ros2_ws/install/odometry/lib/python3.10/site-packages:${PYTHONPATH} /usr/bin/python3 -W ignore:setup.py install is deprecated setup.py egg_info --egg-base ../../build/odometry build --build-base /home/anavale/ros2_ws/build/odometry/build install --record /home/anavale/ros2_ws/build/odometry/install.log --single-version-externally-managed install_data
