[0.143s] DEBUG:colcon:Command line arguments: ['/usr/bin/colcon', 'build']
[0.143s] DEBUG:colcon:Parsed command line arguments: Namespace(log_base=None, log_level=None, verb_name='build', build_base='build', install_base='install', merge_install=False, symlink_install=False, test_result_base=None, continue_on_error=False, executor='parallel', parallel_workers=16, event_handlers=None, ignore_user_meta=False, metas=['./colcon.meta'], base_paths=['.'], packages_ignore=None, packages_ignore_regex=None, paths=None, packages_up_to=None, packages_up_to_regex=None, packages_above=None, packages_above_and_dependencies=None, packages_above_depth=None, packages_select_by_dep=None, packages_skip_by_dep=None, packages_skip_up_to=None, packages_select_build_failed=False, packages_skip_build_finished=False, packages_select_test_failures=False, packages_skip_test_passed=False, packages_select=None, packages_skip=None, packages_select_regex=None, packages_skip_regex=None, packages_start=None, packages_end=None, allow_overriding=[], cmake_args=None, cmake_target=None, cmake_target_skip_unavailable=False, cmake_clean_cache=False, cmake_clean_first=False, cmake_force_configure=False, ament_cmake_args=None, catkin_cmake_args=None, catkin_skip_building_tests=False, mixin_files=None, mixin=None, verb_parser=<colcon_mixin.mixin.mixin_argument.MixinArgumentDecorator object at 0x74069533a770>, verb_extension=<colcon_core.verb.build.BuildVerb object at 0x74069533a1a0>, main=<bound method BuildVerb.main of <colcon_core.verb.build.BuildVerb object at 0x74069533a1a0>>, mixin_verb=('build',))
[0.415s] Level 1:colcon.colcon_core.package_discovery:discover_packages(colcon_meta) check parameters
[0.415s] Level 1:colcon.colcon_core.package_discovery:discover_packages(recursive) check parameters
[0.415s] Level 1:colcon.colcon_core.package_discovery:discover_packages(ignore) check parameters
[0.415s] Level 1:colcon.colcon_core.package_discovery:discover_packages(path) check parameters
[0.415s] Level 1:colcon.colcon_core.package_discovery:discover_packages(colcon_meta) discover
[0.415s] Level 1:colcon.colcon_core.package_discovery:discover_packages(recursive) discover
[0.415s] INFO:colcon.colcon_core.package_discovery:Crawling recursively for packages in '/home/anavale/ros2_ws'
[0.415s] Level 1:colcon.colcon_core.package_identification:_identify(.) by extensions ['ignore', 'ignore_ament_install']
[0.416s] Level 1:colcon.colcon_core.package_identification:_identify(.) by extension 'ignore'
[0.416s] Level 1:colcon.colcon_core.package_identification:_identify(.) by extension 'ignore_ament_install'
[0.416s] Level 1:colcon.colcon_core.package_identification:_identify(.) by extensions ['colcon_pkg']
[0.416s] Level 1:colcon.colcon_core.package_identification:_identify(.) by extension 'colcon_pkg'
[0.416s] Level 1:colcon.colcon_core.package_identification:_identify(.) by extensions ['colcon_meta']
[0.416s] Level 1:colcon.colcon_core.package_identification:_identify(.) by extension 'colcon_meta'
[0.416s] Level 1:colcon.colcon_core.package_identification:_identify(.) by extensions ['ros']
[0.416s] Level 1:colcon.colcon_core.package_identification:_identify(.) by extension 'ros'
[0.430s] Level 1:colcon.colcon_core.package_identification:_identify(.) by extensions ['cmake', 'python']
[0.431s] Level 1:colcon.colcon_core.package_identification:_identify(.) by extension 'cmake'
[0.431s] Level 1:colcon.colcon_core.package_identification:_identify(.) by extension 'python'
[0.431s] Level 1:colcon.colcon_core.package_identification:_identify(.) by extensions ['python_setup_py']
[0.431s] Level 1:colcon.colcon_core.package_identification:_identify(.) by extension 'python_setup_py'
[0.431s] Level 1:colcon.colcon_core.package_identification:_identify(build) by extensions ['ignore', 'ignore_ament_install']
[0.431s] Level 1:colcon.colcon_core.package_identification:_identify(build) by extension 'ignore'
[0.431s] Level 1:colcon.colcon_core.package_identification:_identify(build) ignored
[0.431s] Level 1:colcon.colcon_core.package_identification:_identify(install) by extensions ['ignore', 'ignore_ament_install']
[0.431s] Level 1:colcon.colcon_core.package_identification:_identify(install) by extension 'ignore'
[0.431s] Level 1:colcon.colcon_core.package_identification:_identify(install) ignored
[0.432s] Level 1:colcon.colcon_core.package_identification:_identify(log) by extensions ['ignore', 'ignore_ament_install']
[0.432s] Level 1:colcon.colcon_core.package_identification:_identify(log) by extension 'ignore'
[0.432s] Level 1:colcon.colcon_core.package_identification:_identify(log) ignored
[0.432s] Level 1:colcon.colcon_core.package_identification:_identify(src) by extensions ['ignore', 'ignore_ament_install']
[0.432s] Level 1:colcon.colcon_core.package_identification:_identify(src) by extension 'ignore'
[0.432s] Level 1:colcon.colcon_core.package_identification:_identify(src) by extension 'ignore_ament_install'
[0.432s] Level 1:colcon.colcon_core.package_identification:_identify(src) by extensions ['colcon_pkg']
[0.432s] Level 1:colcon.colcon_core.package_identification:_identify(src) by extension 'colcon_pkg'
[0.432s] Level 1:colcon.colcon_core.package_identification:_identify(src) by extensions ['colcon_meta']
[0.432s] Level 1:colcon.colcon_core.package_identification:_identify(src) by extension 'colcon_meta'
[0.432s] Level 1:colcon.colcon_core.package_identification:_identify(src) by extensions ['ros']
[0.432s] Level 1:colcon.colcon_core.package_identification:_identify(src) by extension 'ros'
[0.432s] Level 1:colcon.colcon_core.package_identification:_identify(src) by extensions ['cmake', 'python']
[0.432s] Level 1:colcon.colcon_core.package_identification:_identify(src) by extension 'cmake'
[0.432s] Level 1:colcon.colcon_core.package_identification:_identify(src) by extension 'python'
[0.432s] Level 1:colcon.colcon_core.package_identification:_identify(src) by extensions ['python_setup_py']
[0.433s] Level 1:colcon.colcon_core.package_identification:_identify(src) by extension 'python_setup_py'
[0.433s] Level 1:colcon.colcon_core.package_identification:_identify(src/build) by extensions ['ignore', 'ignore_ament_install']
[0.433s] Level 1:colcon.colcon_core.package_identification:_identify(src/build) by extension 'ignore'
[0.433s] Level 1:colcon.colcon_core.package_identification:_identify(src/build) ignored
[0.433s] Level 1:colcon.colcon_core.package_identification:_identify(src/install) by extensions ['ignore', 'ignore_ament_install']
[0.433s] Level 1:colcon.colcon_core.package_identification:_identify(src/install) by extension 'ignore'
[0.433s] Level 1:colcon.colcon_core.package_identification:_identify(src/install) ignored
[0.433s] Level 1:colcon.colcon_core.package_identification:_identify(src/log) by extensions ['ignore', 'ignore_ament_install']
[0.433s] Level 1:colcon.colcon_core.package_identification:_identify(src/log) by extension 'ignore'
[0.433s] Level 1:colcon.colcon_core.package_identification:_identify(src/log) ignored
[0.434s] Level 1:colcon.colcon_core.package_identification:_identify(src/odometry) by extensions ['ignore', 'ignore_ament_install']
[0.434s] Level 1:colcon.colcon_core.package_identification:_identify(src/odometry) by extension 'ignore'
[0.434s] Level 1:colcon.colcon_core.package_identification:_identify(src/odometry) by extension 'ignore_ament_install'
[0.434s] Level 1:colcon.colcon_core.package_identification:_identify(src/odometry) by extensions ['colcon_pkg']
[0.434s] Level 1:colcon.colcon_core.package_identification:_identify(src/odometry) by extension 'colcon_pkg'
[0.434s] Level 1:colcon.colcon_core.package_identification:_identify(src/odometry) by extensions ['colcon_meta']
[0.434s] Level 1:colcon.colcon_core.package_identification:_identify(src/odometry) by extension 'colcon_meta'
[0.434s] Level 1:colcon.colcon_core.package_identification:_identify(src/odometry) by extensions ['ros']
[0.434s] Level 1:colcon.colcon_core.package_identification:_identify(src/odometry) by extension 'ros'
[0.440s] DEBUG:colcon.colcon_core.package_identification:Package 'src/odometry' with type 'ros.ament_python' and name 'odometry'
[0.440s] Level 1:colcon.colcon_core.package_identification:_identify(src/turte) by extensions ['ignore', 'ignore_ament_install']
[0.440s] Level 1:colcon.colcon_core.package_identification:_identify(src/turte) by extension 'ignore'
[0.440s] Level 1:colcon.colcon_core.package_identification:_identify(src/turte) by extension 'ignore_ament_install'
[0.440s] Level 1:colcon.colcon_core.package_identification:_identify(src/turte) by extensions ['colcon_pkg']
[0.440s] Level 1:colcon.colcon_core.package_identification:_identify(src/turte) by extension 'colcon_pkg'
[0.440s] Level 1:colcon.colcon_core.package_identification:_identify(src/turte) by extensions ['colcon_meta']
[0.440s] Level 1:colcon.colcon_core.package_identification:_identify(src/turte) by extension 'colcon_meta'
[0.440s] Level 1:colcon.colcon_core.package_identification:_identify(src/turte) by extensions ['ros']
[0.440s] Level 1:colcon.colcon_core.package_identification:_identify(src/turte) by extension 'ros'
[0.441s] DEBUG:colcon.colcon_core.package_identification:Package 'src/turte' with type 'ros.ament_python' and name 'turte'
[0.441s] Level 1:colcon.colcon_core.package_discovery:discover_packages(recursive) using defaults
[0.441s] Level 1:colcon.colcon_core.package_discovery:discover_packages(ignore) discover
[0.441s] Level 1:colcon.colcon_core.package_discovery:discover_packages(ignore) using defaults
[0.441s] Level 1:colcon.colcon_core.package_discovery:discover_packages(path) discover
[0.441s] Level 1:colcon.colcon_core.package_discovery:discover_packages(path) using defaults
[0.494s] Level 1:colcon.colcon_core.package_discovery:discover_packages(prefix_path) check parameters
[0.494s] Level 1:colcon.colcon_core.package_discovery:discover_packages(prefix_path) discover
[0.497s] DEBUG:colcon.colcon_installed_package_information.package_discovery:Found 3 installed packages in /home/anavale/ros2_utilities_ws/install
[0.499s] DEBUG:colcon.colcon_installed_package_information.package_discovery:Found 270 installed packages in /opt/ros/humble
[0.500s] Level 1:colcon.colcon_core.package_discovery:discover_packages(prefix_path) using defaults
[0.548s] Level 5:colcon.colcon_core.verb:set package 'odometry' build argument 'cmake_args' from command line to 'None'
[0.548s] Level 5:colcon.colcon_core.verb:set package 'odometry' build argument 'cmake_target' from command line to 'None'
[0.548s] Level 5:colcon.colcon_core.verb:set package 'odometry' build argument 'cmake_target_skip_unavailable' from command line to 'False'
[0.548s] Level 5:colcon.colcon_core.verb:set package 'odometry' build argument 'cmake_clean_cache' from command line to 'False'
[0.548s] Level 5:colcon.colcon_core.verb:set package 'odometry' build argument 'cmake_clean_first' from command line to 'False'
[0.548s] Level 5:colcon.colcon_core.verb:set package 'odometry' build argument 'cmake_force_configure' from command line to 'False'
[0.548s] Level 5:colcon.colcon_core.verb:set package 'odometry' build argument 'ament_cmake_args' from command line to 'None'
[0.548s] Level 5:colcon.colcon_core.verb:set package 'odometry' build argument 'catkin_cmake_args' from command line to 'None'
[0.548s] Level 5:colcon.colcon_core.verb:set package 'odometry' build argument 'catkin_skip_building_tests' from command line to 'False'
[0.548s] DEBUG:colcon.colcon_core.verb:Building package 'odometry' with the following arguments: {'ament_cmake_args': None, 'build_base': '/home/anavale/ros2_ws/build/odometry', 'catkin_cmake_args': None, 'catkin_skip_building_tests': False, 'cmake_args': None, 'cmake_clean_cache': False, 'cmake_clean_first': False, 'cmake_force_configure': False, 'cmake_target': None, 'cmake_target_skip_unavailable': False, 'install_base': '/home/anavale/ros2_ws/install/odometry', 'merge_install': False, 'path': '/home/anavale/ros2_ws/src/odometry', 'symlink_install': False, 'test_result_base': None}
[0.549s] Level 5:colcon.colcon_core.verb:set package 'turte' build argument 'cmake_args' from command line to 'None'
[0.549s] Level 5:colcon.colcon_core.verb:set package 'turte' build argument 'cmake_target' from command line to 'None'
[0.549s] Level 5:colcon.colcon_core.verb:set package 'turte' build argument 'cmake_target_skip_unavailable' from command line to 'False'
[0.549s] Level 5:colcon.colcon_core.verb:set package 'turte' build argument 'cmake_clean_cache' from command line to 'False'
[0.549s] Level 5:colcon.colcon_core.verb:set package 'turte' build argument 'cmake_clean_first' from command line to 'False'
[0.549s] Level 5:colcon.colcon_core.verb:set package 'turte' build argument 'cmake_force_configure' from command line to 'False'
[0.549s] Level 5:colcon.colcon_core.verb:set package 'turte' build argument 'ament_cmake_args' from command line to 'None'
[0.549s] Level 5:colcon.colcon_core.verb:set package 'turte' build argument 'catkin_cmake_args' from command line to 'None'
[0.549s] Level 5:colcon.colcon_core.verb:set package 'turte' build argument 'catkin_skip_building_tests' from command line to 'False'
[0.549s] DEBUG:colcon.colcon_core.verb:Building package 'turte' with the following arguments: {'ament_cmake_args': None, 'build_base': '/home/anavale/ros2_ws/build/turte', 'catkin_cmake_args': None, 'catkin_skip_building_tests': False, 'cmake_args': None, 'cmake_clean_cache': False, 'cmake_clean_first': False, 'cmake_force_configure': False, 'cmake_target': None, 'cmake_target_skip_unavailable': False, 'install_base': '/home/anavale/ros2_ws/install/turte', 'merge_install': False, 'path': '/home/anavale/ros2_ws/src/turte', 'symlink_install': False, 'test_result_base': None}
[0.549s] INFO:colcon.colcon_core.executor:Executing jobs using 'parallel' executor
[0.551s] DEBUG:colcon.colcon_parallel_executor.executor.parallel:run_until_complete
[0.551s] INFO:colcon.colcon_ros.task.ament_python.build:Building ROS package in '/home/anavale/ros2_ws/src/odometry' with build type 'ament_python'
[0.551s] Level 1:colcon.colcon_core.shell:create_environment_hook('odometry', 'ament_prefix_path')
[0.554s] INFO:colcon.colcon_core.plugin_system:Skipping extension 'colcon_core.shell.bat': Not used on non-Windows systems
[0.555s] INFO:colcon.colcon_core.shell:Creating environment hook '/home/anavale/ros2_ws/install/odometry/share/odometry/hook/ament_prefix_path.ps1'
[0.607s] INFO:colcon.colcon_core.shell:Creating environment descriptor '/home/anavale/ros2_ws/install/odometry/share/odometry/hook/ament_prefix_path.dsv'
[0.608s] INFO:colcon.colcon_core.shell:Creating environment hook '/home/anavale/ros2_ws/install/odometry/share/odometry/hook/ament_prefix_path.sh'
[0.610s] INFO:colcon.colcon_core.shell:Skip shell extension 'powershell' for command environment: Not usable outside of PowerShell
[0.610s] DEBUG:colcon.colcon_core.shell:Skip shell extension 'dsv' for command environment
[0.616s] INFO:colcon.colcon_ros.task.ament_python.build:Building ROS package in '/home/anavale/ros2_ws/src/turte' with build type 'ament_python'
[0.616s] Level 1:colcon.colcon_core.shell:create_environment_hook('turte', 'ament_prefix_path')
[0.616s] INFO:colcon.colcon_core.shell:Creating environment hook '/home/anavale/ros2_ws/install/turte/share/turte/hook/ament_prefix_path.ps1'
[0.618s] INFO:colcon.colcon_core.shell:Creating environment descriptor '/home/anavale/ros2_ws/install/turte/share/turte/hook/ament_prefix_path.dsv'
[0.619s] INFO:colcon.colcon_core.shell:Creating environment hook '/home/anavale/ros2_ws/install/turte/share/turte/hook/ament_prefix_path.sh'
[0.620s] INFO:colcon.colcon_core.shell:Skip shell extension 'powershell' for command environment: Not usable outside of PowerShell
[0.620s] DEBUG:colcon.colcon_core.shell:Skip shell extension 'dsv' for command environment
[1.003s] INFO:colcon.colcon_core.task.python.build:Building Python package in '/home/anavale/ros2_ws/src/odometry'
[1.004s] INFO:colcon.colcon_core.shell:Skip shell extension 'powershell' for command environment: Not usable outside of PowerShell
[1.004s] DEBUG:colcon.colcon_core.shell:Skip shell extension 'dsv' for command environment
[1.351s] INFO:colcon.colcon_core.task.python.build:Building Python package in '/home/anavale/ros2_ws/src/turte'
[1.352s] INFO:colcon.colcon_core.shell:Skip shell extension 'powershell' for command environment: Not usable outside of PowerShell
[1.352s] DEBUG:colcon.colcon_core.shell:Skip shell extension 'dsv' for command environment
[1.862s] DEBUG:colcon.colcon_core.event_handler.log_command:Invoking command in '/home/anavale/ros2_ws/src/turte': PYTHONPATH=/home/anavale/ros2_ws/build/turte/prefix_override:/home/anavale/ros2_ws/install/turte/lib/python3.10/site-packages:${PYTHONPATH} /usr/bin/python3 -W ignore:setup.py install is deprecated setup.py egg_info --egg-base ../../build/turte build --build-base /home/anavale/ros2_ws/build/turte/build install --record /home/anavale/ros2_ws/build/turte/install.log --single-version-externally-managed install_data
[2.205s] DEBUG:colcon.colcon_core.event_handler.log_command:Invoking command in '/home/anavale/ros2_ws/src/odometry': PYTHONPATH=/home/anavale/ros2_ws/build/odometry/prefix_override:/home/anavale/ros2_ws/install/odometry/lib/python3.10/site-packages:${PYTHONPATH} /usr/bin/python3 -W ignore:setup.py install is deprecated setup.py egg_info --egg-base ../../build/odometry build --build-base /home/anavale/ros2_ws/build/odometry/build install --record /home/anavale/ros2_ws/build/odometry/install.log --single-version-externally-managed install_data
[2.263s] DEBUG:colcon.colcon_core.event_handler.log_command:Invoked command in '/home/anavale/ros2_ws/src/turte' returned '0': PYTHONPATH=/home/anavale/ros2_ws/build/turte/prefix_override:/home/anavale/ros2_ws/install/turte/lib/python3.10/site-packages:${PYTHONPATH} /usr/bin/python3 -W ignore:setup.py install is deprecated setup.py egg_info --egg-base ../../build/turte build --build-base /home/anavale/ros2_ws/build/turte/build install --record /home/anavale/ros2_ws/build/turte/install.log --single-version-externally-managed install_data
[2.268s] Level 1:colcon.colcon_core.environment:checking '/home/anavale/ros2_ws/install/turte' for CMake module files
[2.269s] Level 1:colcon.colcon_core.environment:checking '/home/anavale/ros2_ws/install/turte' for CMake config files
[2.270s] Level 1:colcon.colcon_core.environment:checking '/home/anavale/ros2_ws/install/turte/lib'
[2.271s] Level 1:colcon.colcon_core.environment:checking '/home/anavale/ros2_ws/install/turte/bin'
[2.271s] Level 1:colcon.colcon_core.environment:checking '/home/anavale/ros2_ws/install/turte/lib/pkgconfig/turte.pc'
[2.271s] Level 1:colcon.colcon_core.environment:checking '/home/anavale/ros2_ws/install/turte/lib/python3.10/site-packages'
[2.271s] Level 1:colcon.colcon_core.shell:create_environment_hook('turte', 'pythonpath')
[2.272s] INFO:colcon.colcon_core.shell:Creating environment hook '/home/anavale/ros2_ws/install/turte/share/turte/hook/pythonpath.ps1'
[2.273s] INFO:colcon.colcon_core.shell:Creating environment descriptor '/home/anavale/ros2_ws/install/turte/share/turte/hook/pythonpath.dsv'
[2.273s] INFO:colcon.colcon_core.shell:Creating environment hook '/home/anavale/ros2_ws/install/turte/share/turte/hook/pythonpath.sh'
[2.274s] Level 1:colcon.colcon_core.environment:checking '/home/anavale/ros2_ws/install/turte/bin'
[2.274s] Level 1:colcon.colcon_core.environment:create_environment_scripts_only(turte)
[2.275s] INFO:colcon.colcon_core.shell:Creating package script '/home/anavale/ros2_ws/install/turte/share/turte/package.ps1'
[2.276s] INFO:colcon.colcon_core.shell:Creating package descriptor '/home/anavale/ros2_ws/install/turte/share/turte/package.dsv'
[2.278s] INFO:colcon.colcon_core.shell:Creating package script '/home/anavale/ros2_ws/install/turte/share/turte/package.sh'
[2.279s] INFO:colcon.colcon_core.shell:Creating package script '/home/anavale/ros2_ws/install/turte/share/turte/package.bash'
[2.280s] INFO:colcon.colcon_core.shell:Creating package script '/home/anavale/ros2_ws/install/turte/share/turte/package.zsh'
[2.282s] Level 1:colcon.colcon_core.environment:create_file_with_runtime_dependencies(/home/anavale/ros2_ws/install/turte/share/colcon-core/packages/turte)
[2.731s] Level 1:colcon.colcon_core.environment:checking '/home/anavale/ros2_ws/install/odometry' for CMake module files
[2.732s] DEBUG:colcon.colcon_core.event_handler.log_command:Invoked command in '/home/anavale/ros2_ws/src/odometry' returned '0': PYTHONPATH=/home/anavale/ros2_ws/build/odometry/prefix_override:/home/anavale/ros2_ws/install/odometry/lib/python3.10/site-packages:${PYTHONPATH} /usr/bin/python3 -W ignore:setup.py install is deprecated setup.py egg_info --egg-base ../../build/odometry build --build-base /home/anavale/ros2_ws/build/odometry/build install --record /home/anavale/ros2_ws/build/odometry/install.log --single-version-externally-managed install_data
[2.733s] Level 1:colcon.colcon_core.environment:checking '/home/anavale/ros2_ws/install/odometry' for CMake config files
[2.735s] Level 1:colcon.colcon_core.environment:checking '/home/anavale/ros2_ws/install/odometry/lib'
[2.735s] Level 1:colcon.colcon_core.environment:checking '/home/anavale/ros2_ws/install/odometry/bin'
[2.735s] Level 1:colcon.colcon_core.environment:checking '/home/anavale/ros2_ws/install/odometry/lib/pkgconfig/odometry.pc'
[2.735s] Level 1:colcon.colcon_core.environment:checking '/home/anavale/ros2_ws/install/odometry/lib/python3.10/site-packages'
[2.736s] Level 1:colcon.colcon_core.shell:create_environment_hook('odometry', 'pythonpath')
[2.736s] INFO:colcon.colcon_core.shell:Creating environment hook '/home/anavale/ros2_ws/install/odometry/share/odometry/hook/pythonpath.ps1'
[2.737s] INFO:colcon.colcon_core.shell:Creating environment descriptor '/home/anavale/ros2_ws/install/odometry/share/odometry/hook/pythonpath.dsv'
[2.738s] INFO:colcon.colcon_core.shell:Creating environment hook '/home/anavale/ros2_ws/install/odometry/share/odometry/hook/pythonpath.sh'
[2.739s] Level 1:colcon.colcon_core.environment:checking '/home/anavale/ros2_ws/install/odometry/bin'
[2.739s] Level 1:colcon.colcon_core.environment:create_environment_scripts_only(odometry)
[2.740s] INFO:colcon.colcon_core.shell:Creating package script '/home/anavale/ros2_ws/install/odometry/share/odometry/package.ps1'
[2.741s] INFO:colcon.colcon_core.shell:Creating package descriptor '/home/anavale/ros2_ws/install/odometry/share/odometry/package.dsv'
[2.742s] INFO:colcon.colcon_core.shell:Creating package script '/home/anavale/ros2_ws/install/odometry/share/odometry/package.sh'
[2.743s] INFO:colcon.colcon_core.shell:Creating package script '/home/anavale/ros2_ws/install/odometry/share/odometry/package.bash'
[2.743s] INFO:colcon.colcon_core.shell:Creating package script '/home/anavale/ros2_ws/install/odometry/share/odometry/package.zsh'
[2.744s] Level 1:colcon.colcon_core.environment:create_file_with_runtime_dependencies(/home/anavale/ros2_ws/install/odometry/share/colcon-core/packages/odometry)
[2.744s] DEBUG:colcon.colcon_parallel_executor.executor.parallel:closing loop
[2.745s] DEBUG:colcon.colcon_parallel_executor.executor.parallel:loop closed
[2.745s] DEBUG:colcon.colcon_parallel_executor.executor.parallel:run_until_complete finished with '0'
[2.745s] DEBUG:colcon.colcon_core.event_reactor:joining thread
[2.757s] INFO:colcon.colcon_core.plugin_system:Skipping extension 'colcon_notification.desktop_notification.terminal_notifier': Not used on non-Darwin systems
[2.758s] INFO:colcon.colcon_core.plugin_system:Skipping extension 'colcon_notification.desktop_notification.win32': Not used on non-Windows systems
[2.758s] INFO:colcon.colcon_notification.desktop_notification:Sending desktop notification using 'notify2'
[2.779s] DEBUG:colcon.colcon_core.event_reactor:joined thread
[2.780s] INFO:colcon.colcon_core.shell:Creating prefix script '/home/anavale/ros2_ws/install/local_setup.ps1'
[2.782s] INFO:colcon.colcon_core.shell:Creating prefix util module '/home/anavale/ros2_ws/install/_local_setup_util_ps1.py'
[2.785s] INFO:colcon.colcon_core.shell:Creating prefix chain script '/home/anavale/ros2_ws/install/setup.ps1'
[2.787s] INFO:colcon.colcon_core.shell:Creating prefix script '/home/anavale/ros2_ws/install/local_setup.sh'
[2.788s] INFO:colcon.colcon_core.shell:Creating prefix util module '/home/anavale/ros2_ws/install/_local_setup_util_sh.py'
[2.789s] INFO:colcon.colcon_core.shell:Creating prefix chain script '/home/anavale/ros2_ws/install/setup.sh'
[2.792s] INFO:colcon.colcon_core.shell:Creating prefix script '/home/anavale/ros2_ws/install/local_setup.bash'
[2.793s] INFO:colcon.colcon_core.shell:Creating prefix chain script '/home/anavale/ros2_ws/install/setup.bash'
[2.795s] INFO:colcon.colcon_core.shell:Creating prefix script '/home/anavale/ros2_ws/install/local_setup.zsh'
[2.796s] INFO:colcon.colcon_core.shell:Creating prefix chain script '/home/anavale/ros2_ws/install/setup.zsh'
