[1.653s] Invoking command in '/home/anavale/ros2_ws/src/odometry': PYTHONPATH=/home/anavale/ros2_ws/build/odometry/prefix_override:/home/anavale/ros2_ws/install/odometry/lib/python3.10/site-packages:${PYTHONPATH} /usr/bin/python3 -W ignore:setup.py install is deprecated setup.py egg_info --egg-base ../../build/odometry build --build-base /home/anavale/ros2_ws/build/odometry/build install --record /home/anavale/ros2_ws/build/odometry/install.log --single-version-externally-managed install_data
[1.976s] running egg_info
[1.977s] writing ../../build/odometry/odometry.egg-info/PKG-INFO
[1.983s] writing dependency_links to ../../build/odometry/odometry.egg-info/dependency_links.txt
[1.983s] writing entry points to ../../build/odometry/odometry.egg-info/entry_points.txt
[1.983s] writing requirements to ../../build/odometry/odometry.egg-info/requires.txt
[1.984s] writing top-level names to ../../build/odometry/odometry.egg-info/top_level.txt
[1.986s] reading manifest file '../../build/odometry/odometry.egg-info/SOURCES.txt'
[2.029s] adding license file 'LICENSE'
[2.030s] writing manifest file '../../build/odometry/odometry.egg-info/SOURCES.txt'
[2.030s] running build
[2.030s] running build_py
[2.049s] copying odometry/odometry.py -> /home/anavale/ros2_ws/build/odometry/build/lib/odometry
[2.050s] running install
[2.051s] running install_lib
[2.053s] copying /home/anavale/ros2_ws/build/odometry/build/lib/odometry/odometry.py -> /home/anavale/ros2_ws/install/odometry/lib/python3.10/site-packages/odometry
[2.054s] byte-compiling /home/anavale/ros2_ws/install/odometry/lib/python3.10/site-packages/odometry/odometry.py to odometry.cpython-310.pyc
[2.055s] running install_data
[2.066s] running install_egg_info
[2.069s] removing '/home/anavale/ros2_ws/install/odometry/lib/python3.10/site-packages/odometry-0.0.0-py3.10.egg-info' (and everything under it)
[2.070s] Copying ../../build/odometry/odometry.egg-info to /home/anavale/ros2_ws/install/odometry/lib/python3.10/site-packages/odometry-0.0.0-py3.10.egg-info
[2.084s] running install_scripts
[2.114s] Installing odometry script to /home/anavale/ros2_ws/install/odometry/lib/odometry
[2.115s] writing list of installed files to '/home/anavale/ros2_ws/build/odometry/install.log'
[2.180s] Invoked command in '/home/anavale/ros2_ws/src/odometry' returned '0': PYTHONPATH=/home/anavale/ros2_ws/build/odometry/prefix_override:/home/anavale/ros2_ws/install/odometry/lib/python3.10/site-packages:${PYTHONPATH} /usr/bin/python3 -W ignore:setup.py install is deprecated setup.py egg_info --egg-base ../../build/odometry build --build-base /home/anavale/ros2_ws/build/odometry/build install --record /home/anavale/ros2_ws/build/odometry/install.log --single-version-externally-managed install_data
